This file contains any messages produced by compilers while
running configure, to aid debugging if configure makes a mistake.

It was created by gtk+ configure 3.0.0, which was
generated by GNU Autoconf 2.68.  Invocation command line was

  $ ./configure --prefix=/workspace_disk2/xsq_workspace/c_test/GTK_GITHUB/GTK-/libgtk/ --host=arm-linux-gnueabihf

## --------- ##
## Platform. ##
## --------- ##

hostname = OptiPlex-3070
uname -m = x86_64
uname -r = 5.4.0-47-generic
uname -s = Linux
uname -v = #51~18.04.1-Ubuntu SMP Sat Sep 5 14:35:50 UTC 2020

/usr/bin/uname -p = unknown
/bin/uname -X     = unknown

/bin/arch              = unknown
/usr/bin/arch -k       = unknown
/usr/convex/getsysinfo = unknown
/usr/bin/hostinfo      = unknown
/bin/machine           = unknown
/usr/bin/oslevel       = unknown
/bin/universe          = unknown

PATH: /opt/jdk1.6.0_31/bin
PATH: /opt/gcc-linaro-5.5.0/bin
PATH: /opt/hisi-linux/x86-arm/arm-himix200-linux/bin
PATH: /usr/local/sbin
PATH: /usr/local/bin
PATH: /usr/sbin
PATH: /usr/bin
PATH: /sbin
PATH: /bin
PATH: /usr/games
PATH: /usr/local/games
PATH: /snap/bin


## ----------- ##
## Core tests. ##
## ----------- ##

configure:2787: checking for a BSD-compatible install
configure:2855: result: /usr/bin/install -c
configure:2866: checking whether build environment is sane
configure:2916: result: yes
configure:2965: checking for arm-linux-gnueabihf-strip
configure:2981: found /opt/gcc-linaro-5.5.0/bin/arm-linux-gnueabihf-strip
configure:2992: result: arm-linux-gnueabihf-strip
configure:3057: checking for a thread-safe mkdir -p
configure:3096: result: /bin/mkdir -p
configure:3109: checking for gawk
configure:3125: found /usr/bin/gawk
configure:3136: result: gawk
configure:3147: checking whether make sets $(MAKE)
configure:3169: result: yes
configure:3241: checking whether to disable maintainer-specific portions of Makefiles
configure:3250: result: yes
configure:3342: checking for arm-linux-gnueabihf-gcc
configure:3358: found /opt/gcc-linaro-5.5.0/bin/arm-linux-gnueabihf-gcc
configure:3369: result: arm-linux-gnueabihf-gcc
configure:3638: checking for C compiler version
configure:3647: arm-linux-gnueabihf-gcc --version >&5
arm-linux-gnueabihf-gcc (Linaro GCC 5.5-2017.10) 5.5.0
Copyright (C) 2015 Free Software Foundation, Inc.
This is free software; see the source for copying conditions.  There is NO
warranty; not even for MERCHANTABILITY or FITNESS FOR A PARTICULAR PURPOSE.

configure:3658: $? = 0
configure:3647: arm-linux-gnueabihf-gcc -v >&5
Using built-in specs.
COLLECT_GCC=arm-linux-gnueabihf-gcc
COLLECT_LTO_WRAPPER=/opt/gcc-linaro-5.5.0/bin/../libexec/gcc/arm-linux-gnueabihf/5.5.0/lto-wrapper
Target: arm-linux-gnueabihf
Configured with: '/home/tcwg-buildslave/workspace/tcwg-make-release/builder_arch/amd64/label/tcwg-x86_64-build/target/arm-linux-gnueabihf/snapshots/gcc.git~linaro-5.5-2017.10/configure' SHELL=/bin/bash --with-mpc=/home/tcwg-buildslave/workspace/tcwg-make-release/builder_arch/amd64/label/tcwg-x86_64-build/target/arm-linux-gnueabihf/_build/builds/destdir/x86_64-unknown-linux-gnu --with-mpfr=/home/tcwg-buildslave/workspace/tcwg-make-release/builder_arch/amd64/label/tcwg-x86_64-build/target/arm-linux-gnueabihf/_build/builds/destdir/x86_64-unknown-linux-gnu --with-gmp=/home/tcwg-buildslave/workspace/tcwg-make-release/builder_arch/amd64/label/tcwg-x86_64-build/target/arm-linux-gnueabihf/_build/builds/destdir/x86_64-unknown-linux-gnu --with-gnu-as --with-gnu-ld --disable-libmudflap --enable-lto --enable-shared --without-included-gettext --enable-nls --disable-sjlj-exceptions --enable-gnu-unique-object --enable-linker-build-id --disable-libstdcxx-pch --enable-c99 --enable-clocale=gnu --enable-libstdcxx-debug --enable-long-long --with-cloog=no --with-ppl=no --with-isl=no --disable-multilib --with-float=hard --with-fpu=vfpv3-d16 --with-mode=thumb --with-tune=cortex-a9 --with-arch=armv7-a --enable-threads=posix --enable-multiarch --enable-libstdcxx-time=yes --with-build-sysroot=/home/tcwg-buildslave/workspace/tcwg-make-release/builder_arch/amd64/label/tcwg-x86_64-build/target/arm-linux-gnueabihf/_build/sysroots/arm-linux-gnueabihf --with-sysroot=/home/tcwg-buildslave/workspace/tcwg-make-release/builder_arch/amd64/label/tcwg-x86_64-build/target/arm-linux-gnueabihf/_build/builds/destdir/x86_64-unknown-linux-gnu/arm-linux-gnueabihf/libc --enable-checking=release --disable-bootstrap --enable-languages=c,c++,fortran,lto --build=x86_64-unknown-linux-gnu --host=x86_64-unknown-linux-gnu --target=arm-linux-gnueabihf --prefix=/home/tcwg-buildslave/workspace/tcwg-make-release/builder_arch/amd64/label/tcwg-x86_64-build/target/arm-linux-gnueabihf/_build/builds/destdir/x86_64-unknown-linux-gnu
Thread model: posix
gcc version 5.5.0 (Linaro GCC 5.5-2017.10) 
configure:3658: $? = 0
configure:3647: arm-linux-gnueabihf-gcc -V >&5
arm-linux-gnueabihf-gcc: error: unrecognized command line option '-V'
arm-linux-gnueabihf-gcc: fatal error: no input files
compilation terminated.
configure:3658: $? = 1
configure:3647: arm-linux-gnueabihf-gcc -qversion >&5
arm-linux-gnueabihf-gcc: error: unrecognized command line option '-qversion'
arm-linux-gnueabihf-gcc: fatal error: no input files
compilation terminated.
configure:3658: $? = 1
configure:3678: checking whether the C compiler works
configure:3700: arm-linux-gnueabihf-gcc    conftest.c  >&5
configure:3704: $? = 0
configure:3752: result: yes
configure:3755: checking for C compiler default output file name
configure:3757: result: a.out
configure:3763: checking for suffix of executables
configure:3770: arm-linux-gnueabihf-gcc -o conftest    conftest.c  >&5
configure:3774: $? = 0
configure:3796: result: 
configure:3818: checking whether we are cross compiling
configure:3826: arm-linux-gnueabihf-gcc -o conftest    conftest.c  >&5
configure:3830: $? = 0
configure:3837: ./conftest
./configure: line 3839: ./conftest: cannot execute binary file: Exec format error
configure:3841: $? = 126
configure:3856: result: yes
configure:3861: checking for suffix of object files
configure:3883: arm-linux-gnueabihf-gcc -c   conftest.c >&5
configure:3887: $? = 0
configure:3908: result: o
configure:3912: checking whether we are using the GNU C compiler
configure:3931: arm-linux-gnueabihf-gcc -c   conftest.c >&5
configure:3931: $? = 0
configure:3940: result: yes
configure:3949: checking whether arm-linux-gnueabihf-gcc accepts -g
configure:3969: arm-linux-gnueabihf-gcc -c -g  conftest.c >&5
configure:3969: $? = 0
configure:4010: result: yes
configure:4027: checking for arm-linux-gnueabihf-gcc option to accept ISO C89
configure:4091: arm-linux-gnueabihf-gcc  -c -g -O2  conftest.c >&5
configure:4091: $? = 0
configure:4104: result: none needed
configure:4135: checking for style of include used by make
configure:4163: result: GNU
configure:4188: checking dependency style of arm-linux-gnueabihf-gcc
configure:4298: result: gcc3
configure:4314: checking whether arm-linux-gnueabihf-gcc and cc understand -c and -o together
configure:4345: arm-linux-gnueabihf-gcc -c conftest.c -o conftest2.o >&5
configure:4349: $? = 0
configure:4355: arm-linux-gnueabihf-gcc -c conftest.c -o conftest2.o >&5
configure:4359: $? = 0
configure:4370: cc -c conftest.c >&5
configure:4374: $? = 0
configure:4382: cc -c conftest.c -o conftest2.o >&5
configure:4386: $? = 0
configure:4392: cc -c conftest.c -o conftest2.o >&5
configure:4396: $? = 0
configure:4414: result: yes
configure:4428: checking for arm-linux-gnueabihf-gcc option to accept ISO C99
configure:4577: arm-linux-gnueabihf-gcc  -c -g -O2  conftest.c >&5
configure:4577: $? = 0
configure:4590: result: none needed
configure:4699: checking for arm-linux-gnueabihf-gcc option to accept ISO Standard C
configure:4710: result: none needed
configure:4718: checking whether make sets $(MAKE)
configure:4740: result: yes
configure:4763: checking build system type
configure:4777: result: x86_64-unknown-linux-gnu
configure:4797: checking host system type
configure:4810: result: arm-unknown-linux-gnueabihf
configure:4832: checking for native Win32
configure:4852: result: no
configure:4869: checking for arm-linux-gnueabihf-c++
configure:4885: found /opt/gcc-linaro-5.5.0/bin/arm-linux-gnueabihf-c++
configure:4896: result: arm-linux-gnueabihf-c++
configure:5083: checking for C++ compiler version
configure:5092: arm-linux-gnueabihf-c++ --version >&5
arm-linux-gnueabihf-c++ (Linaro GCC 5.5-2017.10) 5.5.0
Copyright (C) 2015 Free Software Foundation, Inc.
This is free software; see the source for copying conditions.  There is NO
warranty; not even for MERCHANTABILITY or FITNESS FOR A PARTICULAR PURPOSE.

configure:5103: $? = 0
configure:5092: arm-linux-gnueabihf-c++ -v >&5
Using built-in specs.
COLLECT_GCC=arm-linux-gnueabihf-c++
COLLECT_LTO_WRAPPER=/opt/gcc-linaro-5.5.0/bin/../libexec/gcc/arm-linux-gnueabihf/5.5.0/lto-wrapper
Target: arm-linux-gnueabihf
Configured with: '/home/tcwg-buildslave/workspace/tcwg-make-release/builder_arch/amd64/label/tcwg-x86_64-build/target/arm-linux-gnueabihf/snapshots/gcc.git~linaro-5.5-2017.10/configure' SHELL=/bin/bash --with-mpc=/home/tcwg-buildslave/workspace/tcwg-make-release/builder_arch/amd64/label/tcwg-x86_64-build/target/arm-linux-gnueabihf/_build/builds/destdir/x86_64-unknown-linux-gnu --with-mpfr=/home/tcwg-buildslave/workspace/tcwg-make-release/builder_arch/amd64/label/tcwg-x86_64-build/target/arm-linux-gnueabihf/_build/builds/destdir/x86_64-unknown-linux-gnu --with-gmp=/home/tcwg-buildslave/workspace/tcwg-make-release/builder_arch/amd64/label/tcwg-x86_64-build/target/arm-linux-gnueabihf/_build/builds/destdir/x86_64-unknown-linux-gnu --with-gnu-as --with-gnu-ld --disable-libmudflap --enable-lto --enable-shared --without-included-gettext --enable-nls --disable-sjlj-exceptions --enable-gnu-unique-object --enable-linker-build-id --disable-libstdcxx-pch --enable-c99 --enable-clocale=gnu --enable-libstdcxx-debug --enable-long-long --with-cloog=no --with-ppl=no --with-isl=no --disable-multilib --with-float=hard --with-fpu=vfpv3-d16 --with-mode=thumb --with-tune=cortex-a9 --with-arch=armv7-a --enable-threads=posix --enable-multiarch --enable-libstdcxx-time=yes --with-build-sysroot=/home/tcwg-buildslave/workspace/tcwg-make-release/builder_arch/amd64/label/tcwg-x86_64-build/target/arm-linux-gnueabihf/_build/sysroots/arm-linux-gnueabihf --with-sysroot=/home/tcwg-buildslave/workspace/tcwg-make-release/builder_arch/amd64/label/tcwg-x86_64-build/target/arm-linux-gnueabihf/_build/builds/destdir/x86_64-unknown-linux-gnu/arm-linux-gnueabihf/libc --enable-checking=release --disable-bootstrap --enable-languages=c,c++,fortran,lto --build=x86_64-unknown-linux-gnu --host=x86_64-unknown-linux-gnu --target=arm-linux-gnueabihf --prefix=/home/tcwg-buildslave/workspace/tcwg-make-release/builder_arch/amd64/label/tcwg-x86_64-build/target/arm-linux-gnueabihf/_build/builds/destdir/x86_64-unknown-linux-gnu
Thread model: posix
gcc version 5.5.0 (Linaro GCC 5.5-2017.10) 
configure:5103: $? = 0
configure:5092: arm-linux-gnueabihf-c++ -V >&5
arm-linux-gnueabihf-c++: error: unrecognized command line option '-V'
arm-linux-gnueabihf-c++: fatal error: no input files
compilation terminated.
configure:5103: $? = 1
configure:5092: arm-linux-gnueabihf-c++ -qversion >&5
arm-linux-gnueabihf-c++: error: unrecognized command line option '-qversion'
arm-linux-gnueabihf-c++: fatal error: no input files
compilation terminated.
configure:5103: $? = 1
configure:5107: checking whether we are using the GNU C++ compiler
configure:5126: arm-linux-gnueabihf-c++ -c   conftest.cpp >&5
configure:5126: $? = 0
configure:5135: result: yes
configure:5144: checking whether arm-linux-gnueabihf-c++ accepts -g
configure:5164: arm-linux-gnueabihf-c++ -c -g  conftest.cpp >&5
configure:5164: $? = 0
configure:5205: result: yes
configure:5230: checking dependency style of arm-linux-gnueabihf-c++
configure:5340: result: gcc3
configure:5367: arm-linux-gnueabihf-c++ -c -g -O2  conftest.cpp >&5
configure:5367: $? = 0
configure:5395: arm-linux-gnueabihf-c++ -c -g -O2 -x objective-c++  conftest.cpp >&5
arm-linux-gnueabihf-c++: error: language objective-c++ not recognized
arm-linux-gnueabihf-c++: error: language objective-c++ not recognized
configure:5395: $? = 1
configure: failed program was:
| /* confdefs.h */
| #define PACKAGE_NAME "gtk+"
| #define PACKAGE_TARNAME "gtk+"
| #define PACKAGE_VERSION "3.0.0"
| #define PACKAGE_STRING "gtk+ 3.0.0"
| #define PACKAGE_BUGREPORT "http://bugzilla.gnome.org/enter_bug.cgi?product=gtk%2B"
| #define PACKAGE_URL ""
| #define GETTEXT_PACKAGE "gtk30"
| /* end confdefs.h.  */
| @interface Foo @end
| int
| main ()
| {
| 
|   ;
|   return 0;
| }
configure:5477: checking how to print strings
configure:5504: result: printf
configure:5525: checking for a sed that does not truncate output
configure:5589: result: /bin/sed
configure:5607: checking for grep that handles long lines and -e
configure:5665: result: /bin/grep
configure:5670: checking for egrep
configure:5732: result: /bin/grep -E
configure:5737: checking for fgrep
configure:5799: result: /bin/grep -F
configure:5834: checking for ld used by arm-linux-gnueabihf-gcc
configure:5901: result: /opt/gcc-linaro-5.5.0/arm-linux-gnueabihf/bin/ld
configure:5908: checking if the linker (/opt/gcc-linaro-5.5.0/arm-linux-gnueabihf/bin/ld) is GNU ld
configure:5923: result: yes
configure:5935: checking for BSD- or MS-compatible name lister (nm)
configure:5984: result: /opt/gcc-linaro-5.5.0/bin/arm-linux-gnueabihf-nm -B
configure:6114: checking the name lister (/opt/gcc-linaro-5.5.0/bin/arm-linux-gnueabihf-nm -B) interface
configure:6121: arm-linux-gnueabihf-gcc -c -g -O2  conftest.c >&5
configure:6124: /opt/gcc-linaro-5.5.0/bin/arm-linux-gnueabihf-nm -B "conftest.o"
configure:6127: output
00000000 B some_variable
configure:6134: result: BSD nm
configure:6137: checking whether ln -s works
configure:6141: result: yes
configure:6149: checking the maximum length of command line arguments
configure:6274: result: 1572864
configure:6291: checking whether the shell understands some XSI constructs
configure:6301: result: yes
configure:6305: checking whether the shell understands "+="
configure:6311: result: yes
configure:6346: checking how to convert x86_64-unknown-linux-gnu file names to arm-unknown-linux-gnueabihf format
configure:6386: result: func_convert_file_noop
configure:6393: checking how to convert x86_64-unknown-linux-gnu file names to toolchain format
configure:6413: result: func_convert_file_noop
configure:6420: checking for /opt/gcc-linaro-5.5.0/arm-linux-gnueabihf/bin/ld option to reload object files
configure:6427: result: -r
configure:6461: checking for arm-linux-gnueabihf-objdump
configure:6477: found /opt/gcc-linaro-5.5.0/bin/arm-linux-gnueabihf-objdump
configure:6488: result: arm-linux-gnueabihf-objdump
configure:6557: checking how to recognize dependent libraries
configure:6759: result: pass_all
configure:6804: checking for arm-linux-gnueabihf-dlltool
configure:6834: result: no
configure:6844: checking for dlltool
configure:6874: result: no
configure:6901: checking how to associate runtime and link libraries
configure:6928: result: printf %s\n
configure:6945: checking for arm-linux-gnueabihf-ar
configure:6961: found /opt/gcc-linaro-5.5.0/bin/arm-linux-gnueabihf-ar
configure:6972: result: arm-linux-gnueabihf-ar
configure:7053: checking for archiver @FILE support
configure:7070: arm-linux-gnueabihf-gcc -c -g -O2  conftest.c >&5
configure:7070: $? = 0
configure:7073: arm-linux-gnueabihf-ar cru libconftest.a @conftest.lst >&5
configure:7076: $? = 0
configure:7081: arm-linux-gnueabihf-ar cru libconftest.a @conftest.lst >&5
arm-linux-gnueabihf-ar: conftest.o: No such file or directory
configure:7084: $? = 1
configure:7096: result: @
configure:7114: checking for arm-linux-gnueabihf-strip
configure:7141: result: arm-linux-gnueabihf-strip
configure:7213: checking for arm-linux-gnueabihf-ranlib
configure:7229: found /opt/gcc-linaro-5.5.0/bin/arm-linux-gnueabihf-ranlib
configure:7240: result: arm-linux-gnueabihf-ranlib
configure:7382: checking command to parse /opt/gcc-linaro-5.5.0/bin/arm-linux-gnueabihf-nm -B output from arm-linux-gnueabihf-gcc object
configure:7501: arm-linux-gnueabihf-gcc -c -g -O2  conftest.c >&5
configure:7504: $? = 0
configure:7508: /opt/gcc-linaro-5.5.0/bin/arm-linux-gnueabihf-nm -B conftest.o \| sed -n -e 's/^.*[ ]\([ABCDGIRSTW][ABCDGIRSTW]*\)[ ][ ]*\([_A-Za-z][_A-Za-z0-9]*\)$/\1 \2 \2/p' | sed '/ __gnu_lto/d' \> conftest.nm
configure:7511: $? = 0
configure:7577: arm-linux-gnueabihf-gcc -o conftest -g -O2   conftest.c conftstm.o >&5
configure:7580: $? = 0
configure:7618: result: ok
configure:7655: checking for sysroot
configure:7685: result: no
configure:7888: checking for arm-linux-gnueabihf-mt
configure:7918: result: no
configure:7928: checking for mt
configure:7944: found /bin/mt
configure:7955: result: mt
configure:7967: WARNING: using cross tools not prefixed with host triplet
configure:7978: checking if mt is a manifest tool
configure:7984: mt '-?'
configure:7992: result: no
configure:8624: checking how to run the C preprocessor
configure:8655: arm-linux-gnueabihf-gcc -E  conftest.c
configure:8655: $? = 0
configure:8669: arm-linux-gnueabihf-gcc -E  conftest.c
conftest.c:10:28: fatal error: ac_nonexistent.h: No such file or directory
compilation terminated.
configure:8669: $? = 1
configure: failed program was:
| /* confdefs.h */
| #define PACKAGE_NAME "gtk+"
| #define PACKAGE_TARNAME "gtk+"
| #define PACKAGE_VERSION "3.0.0"
| #define PACKAGE_STRING "gtk+ 3.0.0"
| #define PACKAGE_BUGREPORT "http://bugzilla.gnome.org/enter_bug.cgi?product=gtk%2B"
| #define PACKAGE_URL ""
| #define GETTEXT_PACKAGE "gtk30"
| /* end confdefs.h.  */
| #include <ac_nonexistent.h>
configure:8694: result: arm-linux-gnueabihf-gcc -E
configure:8714: arm-linux-gnueabihf-gcc -E  conftest.c
configure:8714: $? = 0
configure:8728: arm-linux-gnueabihf-gcc -E  conftest.c
conftest.c:10:28: fatal error: ac_nonexistent.h: No such file or directory
compilation terminated.
configure:8728: $? = 1
configure: failed program was:
| /* confdefs.h */
| #define PACKAGE_NAME "gtk+"
| #define PACKAGE_TARNAME "gtk+"
| #define PACKAGE_VERSION "3.0.0"
| #define PACKAGE_STRING "gtk+ 3.0.0"
| #define PACKAGE_BUGREPORT "http://bugzilla.gnome.org/enter_bug.cgi?product=gtk%2B"
| #define PACKAGE_URL ""
| #define GETTEXT_PACKAGE "gtk30"
| /* end confdefs.h.  */
| #include <ac_nonexistent.h>
configure:8757: checking for ANSI C header files
configure:8777: arm-linux-gnueabihf-gcc -c -g -O2  conftest.c >&5
configure:8777: $? = 0
configure:8861: result: yes
configure:8874: checking for sys/types.h
configure:8874: arm-linux-gnueabihf-gcc -c -g -O2  conftest.c >&5
configure:8874: $? = 0
configure:8874: result: yes
configure:8874: checking for sys/stat.h
configure:8874: arm-linux-gnueabihf-gcc -c -g -O2  conftest.c >&5
configure:8874: $? = 0
configure:8874: result: yes
configure:8874: checking for stdlib.h
configure:8874: arm-linux-gnueabihf-gcc -c -g -O2  conftest.c >&5
configure:8874: $? = 0
configure:8874: result: yes
configure:8874: checking for string.h
configure:8874: arm-linux-gnueabihf-gcc -c -g -O2  conftest.c >&5
configure:8874: $? = 0
configure:8874: result: yes
configure:8874: checking for memory.h
configure:8874: arm-linux-gnueabihf-gcc -c -g -O2  conftest.c >&5
configure:8874: $? = 0
configure:8874: result: yes
configure:8874: checking for strings.h
configure:8874: arm-linux-gnueabihf-gcc -c -g -O2  conftest.c >&5
configure:8874: $? = 0
configure:8874: result: yes
configure:8874: checking for inttypes.h
configure:8874: arm-linux-gnueabihf-gcc -c -g -O2  conftest.c >&5
configure:8874: $? = 0
configure:8874: result: yes
configure:8874: checking for stdint.h
configure:8874: arm-linux-gnueabihf-gcc -c -g -O2  conftest.c >&5
configure:8874: $? = 0
configure:8874: result: yes
configure:8874: checking for unistd.h
configure:8874: arm-linux-gnueabihf-gcc -c -g -O2  conftest.c >&5
configure:8874: $? = 0
configure:8874: result: yes
configure:8888: checking for dlfcn.h
configure:8888: arm-linux-gnueabihf-gcc -c -g -O2  conftest.c >&5
configure:8888: $? = 0
configure:8888: result: yes
configure:9382: checking for objdir
configure:9397: result: .libs
configure:9668: checking if arm-linux-gnueabihf-gcc supports -fno-rtti -fno-exceptions
configure:9686: arm-linux-gnueabihf-gcc -c -g -O2  -fno-rtti -fno-exceptions conftest.c >&5
cc1: warning: command line option '-fno-rtti' is valid for C++/ObjC++ but not for C
configure:9690: $? = 0
configure:9703: result: no
configure:10013: checking for arm-linux-gnueabihf-gcc option to produce PIC
configure:10020: result: -fPIC -DPIC
configure:10028: checking if arm-linux-gnueabihf-gcc PIC flag -fPIC -DPIC works
configure:10046: arm-linux-gnueabihf-gcc -c -g -O2  -fPIC -DPIC -DPIC conftest.c >&5
configure:10050: $? = 0
configure:10063: result: yes
configure:10092: checking if arm-linux-gnueabihf-gcc static flag -static works
configure:10120: result: yes
configure:10135: checking if arm-linux-gnueabihf-gcc supports -c -o file.o
configure:10156: arm-linux-gnueabihf-gcc -c -g -O2  -o out/conftest2.o conftest.c >&5
configure:10160: $? = 0
configure:10182: result: yes
configure:10190: checking if arm-linux-gnueabihf-gcc supports -c -o file.o
configure:10237: result: yes
configure:10270: checking whether the arm-linux-gnueabihf-gcc linker (/opt/gcc-linaro-5.5.0/arm-linux-gnueabihf/bin/ld) supports shared libraries
configure:11428: result: yes
configure:11465: checking whether -lc should be explicitly linked in
configure:11473: arm-linux-gnueabihf-gcc -c -g -O2  conftest.c >&5
configure:11476: $? = 0
configure:11491: arm-linux-gnueabihf-gcc -shared  -fPIC -DPIC conftest.o  -v -Wl,-soname -Wl,conftest -o conftest 2\>\&1 \| /bin/grep  -lc  \>/dev/null 2\>\&1
configure:11494: $? = 0
configure:11508: result: no
configure:11673: checking dynamic linker characteristics
configure:12187: arm-linux-gnueabihf-gcc -o conftest -g -O2   -Wl,-rpath -Wl,/foo conftest.c  >&5
configure:12187: $? = 0
configure:12413: result: GNU/Linux ld.so
configure:12520: checking how to hardcode library paths into programs
configure:12545: result: immediate
configure:13085: checking whether stripping libraries is possible
configure:13090: result: yes
configure:13125: checking if libtool supports shared libraries
configure:13127: result: yes
configure:13130: checking whether to build shared libraries
configure:13151: result: yes
configure:13154: checking whether to build static libraries
configure:13158: result: no
configure:13181: checking how to run the C++ preprocessor
configure:13208: arm-linux-gnueabihf-c++ -E  conftest.cpp
configure:13208: $? = 0
configure:13222: arm-linux-gnueabihf-c++ -E  conftest.cpp
conftest.cpp:22:28: fatal error: ac_nonexistent.h: No such file or directory
compilation terminated.
configure:13222: $? = 1
configure: failed program was:
| /* confdefs.h */
| #define PACKAGE_NAME "gtk+"
| #define PACKAGE_TARNAME "gtk+"
| #define PACKAGE_VERSION "3.0.0"
| #define PACKAGE_STRING "gtk+ 3.0.0"
| #define PACKAGE_BUGREPORT "http://bugzilla.gnome.org/enter_bug.cgi?product=gtk%2B"
| #define PACKAGE_URL ""
| #define GETTEXT_PACKAGE "gtk30"
| #define STDC_HEADERS 1
| #define HAVE_SYS_TYPES_H 1
| #define HAVE_SYS_STAT_H 1
| #define HAVE_STDLIB_H 1
| #define HAVE_STRING_H 1
| #define HAVE_MEMORY_H 1
| #define HAVE_STRINGS_H 1
| #define HAVE_INTTYPES_H 1
| #define HAVE_STDINT_H 1
| #define HAVE_UNISTD_H 1
| #define HAVE_DLFCN_H 1
| #define LT_OBJDIR ".libs/"
| /* end confdefs.h.  */
| #include <ac_nonexistent.h>
configure:13247: result: arm-linux-gnueabihf-c++ -E
configure:13267: arm-linux-gnueabihf-c++ -E  conftest.cpp
configure:13267: $? = 0
configure:13281: arm-linux-gnueabihf-c++ -E  conftest.cpp
conftest.cpp:22:28: fatal error: ac_nonexistent.h: No such file or directory
compilation terminated.
configure:13281: $? = 1
configure: failed program was:
| /* confdefs.h */
| #define PACKAGE_NAME "gtk+"
| #define PACKAGE_TARNAME "gtk+"
| #define PACKAGE_VERSION "3.0.0"
| #define PACKAGE_STRING "gtk+ 3.0.0"
| #define PACKAGE_BUGREPORT "http://bugzilla.gnome.org/enter_bug.cgi?product=gtk%2B"
| #define PACKAGE_URL ""
| #define GETTEXT_PACKAGE "gtk30"
| #define STDC_HEADERS 1
| #define HAVE_SYS_TYPES_H 1
| #define HAVE_SYS_STAT_H 1
| #define HAVE_STDLIB_H 1
| #define HAVE_STRING_H 1
| #define HAVE_MEMORY_H 1
| #define HAVE_STRINGS_H 1
| #define HAVE_INTTYPES_H 1
| #define HAVE_STDINT_H 1
| #define HAVE_UNISTD_H 1
| #define HAVE_DLFCN_H 1
| #define LT_OBJDIR ".libs/"
| /* end confdefs.h.  */
| #include <ac_nonexistent.h>
configure:13451: checking for ld used by arm-linux-gnueabihf-c++
configure:13518: result: /opt/gcc-linaro-5.5.0/arm-linux-gnueabihf/bin/ld
configure:13525: checking if the linker (/opt/gcc-linaro-5.5.0/arm-linux-gnueabihf/bin/ld) is GNU ld
configure:13540: result: yes
configure:13595: checking whether the arm-linux-gnueabihf-c++ linker (/opt/gcc-linaro-5.5.0/arm-linux-gnueabihf/bin/ld) supports shared libraries
configure:14599: result: yes
configure:14634: arm-linux-gnueabihf-c++ -c -g -O2  conftest.cpp >&5
configure:14637: $? = 0
configure:15157: checking for arm-linux-gnueabihf-c++ option to produce PIC
configure:15164: result: -fPIC -DPIC
configure:15172: checking if arm-linux-gnueabihf-c++ PIC flag -fPIC -DPIC works
configure:15190: arm-linux-gnueabihf-c++ -c -g -O2  -fPIC -DPIC -DPIC conftest.cpp >&5
configure:15194: $? = 0
configure:15207: result: yes
configure:15230: checking if arm-linux-gnueabihf-c++ static flag -static works
configure:15258: result: yes
configure:15270: checking if arm-linux-gnueabihf-c++ supports -c -o file.o
configure:15291: arm-linux-gnueabihf-c++ -c -g -O2  -o out/conftest2.o conftest.cpp >&5
configure:15295: $? = 0
configure:15317: result: yes
configure:15322: checking if arm-linux-gnueabihf-c++ supports -c -o file.o
configure:15369: result: yes
configure:15399: checking whether the arm-linux-gnueabihf-c++ linker (/opt/gcc-linaro-5.5.0/arm-linux-gnueabihf/bin/ld) supports shared libraries
configure:15433: result: yes
configure:15576: checking dynamic linker characteristics
configure:16250: result: GNU/Linux ld.so
configure:16303: checking how to hardcode library paths into programs
configure:16328: result: immediate
configure:16389: creating ./config.lt

## ------------------ ##
## Running config.lt. ##
## ------------------ ##
config.lt:695: creating libtool
configure:18054: checking for special C compiler options needed for large files
configure:18099: result: no
configure:18105: checking for _FILE_OFFSET_BITS value needed for large files
configure:18130: arm-linux-gnueabihf-gcc -c -g -O2  conftest.c >&5
conftest.c:27:33: warning: left shift count >= width of type [-Wshift-count-overflow]
 #define LARGE_OFF_T (((off_t) 1 << 62) - 1 + ((off_t) 1 << 62))
                                 ^
conftest.c:28:23: note: in expansion of macro 'LARGE_OFF_T'
   int off_t_is_large[(LARGE_OFF_T % 2147483629 == 721
                       ^
conftest.c:27:57: warning: left shift count >= width of type [-Wshift-count-overflow]
 #define LARGE_OFF_T (((off_t) 1 << 62) - 1 + ((off_t) 1 << 62))
                                                         ^
conftest.c:28:23: note: in expansion of macro 'LARGE_OFF_T'
   int off_t_is_large[(LARGE_OFF_T % 2147483629 == 721
                       ^
conftest.c:27:33: warning: left shift count >= width of type [-Wshift-count-overflow]
 #define LARGE_OFF_T (((off_t) 1 << 62) - 1 + ((off_t) 1 << 62))
                                 ^
conftest.c:29:13: note: in expansion of macro 'LARGE_OFF_T'
          && LARGE_OFF_T % 2147483647 == 1)
             ^
conftest.c:27:57: warning: left shift count >= width of type [-Wshift-count-overflow]
 #define LARGE_OFF_T (((off_t) 1 << 62) - 1 + ((off_t) 1 << 62))
                                                         ^
conftest.c:29:13: note: in expansion of macro 'LARGE_OFF_T'
          && LARGE_OFF_T % 2147483647 == 1)
             ^
conftest.c:28:7: error: variably modified 'off_t_is_large' at file scope
   int off_t_is_large[(LARGE_OFF_T % 2147483629 == 721
       ^
configure:18130: $? = 1
configure: failed program was:
| /* confdefs.h */
| #define PACKAGE_NAME "gtk+"
| #define PACKAGE_TARNAME "gtk+"
| #define PACKAGE_VERSION "3.0.0"
| #define PACKAGE_STRING "gtk+ 3.0.0"
| #define PACKAGE_BUGREPORT "http://bugzilla.gnome.org/enter_bug.cgi?product=gtk%2B"
| #define PACKAGE_URL ""
| #define GETTEXT_PACKAGE "gtk30"
| #define STDC_HEADERS 1
| #define HAVE_SYS_TYPES_H 1
| #define HAVE_SYS_STAT_H 1
| #define HAVE_STDLIB_H 1
| #define HAVE_STRING_H 1
| #define HAVE_MEMORY_H 1
| #define HAVE_STRINGS_H 1
| #define HAVE_INTTYPES_H 1
| #define HAVE_STDINT_H 1
| #define HAVE_UNISTD_H 1
| #define HAVE_DLFCN_H 1
| #define LT_OBJDIR ".libs/"
| /* end confdefs.h.  */
| #include <sys/types.h>
|  /* Check that off_t can represent 2**63 - 1 correctly.
|     We can't simply define LARGE_OFF_T to be 9223372036854775807,
|     since some C++ compilers masquerading as C compilers
|     incorrectly reject 9223372036854775807.  */
| #define LARGE_OFF_T (((off_t) 1 << 62) - 1 + ((off_t) 1 << 62))
|   int off_t_is_large[(LARGE_OFF_T % 2147483629 == 721
| 		       && LARGE_OFF_T % 2147483647 == 1)
| 		      ? 1 : -1];
| int
| main ()
| {
| 
|   ;
|   return 0;
| }
configure:18154: arm-linux-gnueabihf-gcc -c -g -O2  conftest.c >&5
configure:18154: $? = 0
configure:18162: result: 64
configure:18255: checking dependency style of arm-linux-gnueabihf-gcc
configure:18363: result: gcc3
configure:18380: checking for nm
configure:18411: result: /opt/gcc-linaro-5.5.0/bin/arm-linux-gnueabihf-nm -B
configure:18420: checking for some Win32 platform
configure:18430: result: no
configure:18822: checking whether build environment is sane
configure:18872: result: yes
configure:18951: checking for arm-linux-gnueabihf-pkg-config
configure:18984: result: no
configure:18994: checking for pkg-config
configure:19012: found /usr/bin/pkg-config
configure:19024: result: /usr/bin/pkg-config
configure:19049: checking pkg-config is at least version 0.9.0
configure:19052: result: yes
configure:19062: checking for BASE_DEPENDENCIES
configure:19069: $PKG_CONFIG --exists --print-errors "glib-2.0 >= 2.28.0    atk >= 1.30    pango >= 1.20    cairo >= 1.10.0    cairo-gobject >= 1.10.0    gdk-pixbuf-2.0 >= 2.22.0"
configure:19072: $? = 0
configure:19085: $PKG_CONFIG --exists --print-errors "glib-2.0 >= 2.28.0    atk >= 1.30    pango >= 1.20    cairo >= 1.10.0    cairo-gobject >= 1.10.0    gdk-pixbuf-2.0 >= 2.22.0"
configure:19088: $? = 0
configure:19147: result: yes
configure:19154: checking for CAIRO_BACKEND
configure:19161: $PKG_CONFIG --exists --print-errors "$cairo_backends"
configure:19164: $? = 0
configure:19177: $PKG_CONFIG --exists --print-errors "$cairo_backends"
configure:19180: $? = 0
configure:19239: result: yes
configure:19263: checking Whether to write dependencies into .pc files
configure:19280: result: no
configure:19299: checking for perl5
configure:19332: result: no
configure:19299: checking for perl
configure:19317: found /usr/bin/perl
configure:19329: result: /usr/bin/perl
configure:19344: checking for indent
configure:19374: result: no
configure:19391: checking for lstat
configure:19391: arm-linux-gnueabihf-gcc -o conftest -g -O2 -Wall  -DG_DISABLE_SINGLE_INCLUDES -DATK_DISABLE_SINGLE_INCLUDES  conftest.c  >&5
configure:19391: $? = 0
configure:19391: result: yes
configure:19391: checking for mkstemp
configure:19391: arm-linux-gnueabihf-gcc -o conftest -g -O2 -Wall  -DG_DISABLE_SINGLE_INCLUDES -DATK_DISABLE_SINGLE_INCLUDES  conftest.c  >&5
configure:19391: $? = 0
configure:19391: result: yes
configure:19391: checking for flockfile
configure:19391: arm-linux-gnueabihf-gcc -o conftest -g -O2 -Wall  -DG_DISABLE_SINGLE_INCLUDES -DATK_DISABLE_SINGLE_INCLUDES  conftest.c  >&5
configure:19391: $? = 0
configure:19391: result: yes
configure:19391: checking for getc_unlocked
configure:19391: arm-linux-gnueabihf-gcc -o conftest -g -O2 -Wall  -DG_DISABLE_SINGLE_INCLUDES -DATK_DISABLE_SINGLE_INCLUDES  conftest.c  >&5
configure:19391: $? = 0
configure:19391: result: yes
configure:19402: checking for localtime_r
configure:19402: arm-linux-gnueabihf-gcc -o conftest -g -O2 -Wall  -DG_DISABLE_SINGLE_INCLUDES -DATK_DISABLE_SINGLE_INCLUDES  conftest.c  >&5
configure:19402: $? = 0
configure:19402: result: yes
configure:19413: checking for _NL_TIME_FIRST_WEEKDAY
configure:19429: arm-linux-gnueabihf-gcc -o conftest -g -O2 -Wall  -DG_DISABLE_SINGLE_INCLUDES -DATK_DISABLE_SINGLE_INCLUDES  conftest.c  >&5
conftest.c: In function 'main':
conftest.c:34:6: warning: variable 'c' set but not used [-Wunused-but-set-variable]
 char c;
      ^
configure:19429: $? = 0
configure:19436: result: yes
configure:19445: checking for _NL_MEASUREMENT_MEASUREMENT
configure:19461: arm-linux-gnueabihf-gcc -o conftest -g -O2 -Wall  -DG_DISABLE_SINGLE_INCLUDES -DATK_DISABLE_SINGLE_INCLUDES  conftest.c  >&5
conftest.c: In function 'main':
conftest.c:35:6: warning: variable 'c' set but not used [-Wunused-but-set-variable]
 char c;
      ^
configure:19461: $? = 0
configure:19468: result: yes
configure:19477: checking for _NL_PAPER_HEIGHT
configure:19493: arm-linux-gnueabihf-gcc -o conftest -g -O2 -Wall  -DG_DISABLE_SINGLE_INCLUDES -DATK_DISABLE_SINGLE_INCLUDES  conftest.c  >&5
conftest.c: In function 'main':
conftest.c:36:6: warning: variable 'c' set but not used [-Wunused-but-set-variable]
 char c;
      ^
configure:19493: $? = 0
configure:19500: result: yes
configure:19509: checking for _NL_PAPER_WIDTH
configure:19525: arm-linux-gnueabihf-gcc -o conftest -g -O2 -Wall  -DG_DISABLE_SINGLE_INCLUDES -DATK_DISABLE_SINGLE_INCLUDES  conftest.c  >&5
conftest.c: In function 'main':
conftest.c:37:6: warning: variable 'c' set but not used [-Wunused-but-set-variable]
 char c;
      ^
configure:19525: $? = 0
configure:19532: result: yes
configure:19545: checking locale.h usability
configure:19545: arm-linux-gnueabihf-gcc -c -g -O2 -Wall  -DG_DISABLE_SINGLE_INCLUDES -DATK_DISABLE_SINGLE_INCLUDES conftest.c >&5
configure:19545: $? = 0
configure:19545: result: yes
configure:19545: checking locale.h presence
configure:19545: arm-linux-gnueabihf-gcc -E  -DG_DISABLE_SINGLE_INCLUDES -DATK_DISABLE_SINGLE_INCLUDES conftest.c
configure:19545: $? = 0
configure:19545: result: yes
configure:19545: checking for locale.h
configure:19545: result: yes
configure:19556: checking for LC_MESSAGES
configure:19572: arm-linux-gnueabihf-gcc -o conftest -g -O2 -Wall  -DG_DISABLE_SINGLE_INCLUDES -DATK_DISABLE_SINGLE_INCLUDES  conftest.c  >&5
configure:19572: $? = 0
configure:19580: result: yes
configure:19597: checking libintl.h usability
configure:19597: arm-linux-gnueabihf-gcc -c -g -O2 -Wall  -DG_DISABLE_SINGLE_INCLUDES -DATK_DISABLE_SINGLE_INCLUDES conftest.c >&5
configure:19597: $? = 0
configure:19597: result: yes
configure:19597: checking libintl.h presence
configure:19597: arm-linux-gnueabihf-gcc -E  -DG_DISABLE_SINGLE_INCLUDES -DATK_DISABLE_SINGLE_INCLUDES conftest.c
configure:19597: $? = 0
configure:19597: result: yes
configure:19597: checking for libintl.h
configure:19597: result: yes
configure:19605: checking for ngettext in libc
configure:19623: arm-linux-gnueabihf-gcc -o conftest -g -O2 -Wall  -DG_DISABLE_SINGLE_INCLUDES -DATK_DISABLE_SINGLE_INCLUDES  conftest.c  >&5
configure:19623: $? = 0
configure:19632: result: yes
configure:19636: checking for dgettext in libc
configure:19654: arm-linux-gnueabihf-gcc -o conftest -g -O2 -Wall  -DG_DISABLE_SINGLE_INCLUDES -DATK_DISABLE_SINGLE_INCLUDES  conftest.c  >&5
configure:19654: $? = 0
configure:19663: result: yes
configure:19670: checking for bind_textdomain_codeset
configure:19670: arm-linux-gnueabihf-gcc -o conftest -g -O2 -Wall  -DG_DISABLE_SINGLE_INCLUDES -DATK_DISABLE_SINGLE_INCLUDES  conftest.c  >&5
configure:19670: $? = 0
configure:19670: result: yes
configure:19946: checking for msgfmt
configure:19973: result: /usr/bin/msgfmt
configure:19984: checking for dcgettext
configure:19984: arm-linux-gnueabihf-gcc -o conftest -g -O2 -Wall  -DG_DISABLE_SINGLE_INCLUDES -DATK_DISABLE_SINGLE_INCLUDES  conftest.c   >&5
conftest.c:60:6: warning: conflicting types for built-in function 'dcgettext'
 char dcgettext ();
      ^
configure:19984: $? = 0
configure:19984: result: yes
configure:19994: checking if msgfmt accepts -c
configure:20009: $MSGFMT -c -o /dev/null conftest.foo
conftest.foo:3: warning: header field 'Language' missing in header
configure:20012: $? = 0
configure:20014: result: yes
configure:20024: checking for gmsgfmt
configure:20055: result: /usr/bin/msgfmt
configure:20065: checking for xgettext
configure:20092: result: /usr/bin/xgettext
configure:20111: arm-linux-gnueabihf-gcc -o conftest -g -O2 -Wall  -DG_DISABLE_SINGLE_INCLUDES -DATK_DISABLE_SINGLE_INCLUDES  conftest.c   >&5
configure:20111: $? = 0
configure:20189: checking for catalogs to be installed
configure:20214: result:  af am ang ar as ast az az_IR be be@latin bg bn bn_IN br bs ca ca@valencia crh cs cy da de dz el en en_CA en_GB eo es et eu fa fi fr ga gl gu he hi hr hu hy ia id io is it ja ka kg kk kn ko ku lg li lt lv mai mi mk ml mn mr ms my nb nds ne nl nn nso oc or pa pl ps pt pt_BR ro ru rw si sk sl sq sr sr@latin sr@ije sv ta te th tk tr tt ug uk ur uz uz@cyrillic vi wa xh yi zh_CN zh_HK zh_TW
configure:20285: checking for extra flags to get ANSI library prototypes
configure:20291: result: none needed
configure:20336: checking for the BeOS
configure:20345: result: no
configure:20354: checking for HP-UX
configure:20363: result: no
configure:20414: checking for arm-linux-gnueabihf-pkg-config
configure:20444: result: /usr/bin/pkg-config
configure:20512: checking pkg-config is at least version 0.16
configure:20515: result: yes
configure:20532: checking for GLIB - version >= 2.28.0
configure:20660: result: yes (version 2.56.4)
configure:20743: checking for bind_textdomain_codeset
configure:20743: result: yes
configure:20756: checking pwd.h usability
configure:20756: arm-linux-gnueabihf-gcc -c -DGDK_PIXBUF_DISABLE_DEPRECATED -g -O2 -Wall  -DG_DISABLE_SINGLE_INCLUDES -DATK_DISABLE_SINGLE_INCLUDES conftest.c >&5
configure:20756: $? = 0
configure:20756: result: yes
configure:20756: checking pwd.h presence
configure:20756: arm-linux-gnueabihf-gcc -E  -DG_DISABLE_SINGLE_INCLUDES -DATK_DISABLE_SINGLE_INCLUDES conftest.c
configure:20756: $? = 0
configure:20756: result: yes
configure:20756: checking for pwd.h
configure:20756: result: yes
configure:20770: checking sys/time.h usability
configure:20770: arm-linux-gnueabihf-gcc -c -DGDK_PIXBUF_DISABLE_DEPRECATED -g -O2 -Wall  -DG_DISABLE_SINGLE_INCLUDES -DATK_DISABLE_SINGLE_INCLUDES conftest.c >&5
configure:20770: $? = 0
configure:20770: result: yes
configure:20770: checking sys/time.h presence
configure:20770: arm-linux-gnueabihf-gcc -E  -DG_DISABLE_SINGLE_INCLUDES -DATK_DISABLE_SINGLE_INCLUDES conftest.c
configure:20770: $? = 0
configure:20770: result: yes
configure:20770: checking for sys/time.h
configure:20770: result: yes
configure:20784: checking for unistd.h
configure:20784: result: yes
configure:20798: checking ftw.h usability
configure:20798: arm-linux-gnueabihf-gcc -c -DGDK_PIXBUF_DISABLE_DEPRECATED -g -O2 -Wall  -DG_DISABLE_SINGLE_INCLUDES -DATK_DISABLE_SINGLE_INCLUDES conftest.c >&5
configure:20798: $? = 0
configure:20798: result: yes
configure:20798: checking ftw.h presence
configure:20798: arm-linux-gnueabihf-gcc -E  -DG_DISABLE_SINGLE_INCLUDES -DATK_DISABLE_SINGLE_INCLUDES conftest.c
configure:20798: $? = 0
configure:20798: result: yes
configure:20798: checking for ftw.h
configure:20798: result: yes
configure:20811: checking for GNU ftw extensions
configure:20826: arm-linux-gnueabihf-gcc -c -DGDK_PIXBUF_DISABLE_DEPRECATED -g -O2 -Wall  -DG_DISABLE_SINGLE_INCLUDES -DATK_DISABLE_SINGLE_INCLUDES conftest.c >&5
conftest.c: In function 'main':
conftest.c:55:5: warning: unused variable 'flags' [-Wunused-variable]
 int flags = FTW_ACTIONRETVAL;
     ^
configure:20826: $? = 0
configure:20833: result: yes
configure:20854: checking for stdlib.h
configure:20854: result: yes
configure:20854: checking for unistd.h
configure:20854: result: yes
configure:20854: checking for sys/param.h
configure:20854: arm-linux-gnueabihf-gcc -c -DGDK_PIXBUF_DISABLE_DEPRECATED -g -O2 -Wall  -DG_DISABLE_SINGLE_INCLUDES -DATK_DISABLE_SINGLE_INCLUDES conftest.c >&5
configure:20854: $? = 0
configure:20854: result: yes
configure:20874: checking for getpagesize
configure:20874: arm-linux-gnueabihf-gcc -o conftest -DGDK_PIXBUF_DISABLE_DEPRECATED -g -O2 -Wall  -DG_DISABLE_SINGLE_INCLUDES -DATK_DISABLE_SINGLE_INCLUDES  conftest.c   >&5
configure:20874: $? = 0
configure:20874: result: yes
configure:20883: checking for working mmap
configure:21040: result: no
configure:21052: checking for mallinfo
configure:21052: arm-linux-gnueabihf-gcc -o conftest -DGDK_PIXBUF_DISABLE_DEPRECATED -g -O2 -Wall  -DG_DISABLE_SINGLE_INCLUDES -DATK_DISABLE_SINGLE_INCLUDES  conftest.c   >&5
configure:21052: $? = 0
configure:21052: result: yes
configure:21063: checking for getresuid
configure:21063: arm-linux-gnueabihf-gcc -o conftest -DGDK_PIXBUF_DISABLE_DEPRECATED -g -O2 -Wall  -DG_DISABLE_SINGLE_INCLUDES -DATK_DISABLE_SINGLE_INCLUDES  conftest.c   >&5
configure:21063: $? = 0
configure:21063: result: yes
configure:21072: checking for uid_t in sys/types.h
configure:21091: result: yes
configure:21104: checking for fd_set
configure:21117: arm-linux-gnueabihf-gcc -c -DGDK_PIXBUF_DISABLE_DEPRECATED -g -O2 -Wall  -DG_DISABLE_SINGLE_INCLUDES -DATK_DISABLE_SINGLE_INCLUDES conftest.c >&5
conftest.c: In function 'main':
conftest.c:60:18: warning: unused variable 'writeMask' [-Wunused-variable]
 fd_set readMask, writeMask;
                  ^
conftest.c:60:8: warning: unused variable 'readMask' [-Wunused-variable]
 fd_set readMask, writeMask;
        ^
configure:21117: $? = 0
configure:21124: result: yes, found in sys/types.h
configure:21154: checking for uxtheme.h
configure:21160: arm-linux-gnueabihf-gcc -E  -DG_DISABLE_SINGLE_INCLUDES -DATK_DISABLE_SINGLE_INCLUDES conftest.c
conftest.c:56:21: fatal error: uxtheme.h: No such file or directory
compilation terminated.
configure:21160: $? = 1
configure: failed program was:
| /* confdefs.h */
| #define PACKAGE_NAME "gtk+"
| #define PACKAGE_TARNAME "gtk+"
| #define PACKAGE_VERSION "3.0.0"
| #define PACKAGE_STRING "gtk+ 3.0.0"
| #define PACKAGE_BUGREPORT "http://bugzilla.gnome.org/enter_bug.cgi?product=gtk%2B"
| #define PACKAGE_URL ""
| #define GETTEXT_PACKAGE "gtk30"
| #define STDC_HEADERS 1
| #define HAVE_SYS_TYPES_H 1
| #define HAVE_SYS_STAT_H 1
| #define HAVE_STDLIB_H 1
| #define HAVE_STRING_H 1
| #define HAVE_MEMORY_H 1
| #define HAVE_STRINGS_H 1
| #define HAVE_INTTYPES_H 1
| #define HAVE_STDINT_H 1
| #define HAVE_UNISTD_H 1
| #define HAVE_DLFCN_H 1
| #define LT_OBJDIR ".libs/"
| #define _FILE_OFFSET_BITS 64
| #define GTK_COMPILED_WITH_DEBUGGING "minimum"
| #define HAVE_LSTAT 1
| #define HAVE_MKSTEMP 1
| #define HAVE_FLOCKFILE 1
| #define HAVE_GETC_UNLOCKED 1
| #define HAVE_LOCALTIME_R 1
| #define HAVE__NL_TIME_FIRST_WEEKDAY 1
| #define HAVE__NL_MEASUREMENT_MEASUREMENT 1
| #define HAVE__NL_PAPER_HEIGHT 1
| #define HAVE__NL_PAPER_WIDTH 1
| #define HAVE_LOCALE_H 1
| #define HAVE_LC_MESSAGES 1
| #define HAVE_BIND_TEXTDOMAIN_CODESET 1
| #define HAVE_GETTEXT 1
| #define HAVE_DCGETTEXT 1
| #define ENABLE_NLS 1
| #define GTK_LOCALEDIR "/workspace_disk2/xsq_workspace/c_test/GTK_GITHUB/GTK-/libgtk/share/locale"
| #define HAVE_BIND_TEXTDOMAIN_CODESET 1
| #define HAVE_PWD_H 1
| #define HAVE_PWD_H 1
| #define HAVE_SYS_TIME_H 1
| #define HAVE_SYS_TIME_H 1
| #define HAVE_UNISTD_H 1
| #define HAVE_UNISTD_H 1
| #define HAVE_FTW_H 1
| #define HAVE_FTW_H 1
| #define HAVE_GNU_FTW 1
| #define HAVE_STDLIB_H 1
| #define HAVE_UNISTD_H 1
| #define HAVE_SYS_PARAM_H 1
| #define HAVE_GETPAGESIZE 1
| #define HAVE_MALLINFO 1
| #define HAVE_GETRESUID 1
| /* end confdefs.h.  */
| #include <uxtheme.h>
configure:21171: result: no
configure:21177: checking crt_externs.h usability
configure:21177: arm-linux-gnueabihf-gcc -c -DGDK_PIXBUF_DISABLE_DEPRECATED -g -O2 -Wall  -DG_DISABLE_SINGLE_INCLUDES -DATK_DISABLE_SINGLE_INCLUDES conftest.c >&5
conftest.c:89:25: fatal error: crt_externs.h: No such file or directory
compilation terminated.
configure:21177: $? = 1
configure: failed program was:
| /* confdefs.h */
| #define PACKAGE_NAME "gtk+"
| #define PACKAGE_TARNAME "gtk+"
| #define PACKAGE_VERSION "3.0.0"
| #define PACKAGE_STRING "gtk+ 3.0.0"
| #define PACKAGE_BUGREPORT "http://bugzilla.gnome.org/enter_bug.cgi?product=gtk%2B"
| #define PACKAGE_URL ""
| #define GETTEXT_PACKAGE "gtk30"
| #define STDC_HEADERS 1
| #define HAVE_SYS_TYPES_H 1
| #define HAVE_SYS_STAT_H 1
| #define HAVE_STDLIB_H 1
| #define HAVE_STRING_H 1
| #define HAVE_MEMORY_H 1
| #define HAVE_STRINGS_H 1
| #define HAVE_INTTYPES_H 1
| #define HAVE_STDINT_H 1
| #define HAVE_UNISTD_H 1
| #define HAVE_DLFCN_H 1
| #define LT_OBJDIR ".libs/"
| #define _FILE_OFFSET_BITS 64
| #define GTK_COMPILED_WITH_DEBUGGING "minimum"
| #define HAVE_LSTAT 1
| #define HAVE_MKSTEMP 1
| #define HAVE_FLOCKFILE 1
| #define HAVE_GETC_UNLOCKED 1
| #define HAVE_LOCALTIME_R 1
| #define HAVE__NL_TIME_FIRST_WEEKDAY 1
| #define HAVE__NL_MEASUREMENT_MEASUREMENT 1
| #define HAVE__NL_PAPER_HEIGHT 1
| #define HAVE__NL_PAPER_WIDTH 1
| #define HAVE_LOCALE_H 1
| #define HAVE_LC_MESSAGES 1
| #define HAVE_BIND_TEXTDOMAIN_CODESET 1
| #define HAVE_GETTEXT 1
| #define HAVE_DCGETTEXT 1
| #define ENABLE_NLS 1
| #define GTK_LOCALEDIR "/workspace_disk2/xsq_workspace/c_test/GTK_GITHUB/GTK-/libgtk/share/locale"
| #define HAVE_BIND_TEXTDOMAIN_CODESET 1
| #define HAVE_PWD_H 1
| #define HAVE_PWD_H 1
| #define HAVE_SYS_TIME_H 1
| #define HAVE_SYS_TIME_H 1
| #define HAVE_UNISTD_H 1
| #define HAVE_UNISTD_H 1
| #define HAVE_FTW_H 1
| #define HAVE_FTW_H 1
| #define HAVE_GNU_FTW 1
| #define HAVE_STDLIB_H 1
| #define HAVE_UNISTD_H 1
| #define HAVE_SYS_PARAM_H 1
| #define HAVE_GETPAGESIZE 1
| #define HAVE_MALLINFO 1
| #define HAVE_GETRESUID 1
| /* end confdefs.h.  */
| #include <stdio.h>
| #ifdef HAVE_SYS_TYPES_H
| # include <sys/types.h>
| #endif
| #ifdef HAVE_SYS_STAT_H
| # include <sys/stat.h>
| #endif
| #ifdef STDC_HEADERS
| # include <stdlib.h>
| # include <stddef.h>
| #else
| # ifdef HAVE_STDLIB_H
| #  include <stdlib.h>
| # endif
| #endif
| #ifdef HAVE_STRING_H
| # if !defined STDC_HEADERS && defined HAVE_MEMORY_H
| #  include <memory.h>
| # endif
| # include <string.h>
| #endif
| #ifdef HAVE_STRINGS_H
| # include <strings.h>
| #endif
| #ifdef HAVE_INTTYPES_H
| # include <inttypes.h>
| #endif
| #ifdef HAVE_STDINT_H
| # include <stdint.h>
| #endif
| #ifdef HAVE_UNISTD_H
| # include <unistd.h>
| #endif
| #include <crt_externs.h>
configure:21177: result: no
configure:21177: checking crt_externs.h presence
configure:21177: arm-linux-gnueabihf-gcc -E  -DG_DISABLE_SINGLE_INCLUDES -DATK_DISABLE_SINGLE_INCLUDES conftest.c
conftest.c:56:25: fatal error: crt_externs.h: No such file or directory
compilation terminated.
configure:21177: $? = 1
configure: failed program was:
| /* confdefs.h */
| #define PACKAGE_NAME "gtk+"
| #define PACKAGE_TARNAME "gtk+"
| #define PACKAGE_VERSION "3.0.0"
| #define PACKAGE_STRING "gtk+ 3.0.0"
| #define PACKAGE_BUGREPORT "http://bugzilla.gnome.org/enter_bug.cgi?product=gtk%2B"
| #define PACKAGE_URL ""
| #define GETTEXT_PACKAGE "gtk30"
| #define STDC_HEADERS 1
| #define HAVE_SYS_TYPES_H 1
| #define HAVE_SYS_STAT_H 1
| #define HAVE_STDLIB_H 1
| #define HAVE_STRING_H 1
| #define HAVE_MEMORY_H 1
| #define HAVE_STRINGS_H 1
| #define HAVE_INTTYPES_H 1
| #define HAVE_STDINT_H 1
| #define HAVE_UNISTD_H 1
| #define HAVE_DLFCN_H 1
| #define LT_OBJDIR ".libs/"
| #define _FILE_OFFSET_BITS 64
| #define GTK_COMPILED_WITH_DEBUGGING "minimum"
| #define HAVE_LSTAT 1
| #define HAVE_MKSTEMP 1
| #define HAVE_FLOCKFILE 1
| #define HAVE_GETC_UNLOCKED 1
| #define HAVE_LOCALTIME_R 1
| #define HAVE__NL_TIME_FIRST_WEEKDAY 1
| #define HAVE__NL_MEASUREMENT_MEASUREMENT 1
| #define HAVE__NL_PAPER_HEIGHT 1
| #define HAVE__NL_PAPER_WIDTH 1
| #define HAVE_LOCALE_H 1
| #define HAVE_LC_MESSAGES 1
| #define HAVE_BIND_TEXTDOMAIN_CODESET 1
| #define HAVE_GETTEXT 1
| #define HAVE_DCGETTEXT 1
| #define ENABLE_NLS 1
| #define GTK_LOCALEDIR "/workspace_disk2/xsq_workspace/c_test/GTK_GITHUB/GTK-/libgtk/share/locale"
| #define HAVE_BIND_TEXTDOMAIN_CODESET 1
| #define HAVE_PWD_H 1
| #define HAVE_PWD_H 1
| #define HAVE_SYS_TIME_H 1
| #define HAVE_SYS_TIME_H 1
| #define HAVE_UNISTD_H 1
| #define HAVE_UNISTD_H 1
| #define HAVE_FTW_H 1
| #define HAVE_FTW_H 1
| #define HAVE_GNU_FTW 1
| #define HAVE_STDLIB_H 1
| #define HAVE_UNISTD_H 1
| #define HAVE_SYS_PARAM_H 1
| #define HAVE_GETPAGESIZE 1
| #define HAVE_MALLINFO 1
| #define HAVE_GETRESUID 1
| /* end confdefs.h.  */
| #include <crt_externs.h>
configure:21177: result: no
configure:21177: checking for crt_externs.h
configure:21177: result: no
configure:21189: checking for _NSGetEnviron
configure:21189: arm-linux-gnueabihf-gcc -o conftest -DGDK_PIXBUF_DISABLE_DEPRECATED -g -O2 -Wall  -DG_DISABLE_SINGLE_INCLUDES -DATK_DISABLE_SINGLE_INCLUDES  conftest.c   >&5
/tmp/ccClr57b.o: In function `main':
/home/xsq/xsq_workspace/xsq_workspace/c_test/GTK_GITHUB/GTK-/gtk+-3.0.0/conftest.c:90: undefined reference to `_NSGetEnviron'
collect2: error: ld returned 1 exit status
configure:21189: $? = 1
configure: failed program was:
| /* confdefs.h */
| #define PACKAGE_NAME "gtk+"
| #define PACKAGE_TARNAME "gtk+"
| #define PACKAGE_VERSION "3.0.0"
| #define PACKAGE_STRING "gtk+ 3.0.0"
| #define PACKAGE_BUGREPORT "http://bugzilla.gnome.org/enter_bug.cgi?product=gtk%2B"
| #define PACKAGE_URL ""
| #define GETTEXT_PACKAGE "gtk30"
| #define STDC_HEADERS 1
| #define HAVE_SYS_TYPES_H 1
| #define HAVE_SYS_STAT_H 1
| #define HAVE_STDLIB_H 1
| #define HAVE_STRING_H 1
| #define HAVE_MEMORY_H 1
| #define HAVE_STRINGS_H 1
| #define HAVE_INTTYPES_H 1
| #define HAVE_STDINT_H 1
| #define HAVE_UNISTD_H 1
| #define HAVE_DLFCN_H 1
| #define LT_OBJDIR ".libs/"
| #define _FILE_OFFSET_BITS 64
| #define GTK_COMPILED_WITH_DEBUGGING "minimum"
| #define HAVE_LSTAT 1
| #define HAVE_MKSTEMP 1
| #define HAVE_FLOCKFILE 1
| #define HAVE_GETC_UNLOCKED 1
| #define HAVE_LOCALTIME_R 1
| #define HAVE__NL_TIME_FIRST_WEEKDAY 1
| #define HAVE__NL_MEASUREMENT_MEASUREMENT 1
| #define HAVE__NL_PAPER_HEIGHT 1
| #define HAVE__NL_PAPER_WIDTH 1
| #define HAVE_LOCALE_H 1
| #define HAVE_LC_MESSAGES 1
| #define HAVE_BIND_TEXTDOMAIN_CODESET 1
| #define HAVE_GETTEXT 1
| #define HAVE_DCGETTEXT 1
| #define ENABLE_NLS 1
| #define GTK_LOCALEDIR "/workspace_disk2/xsq_workspace/c_test/GTK_GITHUB/GTK-/libgtk/share/locale"
| #define HAVE_BIND_TEXTDOMAIN_CODESET 1
| #define HAVE_PWD_H 1
| #define HAVE_PWD_H 1
| #define HAVE_SYS_TIME_H 1
| #define HAVE_SYS_TIME_H 1
| #define HAVE_UNISTD_H 1
| #define HAVE_UNISTD_H 1
| #define HAVE_FTW_H 1
| #define HAVE_FTW_H 1
| #define HAVE_GNU_FTW 1
| #define HAVE_STDLIB_H 1
| #define HAVE_UNISTD_H 1
| #define HAVE_SYS_PARAM_H 1
| #define HAVE_GETPAGESIZE 1
| #define HAVE_MALLINFO 1
| #define HAVE_GETRESUID 1
| /* end confdefs.h.  */
| /* Define _NSGetEnviron to an innocuous variant, in case <limits.h> declares _NSGetEnviron.
|    For example, HP-UX 11i <limits.h> declares gettimeofday.  */
| #define _NSGetEnviron innocuous__NSGetEnviron
| 
| /* System header to define __stub macros and hopefully few prototypes,
|     which can conflict with char _NSGetEnviron (); below.
|     Prefer <limits.h> to <assert.h> if __STDC__ is defined, since
|     <limits.h> exists even on freestanding compilers.  */
| 
| #ifdef __STDC__
| # include <limits.h>
| #else
| # include <assert.h>
| #endif
| 
| #undef _NSGetEnviron
| 
| /* Override any GCC internal prototype to avoid an error.
|    Use char because int might match the return type of a GCC
|    builtin and then its argument prototype would still apply.  */
| #ifdef __cplusplus
| extern "C"
| #endif
| char _NSGetEnviron ();
| /* The GNU C library defines this for functions which it implements
|     to always fail with ENOSYS.  Some functions are actually named
|     something starting with __ and the normal name is an alias.  */
| #if defined __stub__NSGetEnviron || defined __stub____NSGetEnviron
| choke me
| #endif
| 
| int
| main ()
| {
| return _NSGetEnviron ();
|   ;
|   return 0;
| }
configure:21189: result: no
configure:21199: checking whether to build dynamic modules
configure:21215: result: yes
configure:21217: checking whether dynamic modules work
configure:21242: result: yes
configure:21263: checking immodules to build
configure:21292: result: 
configure:21423: checking sys/systeminfo.h usability
configure:21423: arm-linux-gnueabihf-gcc -c -DGDK_PIXBUF_DISABLE_DEPRECATED -g -O2 -Wall  -DG_DISABLE_SINGLE_INCLUDES -DATK_DISABLE_SINGLE_INCLUDES conftest.c >&5
conftest.c:90:28: fatal error: sys/systeminfo.h: No such file or directory
compilation terminated.
configure:21423: $? = 1
configure: failed program was:
| /* confdefs.h */
| #define PACKAGE_NAME "gtk+"
| #define PACKAGE_TARNAME "gtk+"
| #define PACKAGE_VERSION "3.0.0"
| #define PACKAGE_STRING "gtk+ 3.0.0"
| #define PACKAGE_BUGREPORT "http://bugzilla.gnome.org/enter_bug.cgi?product=gtk%2B"
| #define PACKAGE_URL ""
| #define GETTEXT_PACKAGE "gtk30"
| #define STDC_HEADERS 1
| #define HAVE_SYS_TYPES_H 1
| #define HAVE_SYS_STAT_H 1
| #define HAVE_STDLIB_H 1
| #define HAVE_STRING_H 1
| #define HAVE_MEMORY_H 1
| #define HAVE_STRINGS_H 1
| #define HAVE_INTTYPES_H 1
| #define HAVE_STDINT_H 1
| #define HAVE_UNISTD_H 1
| #define HAVE_DLFCN_H 1
| #define LT_OBJDIR ".libs/"
| #define _FILE_OFFSET_BITS 64
| #define GTK_COMPILED_WITH_DEBUGGING "minimum"
| #define HAVE_LSTAT 1
| #define HAVE_MKSTEMP 1
| #define HAVE_FLOCKFILE 1
| #define HAVE_GETC_UNLOCKED 1
| #define HAVE_LOCALTIME_R 1
| #define HAVE__NL_TIME_FIRST_WEEKDAY 1
| #define HAVE__NL_MEASUREMENT_MEASUREMENT 1
| #define HAVE__NL_PAPER_HEIGHT 1
| #define HAVE__NL_PAPER_WIDTH 1
| #define HAVE_LOCALE_H 1
| #define HAVE_LC_MESSAGES 1
| #define HAVE_BIND_TEXTDOMAIN_CODESET 1
| #define HAVE_GETTEXT 1
| #define HAVE_DCGETTEXT 1
| #define ENABLE_NLS 1
| #define GTK_LOCALEDIR "/workspace_disk2/xsq_workspace/c_test/GTK_GITHUB/GTK-/libgtk/share/locale"
| #define HAVE_BIND_TEXTDOMAIN_CODESET 1
| #define HAVE_PWD_H 1
| #define HAVE_PWD_H 1
| #define HAVE_SYS_TIME_H 1
| #define HAVE_SYS_TIME_H 1
| #define HAVE_UNISTD_H 1
| #define HAVE_UNISTD_H 1
| #define HAVE_FTW_H 1
| #define HAVE_FTW_H 1
| #define HAVE_GNU_FTW 1
| #define HAVE_STDLIB_H 1
| #define HAVE_UNISTD_H 1
| #define HAVE_SYS_PARAM_H 1
| #define HAVE_GETPAGESIZE 1
| #define HAVE_MALLINFO 1
| #define HAVE_GETRESUID 1
| #define USE_GMODULE 1
| /* end confdefs.h.  */
| #include <stdio.h>
| #ifdef HAVE_SYS_TYPES_H
| # include <sys/types.h>
| #endif
| #ifdef HAVE_SYS_STAT_H
| # include <sys/stat.h>
| #endif
| #ifdef STDC_HEADERS
| # include <stdlib.h>
| # include <stddef.h>
| #else
| # ifdef HAVE_STDLIB_H
| #  include <stdlib.h>
| # endif
| #endif
| #ifdef HAVE_STRING_H
| # if !defined STDC_HEADERS && defined HAVE_MEMORY_H
| #  include <memory.h>
| # endif
| # include <string.h>
| #endif
| #ifdef HAVE_STRINGS_H
| # include <strings.h>
| #endif
| #ifdef HAVE_INTTYPES_H
| # include <inttypes.h>
| #endif
| #ifdef HAVE_STDINT_H
| # include <stdint.h>
| #endif
| #ifdef HAVE_UNISTD_H
| # include <unistd.h>
| #endif
| #include <sys/systeminfo.h>
configure:21423: result: no
configure:21423: checking sys/systeminfo.h presence
configure:21423: arm-linux-gnueabihf-gcc -E  -DG_DISABLE_SINGLE_INCLUDES -DATK_DISABLE_SINGLE_INCLUDES conftest.c
conftest.c:57:28: fatal error: sys/systeminfo.h: No such file or directory
compilation terminated.
configure:21423: $? = 1
configure: failed program was:
| /* confdefs.h */
| #define PACKAGE_NAME "gtk+"
| #define PACKAGE_TARNAME "gtk+"
| #define PACKAGE_VERSION "3.0.0"
| #define PACKAGE_STRING "gtk+ 3.0.0"
| #define PACKAGE_BUGREPORT "http://bugzilla.gnome.org/enter_bug.cgi?product=gtk%2B"
| #define PACKAGE_URL ""
| #define GETTEXT_PACKAGE "gtk30"
| #define STDC_HEADERS 1
| #define HAVE_SYS_TYPES_H 1
| #define HAVE_SYS_STAT_H 1
| #define HAVE_STDLIB_H 1
| #define HAVE_STRING_H 1
| #define HAVE_MEMORY_H 1
| #define HAVE_STRINGS_H 1
| #define HAVE_INTTYPES_H 1
| #define HAVE_STDINT_H 1
| #define HAVE_UNISTD_H 1
| #define HAVE_DLFCN_H 1
| #define LT_OBJDIR ".libs/"
| #define _FILE_OFFSET_BITS 64
| #define GTK_COMPILED_WITH_DEBUGGING "minimum"
| #define HAVE_LSTAT 1
| #define HAVE_MKSTEMP 1
| #define HAVE_FLOCKFILE 1
| #define HAVE_GETC_UNLOCKED 1
| #define HAVE_LOCALTIME_R 1
| #define HAVE__NL_TIME_FIRST_WEEKDAY 1
| #define HAVE__NL_MEASUREMENT_MEASUREMENT 1
| #define HAVE__NL_PAPER_HEIGHT 1
| #define HAVE__NL_PAPER_WIDTH 1
| #define HAVE_LOCALE_H 1
| #define HAVE_LC_MESSAGES 1
| #define HAVE_BIND_TEXTDOMAIN_CODESET 1
| #define HAVE_GETTEXT 1
| #define HAVE_DCGETTEXT 1
| #define ENABLE_NLS 1
| #define GTK_LOCALEDIR "/workspace_disk2/xsq_workspace/c_test/GTK_GITHUB/GTK-/libgtk/share/locale"
| #define HAVE_BIND_TEXTDOMAIN_CODESET 1
| #define HAVE_PWD_H 1
| #define HAVE_PWD_H 1
| #define HAVE_SYS_TIME_H 1
| #define HAVE_SYS_TIME_H 1
| #define HAVE_UNISTD_H 1
| #define HAVE_UNISTD_H 1
| #define HAVE_FTW_H 1
| #define HAVE_FTW_H 1
| #define HAVE_GNU_FTW 1
| #define HAVE_STDLIB_H 1
| #define HAVE_UNISTD_H 1
| #define HAVE_SYS_PARAM_H 1
| #define HAVE_GETPAGESIZE 1
| #define HAVE_MALLINFO 1
| #define HAVE_GETRESUID 1
| #define USE_GMODULE 1
| /* end confdefs.h.  */
| #include <sys/systeminfo.h>
configure:21423: result: no
configure:21423: checking for sys/systeminfo.h
configure:21423: result: no
configure:21431: checking sys/sysinfo.h usability
configure:21431: arm-linux-gnueabihf-gcc -c -DGDK_PIXBUF_DISABLE_DEPRECATED -g -O2 -Wall  -DG_DISABLE_SINGLE_INCLUDES -DATK_DISABLE_SINGLE_INCLUDES conftest.c >&5
configure:21431: $? = 0
configure:21431: result: yes
configure:21431: checking sys/sysinfo.h presence
configure:21431: arm-linux-gnueabihf-gcc -E  -DG_DISABLE_SINGLE_INCLUDES -DATK_DISABLE_SINGLE_INCLUDES conftest.c
configure:21431: $? = 0
configure:21431: result: yes
configure:21431: checking for sys/sysinfo.h
configure:21431: result: yes
configure:21453: checking for gtk-update-icon-cache
configure:21471: found /usr/bin/gtk-update-icon-cache
configure:21484: result: /usr/bin/gtk-update-icon-cache
configure:21508: checking for gdk-pixbuf-csource
configure:21526: found /usr/bin/gdk-pixbuf-csource
configure:21539: result: /usr/bin/gdk-pixbuf-csource
configure:22304: checking for XOpenDisplay
configure:22304: arm-linux-gnueabihf-gcc -o conftest -DGDK_PIXBUF_DISABLE_DEPRECATED -g -O2 -Wall  -DG_DISABLE_SINGLE_INCLUDES -DATK_DISABLE_SINGLE_INCLUDES   conftest.c  -lX11 -lXext   >&5
/opt/gcc-linaro-5.5.0/bin/../lib/gcc/arm-linux-gnueabihf/5.5.0/../../../../arm-linux-gnueabihf/bin/ld: cannot find -lX11
/opt/gcc-linaro-5.5.0/bin/../lib/gcc/arm-linux-gnueabihf/5.5.0/../../../../arm-linux-gnueabihf/bin/ld: cannot find -lXext
collect2: error: ld returned 1 exit status
configure:22304: $? = 1
configure: failed program was:
| /* confdefs.h */
| #define PACKAGE_NAME "gtk+"
| #define PACKAGE_TARNAME "gtk+"
| #define PACKAGE_VERSION "3.0.0"
| #define PACKAGE_STRING "gtk+ 3.0.0"
| #define PACKAGE_BUGREPORT "http://bugzilla.gnome.org/enter_bug.cgi?product=gtk%2B"
| #define PACKAGE_URL ""
| #define GETTEXT_PACKAGE "gtk30"
| #define STDC_HEADERS 1
| #define HAVE_SYS_TYPES_H 1
| #define HAVE_SYS_STAT_H 1
| #define HAVE_STDLIB_H 1
| #define HAVE_STRING_H 1
| #define HAVE_MEMORY_H 1
| #define HAVE_STRINGS_H 1
| #define HAVE_INTTYPES_H 1
| #define HAVE_STDINT_H 1
| #define HAVE_UNISTD_H 1
| #define HAVE_DLFCN_H 1
| #define LT_OBJDIR ".libs/"
| #define _FILE_OFFSET_BITS 64
| #define GTK_COMPILED_WITH_DEBUGGING "minimum"
| #define HAVE_LSTAT 1
| #define HAVE_MKSTEMP 1
| #define HAVE_FLOCKFILE 1
| #define HAVE_GETC_UNLOCKED 1
| #define HAVE_LOCALTIME_R 1
| #define HAVE__NL_TIME_FIRST_WEEKDAY 1
| #define HAVE__NL_MEASUREMENT_MEASUREMENT 1
| #define HAVE__NL_PAPER_HEIGHT 1
| #define HAVE__NL_PAPER_WIDTH 1
| #define HAVE_LOCALE_H 1
| #define HAVE_LC_MESSAGES 1
| #define HAVE_BIND_TEXTDOMAIN_CODESET 1
| #define HAVE_GETTEXT 1
| #define HAVE_DCGETTEXT 1
| #define ENABLE_NLS 1
| #define GTK_LOCALEDIR "/workspace_disk2/xsq_workspace/c_test/GTK_GITHUB/GTK-/libgtk/share/locale"
| #define HAVE_BIND_TEXTDOMAIN_CODESET 1
| #define HAVE_PWD_H 1
| #define HAVE_PWD_H 1
| #define HAVE_SYS_TIME_H 1
| #define HAVE_SYS_TIME_H 1
| #define HAVE_UNISTD_H 1
| #define HAVE_UNISTD_H 1
| #define HAVE_FTW_H 1
| #define HAVE_FTW_H 1
| #define HAVE_GNU_FTW 1
| #define HAVE_STDLIB_H 1
| #define HAVE_UNISTD_H 1
| #define HAVE_SYS_PARAM_H 1
| #define HAVE_GETPAGESIZE 1
| #define HAVE_MALLINFO 1
| #define HAVE_GETRESUID 1
| #define USE_GMODULE 1
| #define HAVE_SYS_SYSINFO_H 1
| /* end confdefs.h.  */
| /* Define XOpenDisplay to an innocuous variant, in case <limits.h> declares XOpenDisplay.
|    For example, HP-UX 11i <limits.h> declares gettimeofday.  */
| #define XOpenDisplay innocuous_XOpenDisplay
| 
| /* System header to define __stub macros and hopefully few prototypes,
|     which can conflict with char XOpenDisplay (); below.
|     Prefer <limits.h> to <assert.h> if __STDC__ is defined, since
|     <limits.h> exists even on freestanding compilers.  */
| 
| #ifdef __STDC__
| # include <limits.h>
| #else
| # include <assert.h>
| #endif
| 
| #undef XOpenDisplay
| 
| /* Override any GCC internal prototype to avoid an error.
|    Use char because int might match the return type of a GCC
|    builtin and then its argument prototype would still apply.  */
| #ifdef __cplusplus
| extern "C"
| #endif
| char XOpenDisplay ();
| /* The GNU C library defines this for functions which it implements
|     to always fail with ENOSYS.  Some functions are actually named
|     something starting with __ and the normal name is an alias.  */
| #if defined __stub_XOpenDisplay || defined __stub___XOpenDisplay
| choke me
| #endif
| 
| int
| main ()
| {
| return XOpenDisplay ();
|   ;
|   return 0;
| }
configure:22304: result: no
configure:22308: error: *** libX11 not found. Check 'config.log' for more details.

## ---------------- ##
## Cache variables. ##
## ---------------- ##

ac_cv_build=x86_64-unknown-linux-gnu
ac_cv_c_compiler_gnu=yes
ac_cv_cxx_compiler_gnu=yes
ac_cv_env_BASE_DEPENDENCIES_CFLAGS_set=
ac_cv_env_BASE_DEPENDENCIES_CFLAGS_value=
ac_cv_env_BASE_DEPENDENCIES_LIBS_set=
ac_cv_env_BASE_DEPENDENCIES_LIBS_value=
ac_cv_env_CAIRO_BACKEND_CFLAGS_set=
ac_cv_env_CAIRO_BACKEND_CFLAGS_value=
ac_cv_env_CAIRO_BACKEND_LIBS_set=
ac_cv_env_CAIRO_BACKEND_LIBS_value=
ac_cv_env_CCASFLAGS_set=
ac_cv_env_CCASFLAGS_value=
ac_cv_env_CCAS_set=
ac_cv_env_CCAS_value=
ac_cv_env_CCC_set=
ac_cv_env_CCC_value=
ac_cv_env_CC_set=
ac_cv_env_CC_value=
ac_cv_env_CFLAGS_set=
ac_cv_env_CFLAGS_value=
ac_cv_env_CPPFLAGS_set=
ac_cv_env_CPPFLAGS_value=
ac_cv_env_CPP_set=
ac_cv_env_CPP_value=
ac_cv_env_CXXCPP_set=
ac_cv_env_CXXCPP_value=
ac_cv_env_CXXFLAGS_set=
ac_cv_env_CXXFLAGS_value=
ac_cv_env_CXX_set=
ac_cv_env_CXX_value=
ac_cv_env_LDFLAGS_set=
ac_cv_env_LDFLAGS_value=
ac_cv_env_LIBS_set=
ac_cv_env_LIBS_value=
ac_cv_env_PKG_CONFIG_LIBDIR_set=
ac_cv_env_PKG_CONFIG_LIBDIR_value=
ac_cv_env_PKG_CONFIG_PATH_set=
ac_cv_env_PKG_CONFIG_PATH_value=
ac_cv_env_PKG_CONFIG_set=
ac_cv_env_PKG_CONFIG_value=
ac_cv_env_XMKMF_set=
ac_cv_env_XMKMF_value=
ac_cv_env_build_alias_set=
ac_cv_env_build_alias_value=
ac_cv_env_host_alias_set=set
ac_cv_env_host_alias_value=arm-linux-gnueabihf
ac_cv_env_target_alias_set=
ac_cv_env_target_alias_value=
ac_cv_func_XOpenDisplay=no
ac_cv_func__NSGetEnviron=no
ac_cv_func_bind_textdomain_codeset=yes
ac_cv_func_dcgettext=yes
ac_cv_func_flockfile=yes
ac_cv_func_getc_unlocked=yes
ac_cv_func_getpagesize=yes
ac_cv_func_getresuid=yes
ac_cv_func_localtime_r=yes
ac_cv_func_lstat=yes
ac_cv_func_mallinfo=yes
ac_cv_func_mkstemp=yes
ac_cv_func_mmap_fixed_mapped=no
ac_cv_header_crt_externs_h=no
ac_cv_header_dlfcn_h=yes
ac_cv_header_ftw_h=yes
ac_cv_header_inttypes_h=yes
ac_cv_header_libintl_h=yes
ac_cv_header_locale_h=yes
ac_cv_header_memory_h=yes
ac_cv_header_pwd_h=yes
ac_cv_header_stdc=yes
ac_cv_header_stdint_h=yes
ac_cv_header_stdlib_h=yes
ac_cv_header_string_h=yes
ac_cv_header_strings_h=yes
ac_cv_header_sys_param_h=yes
ac_cv_header_sys_stat_h=yes
ac_cv_header_sys_sysinfo_h=yes
ac_cv_header_sys_systeminfo_h=no
ac_cv_header_sys_time_h=yes
ac_cv_header_sys_types_h=yes
ac_cv_header_unistd_h=yes
ac_cv_host=arm-unknown-linux-gnueabihf
ac_cv_objext=o
ac_cv_path_EGREP='/bin/grep -E'
ac_cv_path_FGREP='/bin/grep -F'
ac_cv_path_GDK_PIXBUF_CSOURCE=/usr/bin/gdk-pixbuf-csource
ac_cv_path_GMSGFMT=/usr/bin/msgfmt
ac_cv_path_GREP=/bin/grep
ac_cv_path_GTK_UPDATE_ICON_CACHE=/usr/bin/gtk-update-icon-cache
ac_cv_path_MSGFMT=/usr/bin/msgfmt
ac_cv_path_NM='/opt/gcc-linaro-5.5.0/bin/arm-linux-gnueabihf-nm -B'
ac_cv_path_PERL=/usr/bin/perl
ac_cv_path_PKG_CONFIG=/usr/bin/pkg-config
ac_cv_path_SED=/bin/sed
ac_cv_path_XGETTEXT=/usr/bin/xgettext
ac_cv_path_ac_pt_PKG_CONFIG=/usr/bin/pkg-config
ac_cv_path_install='/usr/bin/install -c'
ac_cv_path_mkdir=/bin/mkdir
ac_cv_prog_AR=arm-linux-gnueabihf-ar
ac_cv_prog_AWK=gawk
ac_cv_prog_CC=arm-linux-gnueabihf-gcc
ac_cv_prog_CPP='arm-linux-gnueabihf-gcc -E'
ac_cv_prog_CXX=arm-linux-gnueabihf-c++
ac_cv_prog_CXXCPP='arm-linux-gnueabihf-c++ -E'
ac_cv_prog_OBJDUMP=arm-linux-gnueabihf-objdump
ac_cv_prog_RANLIB=arm-linux-gnueabihf-ranlib
ac_cv_prog_STRIP=arm-linux-gnueabihf-strip
ac_cv_prog_ac_ct_MANIFEST_TOOL=mt
ac_cv_prog_cc_arm_linux_gnueabihf_gcc_c_o=yes
ac_cv_prog_cc_c89=
ac_cv_prog_cc_c99=
ac_cv_prog_cc_g=yes
ac_cv_prog_cc_stdc=
ac_cv_prog_cxx_g=yes
ac_cv_prog_make_make_set=yes
ac_cv_sys_file_offset_bits=64
ac_cv_sys_largefile_CC=no
ac_cv_type_uid_t=yes
am_cv_CCAS_dependencies_compiler_type=gcc3
am_cv_CC_dependencies_compiler_type=gcc3
am_cv_CXX_dependencies_compiler_type=gcc3
am_cv_val_LC_MESSAGES=yes
gt_cv_func_dgettext_libc=yes
gt_cv_func_dgettext_libintl=no
gt_cv_func_ngettext_libc=yes
gt_cv_have_gettext=yes
lt_cv_ar_at_file=@
lt_cv_archive_cmds_need_lc=no
lt_cv_deplibs_check_method=pass_all
lt_cv_file_magic_cmd='$MAGIC_CMD'
lt_cv_file_magic_test_file=
lt_cv_ld_reload_flag=-r
lt_cv_nm_interface='BSD nm'
lt_cv_objdir=.libs
lt_cv_path_LD=/opt/gcc-linaro-5.5.0/arm-linux-gnueabihf/bin/ld
lt_cv_path_LDCXX=/opt/gcc-linaro-5.5.0/arm-linux-gnueabihf/bin/ld
lt_cv_path_NM='/opt/gcc-linaro-5.5.0/bin/arm-linux-gnueabihf-nm -B'
lt_cv_path_mainfest_tool=no
lt_cv_prog_compiler_c_o=yes
lt_cv_prog_compiler_c_o_CXX=yes
lt_cv_prog_compiler_pic='-fPIC -DPIC'
lt_cv_prog_compiler_pic_CXX='-fPIC -DPIC'
lt_cv_prog_compiler_pic_works=yes
lt_cv_prog_compiler_pic_works_CXX=yes
lt_cv_prog_compiler_rtti_exceptions=no
lt_cv_prog_compiler_static_works=yes
lt_cv_prog_compiler_static_works_CXX=yes
lt_cv_prog_gnu_ld=yes
lt_cv_prog_gnu_ldcxx=yes
lt_cv_sharedlib_from_linklib_cmd='printf %s\n'
lt_cv_shlibpath_overrides_runpath=no
lt_cv_sys_global_symbol_pipe='sed -n -e '\''s/^.*[	 ]\([ABCDGIRSTW][ABCDGIRSTW]*\)[	 ][	 ]*\([_A-Za-z][_A-Za-z0-9]*\)$/\1 \2 \2/p'\'' | sed '\''/ __gnu_lto/d'\'''
lt_cv_sys_global_symbol_to_c_name_address='sed -n -e '\''s/^: \([^ ]*\)[ ]*$/  {\"\1\", (void *) 0},/p'\'' -e '\''s/^[ABCDGIRSTW]* \([^ ]*\) \([^ ]*\)$/  {"\2", (void *) \&\2},/p'\'''
lt_cv_sys_global_symbol_to_c_name_address_lib_prefix='sed -n -e '\''s/^: \([^ ]*\)[ ]*$/  {\"\1\", (void *) 0},/p'\'' -e '\''s/^[ABCDGIRSTW]* \([^ ]*\) \(lib[^ ]*\)$/  {"\2", (void *) \&\2},/p'\'' -e '\''s/^[ABCDGIRSTW]* \([^ ]*\) \([^ ]*\)$/  {"lib\2", (void *) \&\2},/p'\'''
lt_cv_sys_global_symbol_to_cdecl='sed -n -e '\''s/^T .* \(.*\)$/extern int \1();/p'\'' -e '\''s/^[ABCDGIRSTW]* .* \(.*\)$/extern char \1;/p'\'''
lt_cv_sys_max_cmd_len=1572864
lt_cv_to_host_file_cmd=func_convert_file_noop
lt_cv_to_tool_file_cmd=func_convert_file_noop
pkg_cv_BASE_DEPENDENCIES_CFLAGS='-pthread -I/usr/include/atk-1.0 -I/usr/include/pango-1.0 -I/usr/include/cairo -I/usr/include/pixman-1 -I/usr/include/freetype2 -I/usr/include/libpng16 -I/usr/include/freetype2 -I/usr/include/libpng16 -I/usr/include/gdk-pixbuf-2.0 -I/usr/include/libpng16 -I/usr/include/glib-2.0 -I/usr/lib/x86_64-linux-gnu/glib-2.0/include'
pkg_cv_BASE_DEPENDENCIES_LIBS='-latk-1.0 -lpango-1.0 -lcairo-gobject -lcairo -lgdk_pixbuf-2.0 -lgobject-2.0 -lglib-2.0'
pkg_cv_CAIRO_BACKEND_CFLAGS='-I/usr/include/cairo -I/usr/include/glib-2.0 -I/usr/lib/x86_64-linux-gnu/glib-2.0/include -I/usr/include/pixman-1 -I/usr/include/freetype2 -I/usr/include/libpng16 -I/usr/include/freetype2 -I/usr/include/libpng16'
pkg_cv_CAIRO_BACKEND_LIBS='-lcairo -lX11 -lXext'

## ----------------- ##
## Output variables. ##
## ----------------- ##

ACLOCAL='${SHELL} /home/xsq/xsq_workspace/xsq_workspace/c_test/GTK_GITHUB/GTK-/gtk+-3.0.0/missing --run aclocal-1.11'
AMDEPBACKSLASH='\'
AMDEP_FALSE='#'
AMDEP_TRUE=''
AMTAR='${SHELL} /home/xsq/xsq_workspace/xsq_workspace/c_test/GTK_GITHUB/GTK-/gtk+-3.0.0/missing --run tar'
AM_BACKSLASH='\'
AM_DEFAULT_VERBOSITY='0'
AR='arm-linux-gnueabihf-ar'
AS='as'
ATK_PREFIX=''
ATK_REQUIRED_VERSION='1.30'
AUTOCONF='${SHELL} /home/xsq/xsq_workspace/xsq_workspace/c_test/GTK_GITHUB/GTK-/gtk+-3.0.0/missing --run autoconf'
AUTOHEADER='${SHELL} /home/xsq/xsq_workspace/xsq_workspace/c_test/GTK_GITHUB/GTK-/gtk+-3.0.0/missing --run autoheader'
AUTOMAKE='${SHELL} /home/xsq/xsq_workspace/xsq_workspace/c_test/GTK_GITHUB/GTK-/gtk+-3.0.0/missing --run automake-1.11'
AWK='gawk'
BASE_DEPENDENCIES_CFLAGS='-pthread -I/usr/include/atk-1.0 -I/usr/include/pango-1.0 -I/usr/include/cairo -I/usr/include/pixman-1 -I/usr/include/freetype2 -I/usr/include/libpng16 -I/usr/include/freetype2 -I/usr/include/libpng16 -I/usr/include/gdk-pixbuf-2.0 -I/usr/include/libpng16 -I/usr/include/glib-2.0 -I/usr/lib/x86_64-linux-gnu/glib-2.0/include'
BASE_DEPENDENCIES_LIBS='-latk-1.0 -lpango-1.0 -lcairo-gobject -lcairo -lgdk_pixbuf-2.0 -lgobject-2.0 -lglib-2.0'
BUILD_DYNAMIC_MODULES_FALSE='#'
BUILD_DYNAMIC_MODULES_TRUE=''
BUILD_ICON_CACHE_FALSE='#'
BUILD_ICON_CACHE_TRUE=''
CAIRO_BACKEND_CFLAGS='-I/usr/include/cairo -I/usr/include/glib-2.0 -I/usr/lib/x86_64-linux-gnu/glib-2.0/include -I/usr/include/pixman-1 -I/usr/include/freetype2 -I/usr/include/libpng16 -I/usr/include/freetype2 -I/usr/include/libpng16'
CAIRO_BACKEND_LIBS='-lcairo -lX11 -lXext'
CAIRO_PREFIX=''
CAIRO_REQUIRED_VERSION='1.10.0'
CATALOGS=' af.gmo am.gmo ang.gmo ar.gmo as.gmo ast.gmo az.gmo az_IR.gmo be.gmo be@latin.gmo bg.gmo bn.gmo bn_IN.gmo br.gmo bs.gmo ca.gmo ca@valencia.gmo crh.gmo cs.gmo cy.gmo da.gmo de.gmo dz.gmo el.gmo en.gmo en_CA.gmo en_GB.gmo eo.gmo es.gmo et.gmo eu.gmo fa.gmo fi.gmo fr.gmo ga.gmo gl.gmo gu.gmo he.gmo hi.gmo hr.gmo hu.gmo hy.gmo ia.gmo id.gmo io.gmo is.gmo it.gmo ja.gmo ka.gmo kg.gmo kk.gmo kn.gmo ko.gmo ku.gmo lg.gmo li.gmo lt.gmo lv.gmo mai.gmo mi.gmo mk.gmo ml.gmo mn.gmo mr.gmo ms.gmo my.gmo nb.gmo nds.gmo ne.gmo nl.gmo nn.gmo nso.gmo oc.gmo or.gmo pa.gmo pl.gmo ps.gmo pt.gmo pt_BR.gmo ro.gmo ru.gmo rw.gmo si.gmo sk.gmo sl.gmo sq.gmo sr.gmo sr@latin.gmo sr@ije.gmo sv.gmo ta.gmo te.gmo th.gmo tk.gmo tr.gmo tt.gmo ug.gmo uk.gmo ur.gmo uz.gmo uz@cyrillic.gmo vi.gmo wa.gmo xh.gmo yi.gmo zh_CN.gmo zh_HK.gmo zh_TW.gmo'
CATOBJEXT='.gmo'
CC='arm-linux-gnueabihf-gcc'
CCAS='arm-linux-gnueabihf-gcc'
CCASDEPMODE='depmode=gcc3'
CCASFLAGS='-g -O2'
CCDEPMODE='depmode=gcc3'
CFLAGS='-DGDK_PIXBUF_DISABLE_DEPRECATED -g -O2 -Wall'
CPP='arm-linux-gnueabihf-gcc -E'
CPPFLAGS=' -DG_DISABLE_SINGLE_INCLUDES -DATK_DISABLE_SINGLE_INCLUDES '
CROSS_COMPILING_FALSE='#'
CROSS_COMPILING_TRUE=''
CUPS_API_MAJOR=''
CUPS_API_MINOR=''
CUPS_CFLAGS=''
CUPS_CONFIG=''
CUPS_LIBS=''
CXX='arm-linux-gnueabihf-c++'
CXXCPP='arm-linux-gnueabihf-c++ -E'
CXXDEPMODE='depmode=gcc3'
CXXFLAGS='-g -O2'
CYGPATH_W='echo'
DATADIRNAME='share'
DB2HTML=''
DEFS=''
DEPDIR='.deps'
DISABLE_EXPLICIT_DEPS_FALSE='#'
DISABLE_EXPLICIT_DEPS_TRUE=''
DLLTOOL='false'
DSYMUTIL=''
DUMPBIN=''
ECHO_C=''
ECHO_N='-n'
ECHO_T=''
EGREP='/bin/grep -E'
ENABLE_GTK_DOC_FALSE=''
ENABLE_GTK_DOC_TRUE=''
ENABLE_MAN_FALSE=''
ENABLE_MAN_TRUE=''
ENABLE_PACKAGEKIT_FALSE=''
ENABLE_PACKAGEKIT_TRUE=''
EXEEXT=''
EXE_MANIFEST_ARCHITECTURE='X86'
FGREP='/bin/grep -F'
GAIL_INET_LIBS=''
GAIL_LT_CURRENT_MINUS_AGE='0'
GAIL_LT_VERSION_INFO='0:0:0'
GDK_BACKENDS='x11'
GDK_DEP_CFLAGS=''
GDK_DEP_LIBS=''
GDK_EXTRA_CFLAGS=''
GDK_EXTRA_LIBS=''
GDK_PACKAGES=''
GDK_PIXBUF_CSOURCE='/usr/bin/gdk-pixbuf-csource'
GDK_PIXBUF_LIBS=''
GDK_PIXBUF_REQUIRED_VERSION='2.22.0'
GETTEXT_PACKAGE='gtk30'
GLIB_CFLAGS='-pthread -I/usr/include/glib-2.0 -I/usr/lib/x86_64-linux-gnu/glib-2.0/include'
GLIB_COMPILE_SCHEMAS=''
GLIB_GENMARSHAL='glib-genmarshal'
GLIB_LIBS='-lgobject-2.0 -lgmodule-2.0 -pthread -lgthread-2.0 -pthread -lglib-2.0'
GLIB_MKENUMS='glib-mkenums'
GLIB_PREFIX=''
GLIB_REQUIRED_VERSION='2.28.0'
GMOFILES=' af.gmo am.gmo ang.gmo ar.gmo as.gmo ast.gmo az.gmo az_IR.gmo be.gmo be@latin.gmo bg.gmo bn.gmo bn_IN.gmo br.gmo bs.gmo ca.gmo ca@valencia.gmo crh.gmo cs.gmo cy.gmo da.gmo de.gmo dz.gmo el.gmo en.gmo en_CA.gmo en_GB.gmo eo.gmo es.gmo et.gmo eu.gmo fa.gmo fi.gmo fr.gmo ga.gmo gl.gmo gu.gmo he.gmo hi.gmo hr.gmo hu.gmo hy.gmo ia.gmo id.gmo io.gmo is.gmo it.gmo ja.gmo ka.gmo kg.gmo kk.gmo kn.gmo ko.gmo ku.gmo lg.gmo li.gmo lt.gmo lv.gmo mai.gmo mi.gmo mk.gmo ml.gmo mn.gmo mr.gmo ms.gmo my.gmo nb.gmo nds.gmo ne.gmo nl.gmo nn.gmo nso.gmo oc.gmo or.gmo pa.gmo pl.gmo ps.gmo pt.gmo pt_BR.gmo ro.gmo ru.gmo rw.gmo si.gmo sk.gmo sl.gmo sq.gmo sr.gmo sr@latin.gmo sr@ije.gmo sv.gmo ta.gmo te.gmo th.gmo tk.gmo tr.gmo tt.gmo ug.gmo uk.gmo ur.gmo uz.gmo uz@cyrillic.gmo vi.gmo wa.gmo xh.gmo yi.gmo zh_CN.gmo zh_HK.gmo zh_TW.gmo'
GMSGFMT='/usr/bin/msgfmt'
GOBJECT_QUERY='gobject-query'
GREP='/bin/grep'
GSETTINGS_DISABLE_SCHEMAS_COMPILE=''
GSETTINGS_RULES=''
GTKDOC_CHECK=''
GTKDOC_MKPDF=''
GTKDOC_REBASE=''
GTK_API_VERSION='3.0'
GTK_BINARY_AGE='0'
GTK_BINARY_VERSION='3.0.0'
GTK_DEBUG_FLAGS='-DG_DISABLE_CAST_CHECKS'
GTK_DEP_CFLAGS=''
GTK_DEP_LIBS=''
GTK_DOC_BUILD_HTML_FALSE=''
GTK_DOC_BUILD_HTML_TRUE=''
GTK_DOC_BUILD_PDF_FALSE=''
GTK_DOC_BUILD_PDF_TRUE=''
GTK_DOC_USE_LIBTOOL_FALSE=''
GTK_DOC_USE_LIBTOOL_TRUE=''
GTK_DOC_USE_REBASE_FALSE=''
GTK_DOC_USE_REBASE_TRUE=''
GTK_EXTRA_CFLAGS=''
GTK_EXTRA_LIBS=''
GTK_INTERFACE_AGE='0'
GTK_LINK_FLAGS=''
GTK_MAJOR_VERSION='3'
GTK_MICRO_VERSION='0'
GTK_MINOR_VERSION='0'
GTK_PACKAGES=''
GTK_UPDATE_ICON_CACHE='/usr/bin/gtk-update-icon-cache'
GTK_VERSION='3.0.0'
GTK_XIM_FLAGS=''
HAVE_CUPS_FALSE=''
HAVE_CUPS_TRUE=''
HAVE_CXX_FALSE='#'
HAVE_CXX_TRUE=''
HAVE_DOCBOOK_FALSE=''
HAVE_DOCBOOK_TRUE=''
HAVE_HTTP_AUTHSTRING=''
HAVE_INCLUDED_IMMMODULES_FALSE=''
HAVE_INCLUDED_IMMMODULES_TRUE='#'
HAVE_INTROSPECTION_FALSE=''
HAVE_INTROSPECTION_TRUE=''
HAVE_OBJC_FALSE=''
HAVE_OBJC_TRUE='#'
HAVE_PAPI_CUPS_FALSE=''
HAVE_PAPI_CUPS_TRUE=''
HAVE_PAPI_FALSE=''
HAVE_PAPI_TRUE=''
HAVE_X11R6_FALSE=''
HAVE_X11R6_TRUE=''
HTML_DIR=''
INCLUDED_IMMODULE_DEFINE=''
INCLUDED_IMMODULE_OBJ=''
INCLUDE_IM_AM_ET_FALSE=''
INCLUDE_IM_AM_ET_TRUE='#'
INCLUDE_IM_CEDILLA_FALSE=''
INCLUDE_IM_CEDILLA_TRUE='#'
INCLUDE_IM_CYRILLIC_TRANSLIT_FALSE=''
INCLUDE_IM_CYRILLIC_TRANSLIT_TRUE='#'
INCLUDE_IM_IME_FALSE=''
INCLUDE_IM_IME_TRUE='#'
INCLUDE_IM_INUKTITUT_FALSE=''
INCLUDE_IM_INUKTITUT_TRUE='#'
INCLUDE_IM_IPA_FALSE=''
INCLUDE_IM_IPA_TRUE='#'
INCLUDE_IM_MULTIPRESS_FALSE=''
INCLUDE_IM_MULTIPRESS_TRUE='#'
INCLUDE_IM_THAI_FALSE=''
INCLUDE_IM_THAI_TRUE='#'
INCLUDE_IM_TI_ER_FALSE=''
INCLUDE_IM_TI_ER_TRUE='#'
INCLUDE_IM_TI_ET_FALSE=''
INCLUDE_IM_TI_ET_TRUE='#'
INCLUDE_IM_VIQR_FALSE=''
INCLUDE_IM_VIQR_TRUE='#'
INCLUDE_IM_XIM_FALSE=''
INCLUDE_IM_XIM_TRUE='#'
INDENT=''
INSTALL_DATA='${INSTALL} -m 644'
INSTALL_PROGRAM='${INSTALL}'
INSTALL_SCRIPT='${INSTALL}'
INSTALL_STRIP_PROGRAM='$(install_sh) -c -s'
INSTOBJEXT='.mo'
INTLLIBS=''
INTROSPECTION_CFLAGS=''
INTROSPECTION_COMPILER=''
INTROSPECTION_GENERATE=''
INTROSPECTION_GIRDIR=''
INTROSPECTION_LIBS=''
INTROSPECTION_MAKEFILE=''
INTROSPECTION_REQUIRED_VERSION='0.10.1'
INTROSPECTION_SCANNER=''
INTROSPECTION_TYPELIBDIR=''
LD='/opt/gcc-linaro-5.5.0/arm-linux-gnueabihf/bin/ld'
LDFLAGS=''
LIBOBJS=''
LIBS=' -lX11 -lXext  '
LIBTOOL='$(SHELL) $(top_builddir)/libtool'
LIBTOOL_EXPORT_OPTIONS='-export-symbols-regex "^[^_].*"'
LIB_EXE_MACHINE_FLAG='X86'
LIPO=''
LN_S='ln -s'
LTLIBOBJS=''
LT_CURRENT_MINUS_AGE='0'
LT_VERSION_INFO='0:0:0'
MAINT=''
MAINTAINER_MODE_FALSE='#'
MAINTAINER_MODE_TRUE=''
MAKEINFO='${SHELL} /home/xsq/xsq_workspace/xsq_workspace/c_test/GTK_GITHUB/GTK-/gtk+-3.0.0/missing --run makeinfo'
MANIFEST_TOOL=':'
MATH_LIB='-lm'
MKDIR_P='/bin/mkdir -p'
MKINSTALLDIRS='./mkinstalldirs'
MSGFMT='/usr/bin/msgfmt'
MSGFMT_OPTS='-c'
MS_LIB_AVAILABLE_FALSE=''
MS_LIB_AVAILABLE_TRUE='#'
NM='/opt/gcc-linaro-5.5.0/bin/arm-linux-gnueabihf-nm -B'
NMEDIT=''
OBJDUMP='arm-linux-gnueabihf-objdump'
OBJEXT='o'
OS_LINUX_FALSE='#'
OS_LINUX_TRUE=''
OS_UNIX_FALSE='#'
OS_UNIX_TRUE=''
OS_WIN32_FALSE=''
OS_WIN32_TRUE='#'
OTOOL64=''
OTOOL=''
PACKAGE='gtk+'
PACKAGE_BUGREPORT='http://bugzilla.gnome.org/enter_bug.cgi?product=gtk%2B'
PACKAGE_NAME='gtk+'
PACKAGE_STRING='gtk+ 3.0.0'
PACKAGE_TARNAME='gtk+'
PACKAGE_URL=''
PACKAGE_VERSION='3.0.0'
PANGO_PREFIX=''
PANGO_REQUIRED_VERSION='1.20'
PATH_SEPARATOR=':'
PERL='/usr/bin/perl'
PKG_CONFIG='/usr/bin/pkg-config'
PKG_CONFIG_LIBDIR=''
PKG_CONFIG_PATH=''
PLATFORM_WIN32_FALSE=''
PLATFORM_WIN32_TRUE='#'
POFILES=' af.po am.po ang.po ar.po as.po ast.po az.po az_IR.po be.po be@latin.po bg.po bn.po bn_IN.po br.po bs.po ca.po ca@valencia.po crh.po cs.po cy.po da.po de.po dz.po el.po en.po en_CA.po en_GB.po eo.po es.po et.po eu.po fa.po fi.po fr.po ga.po gl.po gu.po he.po hi.po hr.po hu.po hy.po ia.po id.po io.po is.po it.po ja.po ka.po kg.po kk.po kn.po ko.po ku.po lg.po li.po lt.po lv.po mai.po mi.po mk.po ml.po mn.po mr.po ms.po my.po nb.po nds.po ne.po nl.po nn.po nso.po oc.po or.po pa.po pl.po ps.po pt.po pt_BR.po ro.po ru.po rw.po si.po sk.po sl.po sq.po sr.po sr@latin.po sr@ije.po sv.po ta.po te.po th.po tk.po tr.po tt.po ug.po uk.po ur.po uz.po uz@cyrillic.po vi.po wa.po xh.po yi.po zh_CN.po zh_HK.po zh_TW.po'
POSUB='po'
PO_IN_DATADIR_FALSE=''
PO_IN_DATADIR_TRUE=''
RANLIB='arm-linux-gnueabihf-ranlib'
REBUILD=''
SED='/bin/sed'
SET_MAKE=''
SHELL='/bin/sh'
STRIP='arm-linux-gnueabihf-strip'
TEST_PRINT_BACKEND_FALSE=''
TEST_PRINT_BACKEND_TRUE=''
USE_EXTERNAL_ICON_CACHE_FALSE='#'
USE_EXTERNAL_ICON_CACHE_TRUE=''
USE_NLS='yes'
USE_QUARTZ_FALSE=''
USE_QUARTZ_TRUE='#'
USE_WIN32_FALSE=''
USE_WIN32_TRUE='#'
USE_X11_FALSE=''
USE_X11_TRUE=''
VERSION='3.0.0'
WINDRES=''
XGETTEXT='/usr/bin/xgettext'
XINPUT_2_FALSE=''
XINPUT_2_TRUE=''
XINPUT_XFREE_FALSE=''
XINPUT_XFREE_TRUE=''
XMKMF=''
XMLCATALOG=''
XML_CATALOG_FILE=''
XSLTPROC=''
X_CFLAGS=''
X_EXTRA_LIBS=''
X_LIBS=''
X_PRE_LIBS=''
ac_ct_AR=''
ac_ct_CC=''
ac_ct_CXX=''
ac_ct_DUMPBIN=''
am__EXEEXT_FALSE=''
am__EXEEXT_TRUE=''
am__fastdepCCAS_FALSE='#'
am__fastdepCCAS_TRUE=''
am__fastdepCC_FALSE='#'
am__fastdepCC_TRUE=''
am__fastdepCXX_FALSE='#'
am__fastdepCXX_TRUE=''
am__include='include'
am__isrc=''
am__leading_dot='.'
am__quote=''
am__tar='${AMTAR} chof - "$$tardir"'
am__untar='${AMTAR} xf -'
bindir='${exec_prefix}/bin'
build='x86_64-unknown-linux-gnu'
build_alias=''
build_cpu='x86_64'
build_os='linux-gnu'
build_vendor='unknown'
datadir='${datarootdir}'
datarootdir='${prefix}/share'
docdir='${datarootdir}/doc/${PACKAGE_TARNAME}'
dvidir='${docdir}'
exec_prefix='NONE'
gsettingsschemadir=''
host='arm-unknown-linux-gnueabihf'
host_alias='arm-linux-gnueabihf'
host_cpu='arm'
host_os='linux-gnueabihf'
host_vendor='unknown'
htmldir='${docdir}'
includedir='${prefix}/include'
infodir='${datarootdir}/info'
install_sh='${SHELL} /home/xsq/xsq_workspace/xsq_workspace/c_test/GTK_GITHUB/GTK-/gtk+-3.0.0/install-sh'
libdir='${exec_prefix}/lib'
libexecdir='${exec_prefix}/libexec'
localedir='/workspace_disk2/xsq_workspace/c_test/GTK_GITHUB/GTK-/libgtk/share/locale'
localstatedir='${prefix}/var'
mandir='${datarootdir}/man'
mkdir_p='/bin/mkdir -p'
ms_librarian=''
oldincludedir='/usr/include'
pdfdir='${docdir}'
prefix='/workspace_disk2/xsq_workspace/c_test/GTK_GITHUB/GTK-/libgtk'
program_transform_name='s,x,x,'
psdir='${docdir}'
sbindir='${exec_prefix}/sbin'
sharedstatedir='${prefix}/com'
sysconfdir='${prefix}/etc'
target_alias=''

## ----------- ##
## confdefs.h. ##
## ----------- ##

/* confdefs.h */
#define PACKAGE_NAME "gtk+"
#define PACKAGE_TARNAME "gtk+"
#define PACKAGE_VERSION "3.0.0"
#define PACKAGE_STRING "gtk+ 3.0.0"
#define PACKAGE_BUGREPORT "http://bugzilla.gnome.org/enter_bug.cgi?product=gtk%2B"
#define PACKAGE_URL ""
#define GETTEXT_PACKAGE "gtk30"
#define STDC_HEADERS 1
#define HAVE_SYS_TYPES_H 1
#define HAVE_SYS_STAT_H 1
#define HAVE_STDLIB_H 1
#define HAVE_STRING_H 1
#define HAVE_MEMORY_H 1
#define HAVE_STRINGS_H 1
#define HAVE_INTTYPES_H 1
#define HAVE_STDINT_H 1
#define HAVE_UNISTD_H 1
#define HAVE_DLFCN_H 1
#define LT_OBJDIR ".libs/"
#define _FILE_OFFSET_BITS 64
#define GTK_COMPILED_WITH_DEBUGGING "minimum"
#define HAVE_LSTAT 1
#define HAVE_MKSTEMP 1
#define HAVE_FLOCKFILE 1
#define HAVE_GETC_UNLOCKED 1
#define HAVE_LOCALTIME_R 1
#define HAVE__NL_TIME_FIRST_WEEKDAY 1
#define HAVE__NL_MEASUREMENT_MEASUREMENT 1
#define HAVE__NL_PAPER_HEIGHT 1
#define HAVE__NL_PAPER_WIDTH 1
#define HAVE_LOCALE_H 1
#define HAVE_LC_MESSAGES 1
#define HAVE_BIND_TEXTDOMAIN_CODESET 1
#define HAVE_GETTEXT 1
#define HAVE_DCGETTEXT 1
#define ENABLE_NLS 1
#define GTK_LOCALEDIR "/workspace_disk2/xsq_workspace/c_test/GTK_GITHUB/GTK-/libgtk/share/locale"
#define HAVE_BIND_TEXTDOMAIN_CODESET 1
#define HAVE_PWD_H 1
#define HAVE_PWD_H 1
#define HAVE_SYS_TIME_H 1
#define HAVE_SYS_TIME_H 1
#define HAVE_UNISTD_H 1
#define HAVE_UNISTD_H 1
#define HAVE_FTW_H 1
#define HAVE_FTW_H 1
#define HAVE_GNU_FTW 1
#define HAVE_STDLIB_H 1
#define HAVE_UNISTD_H 1
#define HAVE_SYS_PARAM_H 1
#define HAVE_GETPAGESIZE 1
#define HAVE_MALLINFO 1
#define HAVE_GETRESUID 1
#define USE_GMODULE 1
#define HAVE_SYS_SYSINFO_H 1

configure: exit 1
