This file contains any messages produced by compilers while
running configure, to aid debugging if configure makes a mistake.

It was created by glib configure 2.58.3, which was
generated by GNU Autoconf 2.69.  Invocation command line was

  $ ./configure --prefix=/usr/local/include/

## --------- ##
## Platform. ##
## --------- ##

hostname = OptiPlex-3070
uname -m = x86_64
uname -r = 5.4.0-47-generic
uname -s = Linux
uname -v = #51~18.04.1-Ubuntu SMP Sat Sep 5 14:35:50 UTC 2020

/usr/bin/uname -p = unknown
/bin/uname -X     = unknown

/bin/arch              = unknown
/usr/bin/arch -k       = unknown
/usr/convex/getsysinfo = unknown
/usr/bin/hostinfo      = unknown
/bin/machine           = unknown
/usr/bin/oslevel       = unknown
/bin/universe          = unknown

PATH: /opt/jdk1.6.0_31/bin
PATH: /opt/gcc-linaro-5.5.0/bin
PATH: /opt/hisi-linux/x86-arm/arm-himix200-linux/bin
PATH: /usr/local/sbin
PATH: /usr/local/bin
PATH: /usr/sbin
PATH: /usr/bin
PATH: /sbin
PATH: /bin
PATH: /usr/games
PATH: /usr/local/games
PATH: /snap/bin


## ----------- ##
## Core tests. ##
## ----------- ##

configure:3087: checking for a BSD-compatible install
configure:3155: result: /usr/bin/install -c
configure:3166: checking whether build environment is sane
configure:3221: result: yes
configure:3372: checking for a thread-safe mkdir -p
configure:3411: result: /bin/mkdir -p
configure:3418: checking for gawk
configure:3434: found /usr/bin/gawk
configure:3445: result: gawk
configure:3456: checking whether make sets $(MAKE)
configure:3478: result: yes
configure:3507: checking whether make supports nested variables
configure:3524: result: yes
configure:3604: checking whether UID '1005' is supported by ustar format
configure:3607: result: yes
configure:3614: checking whether GID '1005' is supported by ustar format
configure:3617: result: yes
configure:3625: checking how to create a ustar tar archive
configure:3636: tar --version
tar (GNU tar) 1.29
Copyright (C) 2015 Free Software Foundation, Inc.
License GPLv3+: GNU GPL version 3 or later <http://gnu.org/licenses/gpl.html>.
This is free software: you are free to change and redistribute it.
There is NO WARRANTY, to the extent permitted by law.

Written by John Gilmore and Jay Fenlason.
configure:3639: $? = 0
configure:3679: tardir=conftest.dir && eval tar --format=ustar -chf - "$tardir" >conftest.tar
configure:3682: $? = 0
configure:3686: tar -xf - <conftest.tar
configure:3689: $? = 0
configure:3691: cat conftest.dir/file
GrepMe
configure:3694: $? = 0
configure:3707: result: gnutar
configure:3758: checking whether to enable maintainer-specific portions of Makefiles
configure:3767: result: yes
configure:3795: checking whether make supports nested variables
configure:3812: result: yes
configure:3914: checking for gcc
configure:3930: found /usr/bin/gcc
configure:3941: result: gcc
configure:4170: checking for C compiler version
configure:4179: gcc --version >&5
gcc (Ubuntu 7.5.0-3ubuntu1~18.04) 7.5.0
Copyright (C) 2017 Free Software Foundation, Inc.
This is free software; see the source for copying conditions.  There is NO
warranty; not even for MERCHANTABILITY or FITNESS FOR A PARTICULAR PURPOSE.

configure:4190: $? = 0
configure:4179: gcc -v >&5
Using built-in specs.
COLLECT_GCC=gcc
COLLECT_LTO_WRAPPER=/usr/lib/gcc/x86_64-linux-gnu/7/lto-wrapper
OFFLOAD_TARGET_NAMES=nvptx-none
OFFLOAD_TARGET_DEFAULT=1
Target: x86_64-linux-gnu
Configured with: ../src/configure -v --with-pkgversion='Ubuntu 7.5.0-3ubuntu1~18.04' --with-bugurl=file:///usr/share/doc/gcc-7/README.Bugs --enable-languages=c,ada,c++,go,brig,d,fortran,objc,obj-c++ --prefix=/usr --with-gcc-major-version-only --program-suffix=-7 --program-prefix=x86_64-linux-gnu- --enable-shared --enable-linker-build-id --libexecdir=/usr/lib --without-included-gettext --enable-threads=posix --libdir=/usr/lib --enable-nls --enable-bootstrap --enable-clocale=gnu --enable-libstdcxx-debug --enable-libstdcxx-time=yes --with-default-libstdcxx-abi=new --enable-gnu-unique-object --disable-vtable-verify --enable-libmpx --enable-plugin --enable-default-pie --with-system-zlib --with-target-system-zlib --enable-objc-gc=auto --enable-multiarch --disable-werror --with-arch-32=i686 --with-abi=m64 --with-multilib-list=m32,m64,mx32 --enable-multilib --with-tune=generic --enable-offload-targets=nvptx-none --without-cuda-driver --enable-checking=release --build=x86_64-linux-gnu --host=x86_64-linux-gnu --target=x86_64-linux-gnu
Thread model: posix
gcc version 7.5.0 (Ubuntu 7.5.0-3ubuntu1~18.04) 
configure:4190: $? = 0
configure:4179: gcc -V >&5
gcc: error: unrecognized command line option '-V'
gcc: fatal error: no input files
compilation terminated.
configure:4190: $? = 1
configure:4179: gcc -qversion >&5
gcc: error: unrecognized command line option '-qversion'; did you mean '--version'?
gcc: fatal error: no input files
compilation terminated.
configure:4190: $? = 1
configure:4210: checking whether the C compiler works
configure:4232: gcc    conftest.c  >&5
configure:4236: $? = 0
configure:4284: result: yes
configure:4287: checking for C compiler default output file name
configure:4289: result: a.out
configure:4295: checking for suffix of executables
configure:4302: gcc -o conftest    conftest.c  >&5
configure:4306: $? = 0
configure:4328: result: 
configure:4350: checking whether we are cross compiling
configure:4358: gcc -o conftest    conftest.c  >&5
configure:4362: $? = 0
configure:4369: ./conftest
configure:4373: $? = 0
configure:4388: result: no
configure:4393: checking for suffix of object files
configure:4415: gcc -c   conftest.c >&5
configure:4419: $? = 0
configure:4440: result: o
configure:4444: checking whether we are using the GNU C compiler
configure:4463: gcc -c   conftest.c >&5
configure:4463: $? = 0
configure:4472: result: yes
configure:4481: checking whether gcc accepts -g
configure:4501: gcc -c -g  conftest.c >&5
configure:4501: $? = 0
configure:4542: result: yes
configure:4559: checking for gcc option to accept ISO C89
configure:4622: gcc  -c -g -O2  conftest.c >&5
configure:4622: $? = 0
configure:4635: result: none needed
configure:4660: checking whether gcc understands -c and -o together
configure:4682: gcc -c conftest.c -o conftest2.o
configure:4685: $? = 0
configure:4682: gcc -c conftest.c -o conftest2.o
configure:4685: $? = 0
configure:4697: result: yes
configure:4725: checking for style of include used by make
configure:4753: result: GNU
configure:4779: checking dependency style of gcc
configure:4890: result: none
configure:4910: checking how to run the C preprocessor
configure:4941: gcc -E  conftest.c
configure:4941: $? = 0
configure:4955: gcc -E  conftest.c
conftest.c:14:10: fatal error: ac_nonexistent.h: No such file or directory
 #include <ac_nonexistent.h>
          ^~~~~~~~~~~~~~~~~~
compilation terminated.
configure:4955: $? = 1
configure: failed program was:
| /* confdefs.h */
| #define PACKAGE_NAME "glib"
| #define PACKAGE_TARNAME "glib"
| #define PACKAGE_VERSION "2.58.3"
| #define PACKAGE_STRING "glib 2.58.3"
| #define PACKAGE_BUGREPORT "https://gitlab.gnome.org/GNOME/glib/issues/new"
| #define PACKAGE_URL ""
| #define GLIB_MAJOR_VERSION 2
| #define GLIB_MINOR_VERSION 58
| #define GLIB_MICRO_VERSION 3
| #define GLIB_INTERFACE_AGE 3
| #define GLIB_BINARY_AGE 5803
| /* end confdefs.h.  */
| #include <ac_nonexistent.h>
configure:4980: result: gcc -E
configure:5000: gcc -E  conftest.c
configure:5000: $? = 0
configure:5014: gcc -E  conftest.c
conftest.c:14:10: fatal error: ac_nonexistent.h: No such file or directory
 #include <ac_nonexistent.h>
          ^~~~~~~~~~~~~~~~~~
compilation terminated.
configure:5014: $? = 1
configure: failed program was:
| /* confdefs.h */
| #define PACKAGE_NAME "glib"
| #define PACKAGE_TARNAME "glib"
| #define PACKAGE_VERSION "2.58.3"
| #define PACKAGE_STRING "glib 2.58.3"
| #define PACKAGE_BUGREPORT "https://gitlab.gnome.org/GNOME/glib/issues/new"
| #define PACKAGE_URL ""
| #define GLIB_MAJOR_VERSION 2
| #define GLIB_MINOR_VERSION 58
| #define GLIB_MICRO_VERSION 3
| #define GLIB_INTERFACE_AGE 3
| #define GLIB_BINARY_AGE 5803
| /* end confdefs.h.  */
| #include <ac_nonexistent.h>
configure:5044: checking for grep that handles long lines and -e
configure:5102: result: /bin/grep
configure:5107: checking for egrep
configure:5169: result: /bin/grep -E
configure:5174: checking for ANSI C header files
configure:5194: gcc -c -g -O2  conftest.c >&5
configure:5194: $? = 0
configure:5267: gcc -o conftest -g -O2   conftest.c  >&5
configure:5267: $? = 0
configure:5267: ./conftest
configure:5267: $? = 0
configure:5278: result: yes
configure:5291: checking for sys/types.h
configure:5291: gcc -c -g -O2  conftest.c >&5
configure:5291: $? = 0
configure:5291: result: yes
configure:5291: checking for sys/stat.h
configure:5291: gcc -c -g -O2  conftest.c >&5
configure:5291: $? = 0
configure:5291: result: yes
configure:5291: checking for stdlib.h
configure:5291: gcc -c -g -O2  conftest.c >&5
configure:5291: $? = 0
configure:5291: result: yes
configure:5291: checking for string.h
configure:5291: gcc -c -g -O2  conftest.c >&5
configure:5291: $? = 0
configure:5291: result: yes
configure:5291: checking for memory.h
configure:5291: gcc -c -g -O2  conftest.c >&5
configure:5291: $? = 0
configure:5291: result: yes
configure:5291: checking for strings.h
configure:5291: gcc -c -g -O2  conftest.c >&5
configure:5291: $? = 0
configure:5291: result: yes
configure:5291: checking for inttypes.h
configure:5291: gcc -c -g -O2  conftest.c >&5
configure:5291: $? = 0
configure:5291: result: yes
configure:5291: checking for stdint.h
configure:5291: gcc -c -g -O2  conftest.c >&5
configure:5291: $? = 0
configure:5291: result: yes
configure:5291: checking for unistd.h
configure:5291: gcc -c -g -O2  conftest.c >&5
configure:5291: $? = 0
configure:5291: result: yes
configure:5304: checking minix/config.h usability
configure:5304: gcc -c -g -O2  conftest.c >&5
conftest.c:57:10: fatal error: minix/config.h: No such file or directory
 #include <minix/config.h>
          ^~~~~~~~~~~~~~~~
compilation terminated.
configure:5304: $? = 1
configure: failed program was:
| /* confdefs.h */
| #define PACKAGE_NAME "glib"
| #define PACKAGE_TARNAME "glib"
| #define PACKAGE_VERSION "2.58.3"
| #define PACKAGE_STRING "glib 2.58.3"
| #define PACKAGE_BUGREPORT "https://gitlab.gnome.org/GNOME/glib/issues/new"
| #define PACKAGE_URL ""
| #define GLIB_MAJOR_VERSION 2
| #define GLIB_MINOR_VERSION 58
| #define GLIB_MICRO_VERSION 3
| #define GLIB_INTERFACE_AGE 3
| #define GLIB_BINARY_AGE 5803
| #define STDC_HEADERS 1
| #define HAVE_SYS_TYPES_H 1
| #define HAVE_SYS_STAT_H 1
| #define HAVE_STDLIB_H 1
| #define HAVE_STRING_H 1
| #define HAVE_MEMORY_H 1
| #define HAVE_STRINGS_H 1
| #define HAVE_INTTYPES_H 1
| #define HAVE_STDINT_H 1
| #define HAVE_UNISTD_H 1
| /* end confdefs.h.  */
| #include <stdio.h>
| #ifdef HAVE_SYS_TYPES_H
| # include <sys/types.h>
| #endif
| #ifdef HAVE_SYS_STAT_H
| # include <sys/stat.h>
| #endif
| #ifdef STDC_HEADERS
| # include <stdlib.h>
| # include <stddef.h>
| #else
| # ifdef HAVE_STDLIB_H
| #  include <stdlib.h>
| # endif
| #endif
| #ifdef HAVE_STRING_H
| # if !defined STDC_HEADERS && defined HAVE_MEMORY_H
| #  include <memory.h>
| # endif
| # include <string.h>
| #endif
| #ifdef HAVE_STRINGS_H
| # include <strings.h>
| #endif
| #ifdef HAVE_INTTYPES_H
| # include <inttypes.h>
| #endif
| #ifdef HAVE_STDINT_H
| # include <stdint.h>
| #endif
| #ifdef HAVE_UNISTD_H
| # include <unistd.h>
| #endif
| #include <minix/config.h>
configure:5304: result: no
configure:5304: checking minix/config.h presence
configure:5304: gcc -E  conftest.c
conftest.c:24:10: fatal error: minix/config.h: No such file or directory
 #include <minix/config.h>
          ^~~~~~~~~~~~~~~~
compilation terminated.
configure:5304: $? = 1
configure: failed program was:
| /* confdefs.h */
| #define PACKAGE_NAME "glib"
| #define PACKAGE_TARNAME "glib"
| #define PACKAGE_VERSION "2.58.3"
| #define PACKAGE_STRING "glib 2.58.3"
| #define PACKAGE_BUGREPORT "https://gitlab.gnome.org/GNOME/glib/issues/new"
| #define PACKAGE_URL ""
| #define GLIB_MAJOR_VERSION 2
| #define GLIB_MINOR_VERSION 58
| #define GLIB_MICRO_VERSION 3
| #define GLIB_INTERFACE_AGE 3
| #define GLIB_BINARY_AGE 5803
| #define STDC_HEADERS 1
| #define HAVE_SYS_TYPES_H 1
| #define HAVE_SYS_STAT_H 1
| #define HAVE_STDLIB_H 1
| #define HAVE_STRING_H 1
| #define HAVE_MEMORY_H 1
| #define HAVE_STRINGS_H 1
| #define HAVE_INTTYPES_H 1
| #define HAVE_STDINT_H 1
| #define HAVE_UNISTD_H 1
| /* end confdefs.h.  */
| #include <minix/config.h>
configure:5304: result: no
configure:5304: checking for minix/config.h
configure:5304: result: no
configure:5325: checking whether it is safe to define __EXTENSIONS__
configure:5343: gcc -c -g -O2  conftest.c >&5
configure:5343: $? = 0
configure:5350: result: yes
configure:5378: checking build system type
configure:5392: result: x86_64-pc-linux-gnu
configure:5412: checking host system type
configure:5425: result: x86_64-pc-linux-gnu
configure:5447: checking for Win32
configure:5494: result: no
configure:5497: checking for the Android
configure:5507: result: no
configure:5513: checking for Mac OS X Carbon support
configure:5522: gcc -E  conftest.c
conftest.c:30:10: fatal error: Carbon/Carbon.h: No such file or directory
 #include <Carbon/Carbon.h>
          ^~~~~~~~~~~~~~~~~
compilation terminated.
configure:5522: $? = 1
configure: failed program was:
| /* confdefs.h */
| #define PACKAGE_NAME "glib"
| #define PACKAGE_TARNAME "glib"
| #define PACKAGE_VERSION "2.58.3"
| #define PACKAGE_STRING "glib 2.58.3"
| #define PACKAGE_BUGREPORT "https://gitlab.gnome.org/GNOME/glib/issues/new"
| #define PACKAGE_URL ""
| #define GLIB_MAJOR_VERSION 2
| #define GLIB_MINOR_VERSION 58
| #define GLIB_MICRO_VERSION 3
| #define GLIB_INTERFACE_AGE 3
| #define GLIB_BINARY_AGE 5803
| #define STDC_HEADERS 1
| #define HAVE_SYS_TYPES_H 1
| #define HAVE_SYS_STAT_H 1
| #define HAVE_STDLIB_H 1
| #define HAVE_STRING_H 1
| #define HAVE_MEMORY_H 1
| #define HAVE_STRINGS_H 1
| #define HAVE_INTTYPES_H 1
| #define HAVE_STDINT_H 1
| #define HAVE_UNISTD_H 1
| #define __EXTENSIONS__ 1
| #define _ALL_SOURCE 1
| #define _GNU_SOURCE 1
| #define _POSIX_PTHREAD_SEMANTICS 1
| #define _TANDEM_SOURCE 1
| /* end confdefs.h.  */
| 
| #include <Carbon/Carbon.h>
| #include <CoreServices/CoreServices.h>
| 
configure:5527: result: no
configure:5531: checking for Mac OS X Cocoa support
configure:5542: gcc -E  conftest.c
conftest.c:30:10: fatal error: Cocoa/Cocoa.h: No such file or directory
 #include <Cocoa/Cocoa.h>
          ^~~~~~~~~~~~~~~
compilation terminated.
configure:5542: $? = 1
configure: failed program was:
| /* confdefs.h */
| #define PACKAGE_NAME "glib"
| #define PACKAGE_TARNAME "glib"
| #define PACKAGE_VERSION "2.58.3"
| #define PACKAGE_STRING "glib 2.58.3"
| #define PACKAGE_BUGREPORT "https://gitlab.gnome.org/GNOME/glib/issues/new"
| #define PACKAGE_URL ""
| #define GLIB_MAJOR_VERSION 2
| #define GLIB_MINOR_VERSION 58
| #define GLIB_MICRO_VERSION 3
| #define GLIB_INTERFACE_AGE 3
| #define GLIB_BINARY_AGE 5803
| #define STDC_HEADERS 1
| #define HAVE_SYS_TYPES_H 1
| #define HAVE_SYS_STAT_H 1
| #define HAVE_STDLIB_H 1
| #define HAVE_STRING_H 1
| #define HAVE_MEMORY_H 1
| #define HAVE_STRINGS_H 1
| #define HAVE_INTTYPES_H 1
| #define HAVE_STDINT_H 1
| #define HAVE_UNISTD_H 1
| #define __EXTENSIONS__ 1
| #define _ALL_SOURCE 1
| #define _GNU_SOURCE 1
| #define _POSIX_PTHREAD_SEMANTICS 1
| #define _TANDEM_SOURCE 1
| /* end confdefs.h.  */
| 
| #include <Cocoa/Cocoa.h>
| #ifdef GNUSTEP_BASE_VERSION
| #error "Detected GNUstep, not Cocoa"
| #endif
| 
configure:5547: result: no
configure:6198: checking for c++
configure:6214: found /usr/bin/c++
configure:6225: result: c++
configure:6368: checking for C++ compiler version
configure:6377: c++ --version >&5
c++ (Ubuntu 7.5.0-3ubuntu1~18.04) 7.5.0
Copyright (C) 2017 Free Software Foundation, Inc.
This is free software; see the source for copying conditions.  There is NO
warranty; not even for MERCHANTABILITY or FITNESS FOR A PARTICULAR PURPOSE.

configure:6388: $? = 0
configure:6377: c++ -v >&5
Using built-in specs.
COLLECT_GCC=c++
COLLECT_LTO_WRAPPER=/usr/lib/gcc/x86_64-linux-gnu/7/lto-wrapper
OFFLOAD_TARGET_NAMES=nvptx-none
OFFLOAD_TARGET_DEFAULT=1
Target: x86_64-linux-gnu
Configured with: ../src/configure -v --with-pkgversion='Ubuntu 7.5.0-3ubuntu1~18.04' --with-bugurl=file:///usr/share/doc/gcc-7/README.Bugs --enable-languages=c,ada,c++,go,brig,d,fortran,objc,obj-c++ --prefix=/usr --with-gcc-major-version-only --program-suffix=-7 --program-prefix=x86_64-linux-gnu- --enable-shared --enable-linker-build-id --libexecdir=/usr/lib --without-included-gettext --enable-threads=posix --libdir=/usr/lib --enable-nls --enable-bootstrap --enable-clocale=gnu --enable-libstdcxx-debug --enable-libstdcxx-time=yes --with-default-libstdcxx-abi=new --enable-gnu-unique-object --disable-vtable-verify --enable-libmpx --enable-plugin --enable-default-pie --with-system-zlib --with-target-system-zlib --enable-objc-gc=auto --enable-multiarch --disable-werror --with-arch-32=i686 --with-abi=m64 --with-multilib-list=m32,m64,mx32 --enable-multilib --with-tune=generic --enable-offload-targets=nvptx-none --without-cuda-driver --enable-checking=release --build=x86_64-linux-gnu --host=x86_64-linux-gnu --target=x86_64-linux-gnu
Thread model: posix
gcc version 7.5.0 (Ubuntu 7.5.0-3ubuntu1~18.04) 
configure:6388: $? = 0
configure:6377: c++ -V >&5
c++: error: unrecognized command line option '-V'
c++: fatal error: no input files
compilation terminated.
configure:6388: $? = 1
configure:6377: c++ -qversion >&5
c++: error: unrecognized command line option '-qversion'; did you mean '--version'?
c++: fatal error: no input files
compilation terminated.
configure:6388: $? = 1
configure:6392: checking whether we are using the GNU C++ compiler
configure:6411: c++ -c   conftest.cpp >&5
configure:6411: $? = 0
configure:6420: result: yes
configure:6429: checking whether c++ accepts -g
configure:6449: c++ -c -g  conftest.cpp >&5
configure:6449: $? = 0
configure:6490: result: yes
configure:6515: checking dependency style of c++
configure:6626: result: none
configure:6653: c++ -c -g -O2  conftest.cpp >&5
configure:6653: $? = 0
configure:6684: checking for special C compiler options needed for large files
configure:6729: result: no
configure:6735: checking for _FILE_OFFSET_BITS value needed for large files
configure:6760: gcc -c -g -O2  conftest.c >&5
configure:6760: $? = 0
configure:6792: result: no
configure:6932: checking for pkg-config
configure:6950: found /usr/bin/pkg-config
configure:6962: result: /usr/bin/pkg-config
configure:6987: checking pkg-config is at least version 0.16
configure:6990: result: yes
configure:7062: checking for gawk
configure:7089: result: gawk
configure:7148: checking for a Python interpreter with version >= 2.7
configure:7165: python -c import sys # split strings by '.' and convert to numeric. Append some zeros # because we need at least 4 digits for the hex conversion. # map returns an iterator in Python 3.0 and a list in 2.x minver = list(map(int, '2.7'.split('.'))) + [0, 0, 0] minverhex = 0 # xrange is not present in Python 3.0 and range returns an iterator for i in list(range(0, 4)): minverhex = (minverhex << 8) + minver[i] sys.exit(sys.hexversion < minverhex)
configure:7168: $? = 0
configure:7174: result: python
configure:7182: checking for python
configure:7200: found /usr/bin/python
configure:7212: result: /usr/bin/python
configure:7230: checking for python version
configure:7237: result: 2.7
configure:7249: checking for python platform
configure:7256: result: linux2
configure:7282: checking for python script directory
configure:7317: result: ${prefix}/lib/python2.7/site-packages
configure:7326: checking for python extension module directory
configure:7361: result: ${exec_prefix}/lib/python2.7/site-packages
configure:7397: checking for iconv_open
configure:7397: gcc -o conftest -g -O2   conftest.c  >&5
configure:7397: $? = 0
configure:7397: result: yes
configure:7590: checking for ZLIB
configure:7597: $PKG_CONFIG --exists --print-errors "zlib"
configure:7600: $? = 0
configure:7614: $PKG_CONFIG --exists --print-errors "zlib"
configure:7617: $? = 0
configure:7655: result: yes
configure:7716: checking for LIBFFI
configure:7723: $PKG_CONFIG --exists --print-errors "libffi >= 3.0.0"
Package libffi was not found in the pkg-config search path.
Perhaps you should add the directory containing `libffi.pc'
to the PKG_CONFIG_PATH environment variable
No package 'libffi' found
configure:7726: $? = 1
configure:7740: $PKG_CONFIG --exists --print-errors "libffi >= 3.0.0"
Package libffi was not found in the pkg-config search path.
Perhaps you should add the directory containing `libffi.pc'
to the PKG_CONFIG_PATH environment variable
No package 'libffi' found
configure:7743: $? = 1
configure:7757: result: no
No package 'libffi' found
configure:7773: error: Package requirements (libffi >= 3.0.0) were not met:

No package 'libffi' found

Consider adjusting the PKG_CONFIG_PATH environment variable if you
installed software in a non-standard prefix.

Alternatively, you may set the environment variables LIBFFI_CFLAGS
and LIBFFI_LIBS to avoid the need to call pkg-config.
See the pkg-config man page for more details.

## ---------------- ##
## Cache variables. ##
## ---------------- ##

ac_cv_build=x86_64-pc-linux-gnu
ac_cv_c_compiler_gnu=yes
ac_cv_cxx_compiler_gnu=yes
ac_cv_env_CCC_set=
ac_cv_env_CCC_value=
ac_cv_env_CC_set=
ac_cv_env_CC_value=
ac_cv_env_CFLAGS_set=
ac_cv_env_CFLAGS_value=
ac_cv_env_CPPFLAGS_set=
ac_cv_env_CPPFLAGS_value=
ac_cv_env_CPP_set=
ac_cv_env_CPP_value=
ac_cv_env_CXXCPP_set=
ac_cv_env_CXXCPP_value=
ac_cv_env_CXXFLAGS_set=
ac_cv_env_CXXFLAGS_value=
ac_cv_env_CXX_set=
ac_cv_env_CXX_value=
ac_cv_env_DBUS1_CFLAGS_set=
ac_cv_env_DBUS1_CFLAGS_value=
ac_cv_env_DBUS1_LIBS_set=
ac_cv_env_DBUS1_LIBS_value=
ac_cv_env_GTKDOC_DEPS_CFLAGS_set=
ac_cv_env_GTKDOC_DEPS_CFLAGS_value=
ac_cv_env_GTKDOC_DEPS_LIBS_set=
ac_cv_env_GTKDOC_DEPS_LIBS_value=
ac_cv_env_LDFLAGS_set=
ac_cv_env_LDFLAGS_value=
ac_cv_env_LIBELF_CFLAGS_set=
ac_cv_env_LIBELF_CFLAGS_value=
ac_cv_env_LIBELF_LIBS_set=
ac_cv_env_LIBELF_LIBS_value=
ac_cv_env_LIBFFI_CFLAGS_set=
ac_cv_env_LIBFFI_CFLAGS_value=
ac_cv_env_LIBFFI_LIBS_set=
ac_cv_env_LIBFFI_LIBS_value=
ac_cv_env_LIBMOUNT_CFLAGS_set=
ac_cv_env_LIBMOUNT_CFLAGS_value=
ac_cv_env_LIBMOUNT_LIBS_set=
ac_cv_env_LIBMOUNT_LIBS_value=
ac_cv_env_LIBS_set=
ac_cv_env_LIBS_value=
ac_cv_env_LT_SYS_LIBRARY_PATH_set=
ac_cv_env_LT_SYS_LIBRARY_PATH_value=
ac_cv_env_PCRE_CFLAGS_set=
ac_cv_env_PCRE_CFLAGS_value=
ac_cv_env_PCRE_LIBS_set=
ac_cv_env_PCRE_LIBS_value=
ac_cv_env_PKG_CONFIG_LIBDIR_set=
ac_cv_env_PKG_CONFIG_LIBDIR_value=
ac_cv_env_PKG_CONFIG_PATH_set=
ac_cv_env_PKG_CONFIG_PATH_value=
ac_cv_env_PKG_CONFIG_set=
ac_cv_env_PKG_CONFIG_value=
ac_cv_env_PYTHON_set=
ac_cv_env_PYTHON_value=
ac_cv_env_ZLIB_CFLAGS_set=
ac_cv_env_ZLIB_CFLAGS_value=
ac_cv_env_ZLIB_LIBS_set=
ac_cv_env_ZLIB_LIBS_value=
ac_cv_env_build_alias_set=
ac_cv_env_build_alias_value=
ac_cv_env_host_alias_set=
ac_cv_env_host_alias_value=
ac_cv_env_target_alias_set=
ac_cv_env_target_alias_value=
ac_cv_func_iconv_open=yes
ac_cv_have_os_x_9_or_later=no
ac_cv_header_inttypes_h=yes
ac_cv_header_memory_h=yes
ac_cv_header_minix_config_h=no
ac_cv_header_stdc=yes
ac_cv_header_stdint_h=yes
ac_cv_header_stdlib_h=yes
ac_cv_header_string_h=yes
ac_cv_header_strings_h=yes
ac_cv_header_sys_stat_h=yes
ac_cv_header_sys_types_h=yes
ac_cv_header_unistd_h=yes
ac_cv_host=x86_64-pc-linux-gnu
ac_cv_objext=o
ac_cv_path_EGREP='/bin/grep -E'
ac_cv_path_GREP=/bin/grep
ac_cv_path_PYTHON=/usr/bin/python
ac_cv_path_ac_pt_PKG_CONFIG=/usr/bin/pkg-config
ac_cv_path_install='/usr/bin/install -c'
ac_cv_path_mkdir=/bin/mkdir
ac_cv_prog_AWK=gawk
ac_cv_prog_CPP='gcc -E'
ac_cv_prog_ac_ct_CC=gcc
ac_cv_prog_ac_ct_CXX=c++
ac_cv_prog_cc_c89=
ac_cv_prog_cc_g=yes
ac_cv_prog_cxx_g=yes
ac_cv_prog_make_make_set=yes
ac_cv_safe_to_define___extensions__=yes
ac_cv_sys_file_offset_bits=no
ac_cv_sys_largefile_CC=no
am_cv_CC_dependencies_compiler_type=none
am_cv_CXX_dependencies_compiler_type=none
am_cv_make_support_nested_variables=yes
am_cv_pathless_PYTHON=python
am_cv_prog_cc_c_o=yes
am_cv_prog_tar_ustar=gnutar
am_cv_python_platform=linux2
am_cv_python_pyexecdir='${exec_prefix}/lib/python2.7/site-packages'
am_cv_python_pythondir='${prefix}/lib/python2.7/site-packages'
am_cv_python_version=2.7
pkg_cv_ZLIB_CFLAGS=
pkg_cv_ZLIB_LIBS=-lz

## ----------------- ##
## Output variables. ##
## ----------------- ##

ABS_TAPSET_DIR=''
ACLOCAL='${SHELL} /home/xsq/xsq_workspace/xsq_workspace/c_test/GTK_GITHUB/GTK-/glib-2.58.3/missing aclocal-1.15'
AMDEPBACKSLASH='\'
AMDEP_FALSE='#'
AMDEP_TRUE=''
AMTAR='$${TAR-tar}'
AM_BACKSLASH='\'
AM_DEFAULT_V='$(AM_DEFAULT_VERBOSITY)'
AM_DEFAULT_VERBOSITY='0'
AM_V='$(V)'
AR=''
AS=''
AUTOCONF='${SHELL} /home/xsq/xsq_workspace/xsq_workspace/c_test/GTK_GITHUB/GTK-/glib-2.58.3/missing autoconf'
AUTOHEADER='${SHELL} /home/xsq/xsq_workspace/xsq_workspace/c_test/GTK_GITHUB/GTK-/glib-2.58.3/missing autoheader'
AUTOMAKE='${SHELL} /home/xsq/xsq_workspace/xsq_workspace/c_test/GTK_GITHUB/GTK-/glib-2.58.3/missing automake-1.15'
AWK='gawk'
CARBON_LIBS=''
CATALOGS=''
CATOBJEXT=''
CC='gcc'
CCDEPMODE='depmode=none'
CFLAGS='-g -O2'
COCOA_LIBS=''
CONFIG_STATUS_DEPENDENCIES=''
CPP='gcc -E'
CPPFLAGS=''
CROSS_COMPILING_FALSE=''
CROSS_COMPILING_TRUE=''
CXX='c++'
CXXCPP=''
CXXDEPMODE='depmode=none'
CXXFLAGS='-g -O2'
CYGPATH_W='echo'
DATADIRNAME=''
DBUS1_CFLAGS=''
DBUS1_LIBS=''
DBUS_DAEMON=''
DEFS=''
DEPDIR='.deps'
DLLTOOL=''
DSYMUTIL=''
DTRACE=''
DUMPBIN=''
ECHO_C=''
ECHO_N='-n'
ECHO_T=''
EGREP='/bin/grep -E'
ENABLE_ALWAYS_BUILD_TESTS_FALSE=''
ENABLE_ALWAYS_BUILD_TESTS_TRUE='#'
ENABLE_DTRACE_FALSE=''
ENABLE_DTRACE_TRUE=''
ENABLE_GTK_DOC_FALSE=''
ENABLE_GTK_DOC_TRUE=''
ENABLE_INSTALLED_TESTS_FALSE=''
ENABLE_INSTALLED_TESTS_TRUE='#'
ENABLE_MAN_FALSE=''
ENABLE_MAN_TRUE=''
ENABLE_SYSTEMTAP_FALSE=''
ENABLE_SYSTEMTAP_TRUE=''
ENABLE_TIMELOOP_FALSE=''
ENABLE_TIMELOOP_TRUE=''
EXEEXT=''
FAM_LIBS=''
FGREP=''
GETTEXT_PACKAGE=''
GIO_MODULE_DIR=''
GLIBC21=''
GLIB_BINARY_AGE='5803'
GLIB_CHARSETALIAS_DIR=''
GLIB_DEBUG_FLAGS='-DG_DISABLE_CAST_CHECKS'
GLIB_EXTRA_CFLAGS=''
GLIB_HIDDEN_VISIBILITY_CFLAGS=''
GLIB_INTERFACE_AGE='3'
GLIB_LINK_FLAGS=''
GLIB_MAJOR_VERSION='2'
GLIB_MICRO_VERSION='3'
GLIB_MINOR_VERSION='58'
GLIB_RUNTIME_LIBDIR=''
GLIB_VERSION='2.58.3'
GLIB_WARN_CFLAGS=''
GLIB_WIN32_STATIC_COMPILATION_DEFINE=''
GMOFILES=''
GMSGFMT=''
GREP='/bin/grep'
GTHREAD_COMPILE_IMPL_DEFINES=''
GTKDOC_CHECK=''
GTKDOC_CHECK_PATH=''
GTKDOC_DEPS_CFLAGS=''
GTKDOC_DEPS_LIBS=''
GTKDOC_MKPDF=''
GTKDOC_REBASE=''
GTK_DOC_BUILD_HTML_FALSE=''
GTK_DOC_BUILD_HTML_TRUE=''
GTK_DOC_BUILD_PDF_FALSE=''
GTK_DOC_BUILD_PDF_TRUE=''
GTK_DOC_USE_LIBTOOL_FALSE=''
GTK_DOC_USE_LIBTOOL_TRUE=''
GTK_DOC_USE_REBASE_FALSE=''
GTK_DOC_USE_REBASE_TRUE=''
G_IO_CHANNEL_WIN32_FALSE=''
G_IO_CHANNEL_WIN32_TRUE=''
G_LIBS_EXTRA=''
G_MODULE_BROKEN_RTLD_GLOBAL=''
G_MODULE_HAVE_DLERROR=''
G_MODULE_IMPL=''
G_MODULE_LDFLAGS=''
G_MODULE_LIBS=''
G_MODULE_LIBS_EXTRA=''
G_MODULE_NEED_USCORE=''
G_MODULE_PLUGIN_LIBS=''
G_MODULE_SUPPORTED=''
G_SPAWN_WIN32_FALSE=''
G_SPAWN_WIN32_TRUE=''
G_THREAD_CFLAGS=''
G_THREAD_LIBS=''
G_THREAD_LIBS_EXTRA=''
G_THREAD_LIBS_FOR_GTHREAD=''
HAVE_CXX_FALSE='#'
HAVE_CXX_TRUE=''
HAVE_DBUS1_FALSE=''
HAVE_DBUS1_TRUE=''
HAVE_DBUS_DAEMON_FALSE=''
HAVE_DBUS_DAEMON_TRUE=''
HAVE_EVENTFD_FALSE=''
HAVE_EVENTFD_TRUE=''
HAVE_FAM_FALSE=''
HAVE_FAM_TRUE=''
HAVE_GCC_FALSE='#'
HAVE_GCC_TRUE=''
HAVE_GLIB_RUNTIME_LIBDIR_FALSE=''
HAVE_GLIB_RUNTIME_LIBDIR_TRUE='#'
HAVE_GNUC_VISIBILITY_FALSE=''
HAVE_GNUC_VISIBILITY_TRUE=''
HAVE_GOOD_PRINTF_FALSE=''
HAVE_GOOD_PRINTF_TRUE=''
HAVE_GTK_DOC_FALSE=''
HAVE_GTK_DOC_TRUE=''
HAVE_INOTIFY_FALSE=''
HAVE_INOTIFY_TRUE=''
HAVE_KQUEUE_FALSE=''
HAVE_KQUEUE_TRUE=''
HAVE_LIBMOUNT_FALSE=''
HAVE_LIBMOUNT_TRUE=''
HAVE_NETLINK_FALSE=''
HAVE_NETLINK_TRUE=''
HAVE_SUNSTUDIO_VISIBILITY_FALSE=''
HAVE_SUNSTUDIO_VISIBILITY_TRUE=''
HTML_DIR=''
ICONV_LIBS=''
INSTALL_DATA='${INSTALL} -m 644'
INSTALL_PROGRAM='${INSTALL}'
INSTALL_SCRIPT='${INSTALL}'
INSTALL_STRIP_PROGRAM='$(install_sh) -c -s'
INSTOBJEXT=''
INTLLIBS=''
INTL_MACOSX_LIBS=''
LD=''
LDFLAGS=''
LIBELF_CFLAGS=''
LIBELF_LIBS=''
LIBFFI_CFLAGS=''
LIBFFI_LIBS=''
LIBMOUNT_CFLAGS=''
LIBMOUNT_LIBS=''
LIBMOUNT_REQUIRES=''
LIBOBJS=''
LIBS=''
LIBTOOL=''
LIB_EXE_MACHINE_FLAG='X86'
LIPO=''
LN_S=''
LTLIBOBJS=''
LTP=''
LTP_GENHTML=''
LT_AGE='5800'
LT_CURRENT='5800'
LT_CURRENT_MINUS_AGE='0'
LT_RELEASE='2.58'
LT_REVISION='3'
LT_SYS_LIBRARY_PATH=''
MAC_OS_X_9_FALSE=''
MAC_OS_X_9_TRUE='#'
MAINT=''
MAINTAINER_MODE_FALSE='#'
MAINTAINER_MODE_TRUE=''
MAKEINFO='${SHELL} /home/xsq/xsq_workspace/xsq_workspace/c_test/GTK_GITHUB/GTK-/glib-2.58.3/missing makeinfo'
MANIFEST_TOOL=''
MKDIR_P='/bin/mkdir -p'
MKINSTALLDIRS=''
MSGFMT=''
MSGFMT_OPTS=''
MSVC_BASE_NO_TOOLSET_SET_FALSE=''
MSVC_BASE_NO_TOOLSET_SET_TRUE=''
MSVC_NO_TOOLSET_SET_FALSE=''
MSVC_NO_TOOLSET_SET_TRUE=''
MS_LIB_AVAILABLE_FALSE=''
MS_LIB_AVAILABLE_TRUE='#'
NAMESER_COMPAT_INCLUDE=''
NETWORK_LIBS=''
NM=''
NMEDIT=''
OBJDUMP=''
OBJEXT='o'
OS_CARBON_FALSE=''
OS_CARBON_TRUE='#'
OS_COCOA_FALSE=''
OS_COCOA_TRUE='#'
OS_LINUX_FALSE='#'
OS_LINUX_TRUE=''
OS_UNIX_FALSE='#'
OS_UNIX_TRUE=''
OS_WIN32_AND_DLL_COMPILATION_FALSE=''
OS_WIN32_AND_DLL_COMPILATION_TRUE=''
OS_WIN32_FALSE=''
OS_WIN32_TRUE='#'
OS_WIN32_X64_FALSE=''
OS_WIN32_X64_TRUE='#'
OTOOL64=''
OTOOL=''
PACKAGE='glib'
PACKAGE_BUGREPORT='https://gitlab.gnome.org/GNOME/glib/issues/new'
PACKAGE_NAME='glib'
PACKAGE_STRING='glib 2.58.3'
PACKAGE_TARNAME='glib'
PACKAGE_URL=''
PACKAGE_VERSION='2.58.3'
PATH_SEPARATOR=':'
PCRE_CFLAGS=''
PCRE_LIBS=''
PCRE_REQUIRES=''
PCRE_WARN_CFLAGS=''
PKG_CONFIG='/usr/bin/pkg-config'
PKG_CONFIG_LIBDIR=''
PKG_CONFIG_PATH=''
PLATFORM_WIN32_FALSE=''
PLATFORM_WIN32_TRUE=''
POFILES=''
POSUB=''
PO_IN_DATADIR_FALSE=''
PO_IN_DATADIR_TRUE=''
PYTHON='/usr/bin/python'
PYTHON_EXEC_PREFIX='${exec_prefix}'
PYTHON_PLATFORM='linux2'
PYTHON_PREFIX='${prefix}'
PYTHON_VERSION='2.7'
RANLIB=''
SED=''
SELINUX_LIBS=''
SET_MAKE=''
SHELL='/bin/sh'
SHTOOL=''
STRIP=''
THREADS_POSIX_FALSE=''
THREADS_POSIX_TRUE=''
THREADS_WIN32_FALSE=''
THREADS_WIN32_TRUE=''
USE_NLS=''
USE_SYSTEM_PCRE_FALSE=''
USE_SYSTEM_PCRE_TRUE=''
VERSION='2.58.3'
WINDRES=''
WSPIAPI_INCLUDE=''
XATTR_LIBS=''
XGETTEXT=''
XMLCATALOG=''
XML_CATALOG_FILE=''
XSLTPROC=''
ZLIB_CFLAGS=''
ZLIB_LIBS='-lz'
ac_ct_AR=''
ac_ct_CC='gcc'
ac_ct_CXX='c++'
ac_ct_DUMPBIN=''
am__EXEEXT_FALSE=''
am__EXEEXT_TRUE=''
am__fastdepCC_FALSE=''
am__fastdepCC_TRUE='#'
am__fastdepCXX_FALSE=''
am__fastdepCXX_TRUE='#'
am__include='include'
am__isrc=''
am__leading_dot='.'
am__nodep='_no'
am__quote=''
am__tar='tar --format=ustar -chf - "$$tardir"'
am__untar='tar -xf -'
bindir='${exec_prefix}/bin'
build='x86_64-pc-linux-gnu'
build_alias=''
build_cpu='x86_64'
build_os='linux-gnu'
build_vendor='pc'
config_h_INCLUDES=''
datadir='${datarootdir}'
datarootdir='${prefix}/share'
docdir='${datarootdir}/doc/${PACKAGE_TARNAME}'
dvidir='${docdir}'
exec_prefix='NONE'
gio_INCLUDES=''
glib_INCLUDES=''
gmodule_INCLUDES=''
gobject_INCLUDES=''
host='x86_64-pc-linux-gnu'
host_alias=''
host_cpu='x86_64'
host_os='linux-gnu'
host_vendor='pc'
htmldir='${docdir}'
includedir='${prefix}/include'
infodir='${datarootdir}/info'
install_sh='${SHELL} /home/xsq/xsq_workspace/xsq_workspace/c_test/GTK_GITHUB/GTK-/glib-2.58.3/install-sh'
installed_test_metadir=''
installed_testdir=''
libdir='${exec_prefix}/lib'
libexecdir='${exec_prefix}/libexec'
localedir='${datarootdir}/locale'
localstatedir='${prefix}/var'
mandir='${datarootdir}/man'
mkdir_p='$(MKDIR_P)'
ms_librarian=''
oldincludedir='/usr/include'
pdfdir='${docdir}'
pkgpyexecdir='${pyexecdir}/glib'
pkgpythondir='${pythondir}/glib'
prefix='/usr/local/include'
program_transform_name='s,x,x,'
psdir='${docdir}'
pyexecdir='${exec_prefix}/lib/python2.7/site-packages'
pythondir='${prefix}/lib/python2.7/site-packages'
runstatedir='${localstatedir}/run'
sbindir='${exec_prefix}/sbin'
sharedstatedir='${prefix}/com'
sysconfdir='${prefix}/etc'
target_alias=''

## ----------- ##
## confdefs.h. ##
## ----------- ##

/* confdefs.h */
#define PACKAGE_NAME "glib"
#define PACKAGE_TARNAME "glib"
#define PACKAGE_VERSION "2.58.3"
#define PACKAGE_STRING "glib 2.58.3"
#define PACKAGE_BUGREPORT "https://gitlab.gnome.org/GNOME/glib/issues/new"
#define PACKAGE_URL ""
#define GLIB_MAJOR_VERSION 2
#define GLIB_MINOR_VERSION 58
#define GLIB_MICRO_VERSION 3
#define GLIB_INTERFACE_AGE 3
#define GLIB_BINARY_AGE 5803
#define STDC_HEADERS 1
#define HAVE_SYS_TYPES_H 1
#define HAVE_SYS_STAT_H 1
#define HAVE_STDLIB_H 1
#define HAVE_STRING_H 1
#define HAVE_MEMORY_H 1
#define HAVE_STRINGS_H 1
#define HAVE_INTTYPES_H 1
#define HAVE_STDINT_H 1
#define HAVE_UNISTD_H 1
#define __EXTENSIONS__ 1
#define _ALL_SOURCE 1
#define _GNU_SOURCE 1
#define _POSIX_PTHREAD_SEMANTICS 1
#define _TANDEM_SOURCE 1

configure: exit 1
