This file contains any messages produced by compilers while
running configure, to aid debugging if configure makes a mistake.

It was created by gtk+ configure 3.24.23, which was
generated by GNU Autoconf 2.69.  Invocation command line was

  $ ./configure --prefix=/workspace_disk2/xsq_workspace/c_test/GTK_GITHUB/GTK-/libgtk/ --host=arm-linux-gnueabihf

## --------- ##
## Platform. ##
## --------- ##

hostname = OptiPlex-3070
uname -m = x86_64
uname -r = 5.4.0-47-generic
uname -s = Linux
uname -v = #51~18.04.1-Ubuntu SMP Sat Sep 5 14:35:50 UTC 2020

/usr/bin/uname -p = unknown
/bin/uname -X     = unknown

/bin/arch              = unknown
/usr/bin/arch -k       = unknown
/usr/convex/getsysinfo = unknown
/usr/bin/hostinfo      = unknown
/bin/machine           = unknown
/usr/bin/oslevel       = unknown
/bin/universe          = unknown

PATH: /opt/jdk1.6.0_31/bin
PATH: /opt/gcc-linaro-5.5.0/bin
PATH: /opt/hisi-linux/x86-arm/arm-himix200-linux/bin
PATH: /usr/local/sbin
PATH: /usr/local/bin
PATH: /usr/sbin
PATH: /usr/bin
PATH: /sbin
PATH: /bin
PATH: /usr/games
PATH: /usr/local/games
PATH: /snap/bin


## ----------- ##
## Core tests. ##
## ----------- ##

configure:3224: checking build system type
configure:3238: result: x86_64-pc-linux-gnu
configure:3258: checking host system type
configure:3271: result: arm-unknown-linux-gnueabihf
configure:3356: checking for a BSD-compatible install
configure:3424: result: /usr/bin/install -c
configure:3435: checking whether build environment is sane
configure:3490: result: yes
configure:3549: checking for arm-linux-gnueabihf-strip
configure:3565: found /opt/gcc-linaro-5.5.0/bin/arm-linux-gnueabihf-strip
configure:3576: result: arm-linux-gnueabihf-strip
configure:3641: checking for a thread-safe mkdir -p
configure:3680: result: /bin/mkdir -p
configure:3687: checking for gawk
configure:3703: found /usr/bin/gawk
configure:3714: result: gawk
configure:3725: checking whether make sets $(MAKE)
configure:3747: result: yes
configure:3776: checking whether make supports nested variables
configure:3793: result: yes
configure:3873: checking whether UID '1005' is supported by ustar format
configure:3876: result: yes
configure:3883: checking whether GID '1005' is supported by ustar format
configure:3886: result: yes
configure:3894: checking how to create a ustar tar archive
configure:3905: tar --version
tar (GNU tar) 1.29
Copyright (C) 2015 Free Software Foundation, Inc.
License GPLv3+: GNU GPL version 3 or later <http://gnu.org/licenses/gpl.html>.
This is free software: you are free to change and redistribute it.
There is NO WARRANTY, to the extent permitted by law.

Written by John Gilmore and Jay Fenlason.
configure:3908: $? = 0
configure:3948: tardir=conftest.dir && eval tar --format=ustar -chf - "$tardir" >conftest.tar
configure:3951: $? = 0
configure:3955: tar -xf - <conftest.tar
configure:3958: $? = 0
configure:3960: cat conftest.dir/file
GrepMe
configure:3963: $? = 0
configure:3976: result: gnutar
configure:4027: checking whether to enable maintainer-specific portions of Makefiles
configure:4036: result: yes
configure:4064: checking whether make supports nested variables
configure:4081: result: yes
configure:4168: checking for arm-linux-gnueabihf-gcc
configure:4184: found /opt/gcc-linaro-5.5.0/bin/arm-linux-gnueabihf-gcc
configure:4195: result: arm-linux-gnueabihf-gcc
configure:4464: checking for C compiler version
configure:4473: arm-linux-gnueabihf-gcc --version >&5
arm-linux-gnueabihf-gcc (Linaro GCC 5.5-2017.10) 5.5.0
Copyright (C) 2015 Free Software Foundation, Inc.
This is free software; see the source for copying conditions.  There is NO
warranty; not even for MERCHANTABILITY or FITNESS FOR A PARTICULAR PURPOSE.

configure:4484: $? = 0
configure:4473: arm-linux-gnueabihf-gcc -v >&5
Using built-in specs.
COLLECT_GCC=arm-linux-gnueabihf-gcc
COLLECT_LTO_WRAPPER=/opt/gcc-linaro-5.5.0/bin/../libexec/gcc/arm-linux-gnueabihf/5.5.0/lto-wrapper
Target: arm-linux-gnueabihf
Configured with: '/home/tcwg-buildslave/workspace/tcwg-make-release/builder_arch/amd64/label/tcwg-x86_64-build/target/arm-linux-gnueabihf/snapshots/gcc.git~linaro-5.5-2017.10/configure' SHELL=/bin/bash --with-mpc=/home/tcwg-buildslave/workspace/tcwg-make-release/builder_arch/amd64/label/tcwg-x86_64-build/target/arm-linux-gnueabihf/_build/builds/destdir/x86_64-unknown-linux-gnu --with-mpfr=/home/tcwg-buildslave/workspace/tcwg-make-release/builder_arch/amd64/label/tcwg-x86_64-build/target/arm-linux-gnueabihf/_build/builds/destdir/x86_64-unknown-linux-gnu --with-gmp=/home/tcwg-buildslave/workspace/tcwg-make-release/builder_arch/amd64/label/tcwg-x86_64-build/target/arm-linux-gnueabihf/_build/builds/destdir/x86_64-unknown-linux-gnu --with-gnu-as --with-gnu-ld --disable-libmudflap --enable-lto --enable-shared --without-included-gettext --enable-nls --disable-sjlj-exceptions --enable-gnu-unique-object --enable-linker-build-id --disable-libstdcxx-pch --enable-c99 --enable-clocale=gnu --enable-libstdcxx-debug --enable-long-long --with-cloog=no --with-ppl=no --with-isl=no --disable-multilib --with-float=hard --with-fpu=vfpv3-d16 --with-mode=thumb --with-tune=cortex-a9 --with-arch=armv7-a --enable-threads=posix --enable-multiarch --enable-libstdcxx-time=yes --with-build-sysroot=/home/tcwg-buildslave/workspace/tcwg-make-release/builder_arch/amd64/label/tcwg-x86_64-build/target/arm-linux-gnueabihf/_build/sysroots/arm-linux-gnueabihf --with-sysroot=/home/tcwg-buildslave/workspace/tcwg-make-release/builder_arch/amd64/label/tcwg-x86_64-build/target/arm-linux-gnueabihf/_build/builds/destdir/x86_64-unknown-linux-gnu/arm-linux-gnueabihf/libc --enable-checking=release --disable-bootstrap --enable-languages=c,c++,fortran,lto --build=x86_64-unknown-linux-gnu --host=x86_64-unknown-linux-gnu --target=arm-linux-gnueabihf --prefix=/home/tcwg-buildslave/workspace/tcwg-make-release/builder_arch/amd64/label/tcwg-x86_64-build/target/arm-linux-gnueabihf/_build/builds/destdir/x86_64-unknown-linux-gnu
Thread model: posix
gcc version 5.5.0 (Linaro GCC 5.5-2017.10) 
configure:4484: $? = 0
configure:4473: arm-linux-gnueabihf-gcc -V >&5
arm-linux-gnueabihf-gcc: error: unrecognized command line option '-V'
arm-linux-gnueabihf-gcc: fatal error: no input files
compilation terminated.
configure:4484: $? = 1
configure:4473: arm-linux-gnueabihf-gcc -qversion >&5
arm-linux-gnueabihf-gcc: error: unrecognized command line option '-qversion'
arm-linux-gnueabihf-gcc: fatal error: no input files
compilation terminated.
configure:4484: $? = 1
configure:4504: checking whether the C compiler works
configure:4526: arm-linux-gnueabihf-gcc    conftest.c  >&5
configure:4530: $? = 0
configure:4578: result: yes
configure:4581: checking for C compiler default output file name
configure:4583: result: a.out
configure:4589: checking for suffix of executables
configure:4596: arm-linux-gnueabihf-gcc -o conftest    conftest.c  >&5
configure:4600: $? = 0
configure:4622: result: 
configure:4644: checking whether we are cross compiling
configure:4652: arm-linux-gnueabihf-gcc -o conftest    conftest.c  >&5
configure:4656: $? = 0
configure:4663: ./conftest
./configure: line 4665: ./conftest: cannot execute binary file: Exec format error
configure:4667: $? = 126
configure:4682: result: yes
configure:4687: checking for suffix of object files
configure:4709: arm-linux-gnueabihf-gcc -c   conftest.c >&5
configure:4713: $? = 0
configure:4734: result: o
configure:4738: checking whether we are using the GNU C compiler
configure:4757: arm-linux-gnueabihf-gcc -c   conftest.c >&5
configure:4757: $? = 0
configure:4766: result: yes
configure:4775: checking whether arm-linux-gnueabihf-gcc accepts -g
configure:4795: arm-linux-gnueabihf-gcc -c -g  conftest.c >&5
configure:4795: $? = 0
configure:4836: result: yes
configure:4853: checking for arm-linux-gnueabihf-gcc option to accept ISO C89
configure:4916: arm-linux-gnueabihf-gcc  -c -g -O2  conftest.c >&5
configure:4916: $? = 0
configure:4929: result: none needed
configure:4954: checking whether arm-linux-gnueabihf-gcc understands -c and -o together
configure:4976: arm-linux-gnueabihf-gcc -c conftest.c -o conftest2.o
configure:4979: $? = 0
configure:4976: arm-linux-gnueabihf-gcc -c conftest.c -o conftest2.o
configure:4979: $? = 0
configure:4991: result: yes
configure:5011: checking whether make supports the include directive
configure:5026: make -f confmf.GNU && cat confinc.out
this is the am__doit target
configure:5029: $? = 0
configure:5048: result: yes (GNU style)
configure:5073: checking dependency style of arm-linux-gnueabihf-gcc
configure:5184: result: gcc3
configure:5204: checking how to run the C preprocessor
configure:5235: arm-linux-gnueabihf-gcc -E  conftest.c
configure:5235: $? = 0
configure:5249: arm-linux-gnueabihf-gcc -E  conftest.c
conftest.c:9:28: fatal error: ac_nonexistent.h: No such file or directory
compilation terminated.
configure:5249: $? = 1
configure: failed program was:
| /* confdefs.h */
| #define PACKAGE_NAME "gtk+"
| #define PACKAGE_TARNAME "gtk+"
| #define PACKAGE_VERSION "3.24.23"
| #define PACKAGE_STRING "gtk+ 3.24.23"
| #define PACKAGE_BUGREPORT "http://bugzilla.gnome.org/enter_bug.cgi?product=gtk%2B"
| #define PACKAGE_URL ""
| /* end confdefs.h.  */
| #include <ac_nonexistent.h>
configure:5274: result: arm-linux-gnueabihf-gcc -E
configure:5294: arm-linux-gnueabihf-gcc -E  conftest.c
configure:5294: $? = 0
configure:5308: arm-linux-gnueabihf-gcc -E  conftest.c
conftest.c:9:28: fatal error: ac_nonexistent.h: No such file or directory
compilation terminated.
configure:5308: $? = 1
configure: failed program was:
| /* confdefs.h */
| #define PACKAGE_NAME "gtk+"
| #define PACKAGE_TARNAME "gtk+"
| #define PACKAGE_VERSION "3.24.23"
| #define PACKAGE_STRING "gtk+ 3.24.23"
| #define PACKAGE_BUGREPORT "http://bugzilla.gnome.org/enter_bug.cgi?product=gtk%2B"
| #define PACKAGE_URL ""
| /* end confdefs.h.  */
| #include <ac_nonexistent.h>
configure:5392: checking for gcc
configure:5408: found /usr/bin/gcc
configure:5419: result: gcc
configure:5648: checking for C compiler version
configure:5657: gcc --version >&5
gcc (Ubuntu 7.5.0-3ubuntu1~18.04) 7.5.0
Copyright (C) 2017 Free Software Foundation, Inc.
This is free software; see the source for copying conditions.  There is NO
warranty; not even for MERCHANTABILITY or FITNESS FOR A PARTICULAR PURPOSE.

configure:5668: $? = 0
configure:5657: gcc -v >&5
Using built-in specs.
COLLECT_GCC=gcc
COLLECT_LTO_WRAPPER=/usr/lib/gcc/x86_64-linux-gnu/7/lto-wrapper
OFFLOAD_TARGET_NAMES=nvptx-none
OFFLOAD_TARGET_DEFAULT=1
Target: x86_64-linux-gnu
Configured with: ../src/configure -v --with-pkgversion='Ubuntu 7.5.0-3ubuntu1~18.04' --with-bugurl=file:///usr/share/doc/gcc-7/README.Bugs --enable-languages=c,ada,c++,go,brig,d,fortran,objc,obj-c++ --prefix=/usr --with-gcc-major-version-only --program-suffix=-7 --program-prefix=x86_64-linux-gnu- --enable-shared --enable-linker-build-id --libexecdir=/usr/lib --without-included-gettext --enable-threads=posix --libdir=/usr/lib --enable-nls --enable-bootstrap --enable-clocale=gnu --enable-libstdcxx-debug --enable-libstdcxx-time=yes --with-default-libstdcxx-abi=new --enable-gnu-unique-object --disable-vtable-verify --enable-libmpx --enable-plugin --enable-default-pie --with-system-zlib --with-target-system-zlib --enable-objc-gc=auto --enable-multiarch --disable-werror --with-arch-32=i686 --with-abi=m64 --with-multilib-list=m32,m64,mx32 --enable-multilib --with-tune=generic --enable-offload-targets=nvptx-none --without-cuda-driver --enable-checking=release --build=x86_64-linux-gnu --host=x86_64-linux-gnu --target=x86_64-linux-gnu
Thread model: posix
gcc version 7.5.0 (Ubuntu 7.5.0-3ubuntu1~18.04) 
configure:5668: $? = 0
configure:5657: gcc -V >&5
gcc: error: unrecognized command line option '-V'
gcc: fatal error: no input files
compilation terminated.
configure:5668: $? = 1
configure:5657: gcc -qversion >&5
gcc: error: unrecognized command line option '-qversion'; did you mean '--version'?
gcc: fatal error: no input files
compilation terminated.
configure:5668: $? = 1
configure:5672: checking whether we are using the GNU C compiler
configure:5700: result: yes
configure:5709: checking whether gcc accepts -g
configure:5729: arm-linux-gnueabihf-gcc -c -g -O2  conftest.c >&5
configure:5729: $? = 0
configure:5770: result: yes
configure:5787: checking for gcc option to accept ISO C89
configure:5863: result: none needed
configure:5888: checking whether gcc understands -c and -o together
configure:5925: result: yes
configure:5944: checking dependency style of gcc
configure:6055: result: gcc3
configure:6075: checking how to run the C preprocessor
configure:6106: arm-linux-gnueabihf-gcc -E  conftest.c
configure:6106: $? = 0
configure:6120: arm-linux-gnueabihf-gcc -E  conftest.c
conftest.c:9:28: fatal error: ac_nonexistent.h: No such file or directory
compilation terminated.
configure:6120: $? = 1
configure: failed program was:
| /* confdefs.h */
| #define PACKAGE_NAME "gtk+"
| #define PACKAGE_TARNAME "gtk+"
| #define PACKAGE_VERSION "3.24.23"
| #define PACKAGE_STRING "gtk+ 3.24.23"
| #define PACKAGE_BUGREPORT "http://bugzilla.gnome.org/enter_bug.cgi?product=gtk%2B"
| #define PACKAGE_URL ""
| /* end confdefs.h.  */
| #include <ac_nonexistent.h>
configure:6145: result: gcc -E
configure:6165: arm-linux-gnueabihf-gcc -E  conftest.c
configure:6165: $? = 0
configure:6179: arm-linux-gnueabihf-gcc -E  conftest.c
conftest.c:9:28: fatal error: ac_nonexistent.h: No such file or directory
compilation terminated.
configure:6179: $? = 1
configure: failed program was:
| /* confdefs.h */
| #define PACKAGE_NAME "gtk+"
| #define PACKAGE_TARNAME "gtk+"
| #define PACKAGE_VERSION "3.24.23"
| #define PACKAGE_STRING "gtk+ 3.24.23"
| #define PACKAGE_BUGREPORT "http://bugzilla.gnome.org/enter_bug.cgi?product=gtk%2B"
| #define PACKAGE_URL ""
| /* end confdefs.h.  */
| #include <ac_nonexistent.h>
configure:6217: checking whether arm-linux-gnueabihf-gcc and cc understand -c and -o together
configure:6248: arm-linux-gnueabihf-gcc -c conftest.c -o conftest2.o >&5
configure:6252: $? = 0
configure:6258: arm-linux-gnueabihf-gcc -c conftest.c -o conftest2.o >&5
configure:6262: $? = 0
configure:6273: cc -c conftest.c >&5
configure:6277: $? = 0
configure:6285: cc -c conftest.c -o conftest2.o >&5
configure:6289: $? = 0
configure:6295: cc -c conftest.c -o conftest2.o >&5
configure:6299: $? = 0
configure:6317: result: yes
configure:6329: checking whether make sets $(MAKE)
configure:6351: result: yes
configure:6364: checking for grep that handles long lines and -e
configure:6422: result: /bin/grep
configure:6427: checking for egrep
configure:6489: result: /bin/grep -E
configure:6494: checking for ANSI C header files
configure:6514: arm-linux-gnueabihf-gcc -c -g -O2  conftest.c >&5
configure:6514: $? = 0
configure:6598: result: yes
configure:6611: checking for sys/types.h
configure:6611: arm-linux-gnueabihf-gcc -c -g -O2  conftest.c >&5
configure:6611: $? = 0
configure:6611: result: yes
configure:6611: checking for sys/stat.h
configure:6611: arm-linux-gnueabihf-gcc -c -g -O2  conftest.c >&5
configure:6611: $? = 0
configure:6611: result: yes
configure:6611: checking for stdlib.h
configure:6611: arm-linux-gnueabihf-gcc -c -g -O2  conftest.c >&5
configure:6611: $? = 0
configure:6611: result: yes
configure:6611: checking for string.h
configure:6611: arm-linux-gnueabihf-gcc -c -g -O2  conftest.c >&5
configure:6611: $? = 0
configure:6611: result: yes
configure:6611: checking for memory.h
configure:6611: arm-linux-gnueabihf-gcc -c -g -O2  conftest.c >&5
configure:6611: $? = 0
configure:6611: result: yes
configure:6611: checking for strings.h
configure:6611: arm-linux-gnueabihf-gcc -c -g -O2  conftest.c >&5
configure:6611: $? = 0
configure:6611: result: yes
configure:6611: checking for inttypes.h
configure:6611: arm-linux-gnueabihf-gcc -c -g -O2  conftest.c >&5
configure:6611: $? = 0
configure:6611: result: yes
configure:6611: checking for stdint.h
configure:6611: arm-linux-gnueabihf-gcc -c -g -O2  conftest.c >&5
configure:6611: $? = 0
configure:6611: result: yes
configure:6611: checking for unistd.h
configure:6611: arm-linux-gnueabihf-gcc -c -g -O2  conftest.c >&5
configure:6611: $? = 0
configure:6611: result: yes
configure:6624: checking minix/config.h usability
configure:6624: arm-linux-gnueabihf-gcc -c -g -O2  conftest.c >&5
conftest.c:52:26: fatal error: minix/config.h: No such file or directory
compilation terminated.
configure:6624: $? = 1
configure: failed program was:
| /* confdefs.h */
| #define PACKAGE_NAME "gtk+"
| #define PACKAGE_TARNAME "gtk+"
| #define PACKAGE_VERSION "3.24.23"
| #define PACKAGE_STRING "gtk+ 3.24.23"
| #define PACKAGE_BUGREPORT "http://bugzilla.gnome.org/enter_bug.cgi?product=gtk%2B"
| #define PACKAGE_URL ""
| #define STDC_HEADERS 1
| #define HAVE_SYS_TYPES_H 1
| #define HAVE_SYS_STAT_H 1
| #define HAVE_STDLIB_H 1
| #define HAVE_STRING_H 1
| #define HAVE_MEMORY_H 1
| #define HAVE_STRINGS_H 1
| #define HAVE_INTTYPES_H 1
| #define HAVE_STDINT_H 1
| #define HAVE_UNISTD_H 1
| /* end confdefs.h.  */
| #include <stdio.h>
| #ifdef HAVE_SYS_TYPES_H
| # include <sys/types.h>
| #endif
| #ifdef HAVE_SYS_STAT_H
| # include <sys/stat.h>
| #endif
| #ifdef STDC_HEADERS
| # include <stdlib.h>
| # include <stddef.h>
| #else
| # ifdef HAVE_STDLIB_H
| #  include <stdlib.h>
| # endif
| #endif
| #ifdef HAVE_STRING_H
| # if !defined STDC_HEADERS && defined HAVE_MEMORY_H
| #  include <memory.h>
| # endif
| # include <string.h>
| #endif
| #ifdef HAVE_STRINGS_H
| # include <strings.h>
| #endif
| #ifdef HAVE_INTTYPES_H
| # include <inttypes.h>
| #endif
| #ifdef HAVE_STDINT_H
| # include <stdint.h>
| #endif
| #ifdef HAVE_UNISTD_H
| # include <unistd.h>
| #endif
| #include <minix/config.h>
configure:6624: result: no
configure:6624: checking minix/config.h presence
configure:6624: arm-linux-gnueabihf-gcc -E  conftest.c
conftest.c:19:26: fatal error: minix/config.h: No such file or directory
compilation terminated.
configure:6624: $? = 1
configure: failed program was:
| /* confdefs.h */
| #define PACKAGE_NAME "gtk+"
| #define PACKAGE_TARNAME "gtk+"
| #define PACKAGE_VERSION "3.24.23"
| #define PACKAGE_STRING "gtk+ 3.24.23"
| #define PACKAGE_BUGREPORT "http://bugzilla.gnome.org/enter_bug.cgi?product=gtk%2B"
| #define PACKAGE_URL ""
| #define STDC_HEADERS 1
| #define HAVE_SYS_TYPES_H 1
| #define HAVE_SYS_STAT_H 1
| #define HAVE_STDLIB_H 1
| #define HAVE_STRING_H 1
| #define HAVE_MEMORY_H 1
| #define HAVE_STRINGS_H 1
| #define HAVE_INTTYPES_H 1
| #define HAVE_STDINT_H 1
| #define HAVE_UNISTD_H 1
| /* end confdefs.h.  */
| #include <minix/config.h>
configure:6624: result: no
configure:6624: checking for minix/config.h
configure:6624: result: no
configure:6645: checking whether it is safe to define __EXTENSIONS__
configure:6663: arm-linux-gnueabihf-gcc -c -g -O2  conftest.c >&5
configure:6663: $? = 0
configure:6670: result: yes
configure:6686: checking for a sed that does not truncate output
configure:6750: result: /bin/sed
configure:6756: checking whether NLS is requested
configure:6765: result: yes
configure:6805: checking for msgfmt
configure: trying /usr/bin/msgfmt...
0 translated messages.
configure:6837: result: /usr/bin/msgfmt
configure:6846: checking for gmsgfmt
configure:6877: result: /usr/bin/msgfmt
configure:6927: checking for xgettext
configure: trying /usr/bin/xgettext...
/usr/bin/xgettext: warning: file '/dev/null' extension '' is unknown; will try C
configure:6959: result: /usr/bin/xgettext
configure:7004: checking for msgmerge
configure: trying /usr/bin/msgmerge...
configure:7035: result: /usr/bin/msgmerge
configure:7093: checking for ld used by arm-linux-gnueabihf-gcc
configure:7160: result: /opt/gcc-linaro-5.5.0/arm-linux-gnueabihf/bin/ld
configure:7167: checking if the linker (/opt/gcc-linaro-5.5.0/arm-linux-gnueabihf/bin/ld) is GNU ld
configure:7182: result: yes
configure:7189: checking for shared library run path origin
configure:7202: result: done
configure:7774: checking for CFPreferencesCopyAppValue
configure:7792: arm-linux-gnueabihf-gcc -o conftest -g -O2   conftest.c  -Wl,-framework -Wl,CoreFoundation >&5
conftest.c:24:42: fatal error: CoreFoundation/CFPreferences.h: No such file or directory
compilation terminated.
configure:7792: $? = 1
configure: failed program was:
| /* confdefs.h */
| #define PACKAGE_NAME "gtk+"
| #define PACKAGE_TARNAME "gtk+"
| #define PACKAGE_VERSION "3.24.23"
| #define PACKAGE_STRING "gtk+ 3.24.23"
| #define PACKAGE_BUGREPORT "http://bugzilla.gnome.org/enter_bug.cgi?product=gtk%2B"
| #define PACKAGE_URL ""
| #define STDC_HEADERS 1
| #define HAVE_SYS_TYPES_H 1
| #define HAVE_SYS_STAT_H 1
| #define HAVE_STDLIB_H 1
| #define HAVE_STRING_H 1
| #define HAVE_MEMORY_H 1
| #define HAVE_STRINGS_H 1
| #define HAVE_INTTYPES_H 1
| #define HAVE_STDINT_H 1
| #define HAVE_UNISTD_H 1
| #define __EXTENSIONS__ 1
| #define _ALL_SOURCE 1
| #define _GNU_SOURCE 1
| #define _POSIX_PTHREAD_SEMANTICS 1
| #define _TANDEM_SOURCE 1
| /* end confdefs.h.  */
| #include <CoreFoundation/CFPreferences.h>
| int
| main ()
| {
| CFPreferencesCopyAppValue(NULL, NULL)
|   ;
|   return 0;
| }
configure:7801: result: no
configure:7808: checking for CFLocaleCopyCurrent
configure:7826: arm-linux-gnueabihf-gcc -o conftest -g -O2   conftest.c  -Wl,-framework -Wl,CoreFoundation >&5
conftest.c:24:37: fatal error: CoreFoundation/CFLocale.h: No such file or directory
compilation terminated.
configure:7826: $? = 1
configure: failed program was:
| /* confdefs.h */
| #define PACKAGE_NAME "gtk+"
| #define PACKAGE_TARNAME "gtk+"
| #define PACKAGE_VERSION "3.24.23"
| #define PACKAGE_STRING "gtk+ 3.24.23"
| #define PACKAGE_BUGREPORT "http://bugzilla.gnome.org/enter_bug.cgi?product=gtk%2B"
| #define PACKAGE_URL ""
| #define STDC_HEADERS 1
| #define HAVE_SYS_TYPES_H 1
| #define HAVE_SYS_STAT_H 1
| #define HAVE_STDLIB_H 1
| #define HAVE_STRING_H 1
| #define HAVE_MEMORY_H 1
| #define HAVE_STRINGS_H 1
| #define HAVE_INTTYPES_H 1
| #define HAVE_STDINT_H 1
| #define HAVE_UNISTD_H 1
| #define __EXTENSIONS__ 1
| #define _ALL_SOURCE 1
| #define _GNU_SOURCE 1
| #define _POSIX_PTHREAD_SEMANTICS 1
| #define _TANDEM_SOURCE 1
| /* end confdefs.h.  */
| #include <CoreFoundation/CFLocale.h>
| int
| main ()
| {
| CFLocaleCopyCurrent();
|   ;
|   return 0;
| }
configure:7835: result: no
configure:7884: checking for GNU gettext in libc
configure:7908: arm-linux-gnueabihf-gcc -o conftest -g -O2   conftest.c  >&5
configure:7908: $? = 0
configure:7917: result: yes
configure:8754: checking whether to use NLS
configure:8756: result: yes
configure:8759: checking where the gettext function comes from
configure:8770: result: libc
configure:8838: checking for native Win32
configure:8860: result: no
configure:8881: checking for arm-linux-gnueabihf-c++
configure:8897: found /opt/gcc-linaro-5.5.0/bin/arm-linux-gnueabihf-c++
configure:8908: result: arm-linux-gnueabihf-c++
configure:9095: checking for C++ compiler version
configure:9104: arm-linux-gnueabihf-c++ --version >&5
arm-linux-gnueabihf-c++ (Linaro GCC 5.5-2017.10) 5.5.0
Copyright (C) 2015 Free Software Foundation, Inc.
This is free software; see the source for copying conditions.  There is NO
warranty; not even for MERCHANTABILITY or FITNESS FOR A PARTICULAR PURPOSE.

configure:9115: $? = 0
configure:9104: arm-linux-gnueabihf-c++ -v >&5
Using built-in specs.
COLLECT_GCC=arm-linux-gnueabihf-c++
COLLECT_LTO_WRAPPER=/opt/gcc-linaro-5.5.0/bin/../libexec/gcc/arm-linux-gnueabihf/5.5.0/lto-wrapper
Target: arm-linux-gnueabihf
Configured with: '/home/tcwg-buildslave/workspace/tcwg-make-release/builder_arch/amd64/label/tcwg-x86_64-build/target/arm-linux-gnueabihf/snapshots/gcc.git~linaro-5.5-2017.10/configure' SHELL=/bin/bash --with-mpc=/home/tcwg-buildslave/workspace/tcwg-make-release/builder_arch/amd64/label/tcwg-x86_64-build/target/arm-linux-gnueabihf/_build/builds/destdir/x86_64-unknown-linux-gnu --with-mpfr=/home/tcwg-buildslave/workspace/tcwg-make-release/builder_arch/amd64/label/tcwg-x86_64-build/target/arm-linux-gnueabihf/_build/builds/destdir/x86_64-unknown-linux-gnu --with-gmp=/home/tcwg-buildslave/workspace/tcwg-make-release/builder_arch/amd64/label/tcwg-x86_64-build/target/arm-linux-gnueabihf/_build/builds/destdir/x86_64-unknown-linux-gnu --with-gnu-as --with-gnu-ld --disable-libmudflap --enable-lto --enable-shared --without-included-gettext --enable-nls --disable-sjlj-exceptions --enable-gnu-unique-object --enable-linker-build-id --disable-libstdcxx-pch --enable-c99 --enable-clocale=gnu --enable-libstdcxx-debug --enable-long-long --with-cloog=no --with-ppl=no --with-isl=no --disable-multilib --with-float=hard --with-fpu=vfpv3-d16 --with-mode=thumb --with-tune=cortex-a9 --with-arch=armv7-a --enable-threads=posix --enable-multiarch --enable-libstdcxx-time=yes --with-build-sysroot=/home/tcwg-buildslave/workspace/tcwg-make-release/builder_arch/amd64/label/tcwg-x86_64-build/target/arm-linux-gnueabihf/_build/sysroots/arm-linux-gnueabihf --with-sysroot=/home/tcwg-buildslave/workspace/tcwg-make-release/builder_arch/amd64/label/tcwg-x86_64-build/target/arm-linux-gnueabihf/_build/builds/destdir/x86_64-unknown-linux-gnu/arm-linux-gnueabihf/libc --enable-checking=release --disable-bootstrap --enable-languages=c,c++,fortran,lto --build=x86_64-unknown-linux-gnu --host=x86_64-unknown-linux-gnu --target=arm-linux-gnueabihf --prefix=/home/tcwg-buildslave/workspace/tcwg-make-release/builder_arch/amd64/label/tcwg-x86_64-build/target/arm-linux-gnueabihf/_build/builds/destdir/x86_64-unknown-linux-gnu
Thread model: posix
gcc version 5.5.0 (Linaro GCC 5.5-2017.10) 
configure:9115: $? = 0
configure:9104: arm-linux-gnueabihf-c++ -V >&5
arm-linux-gnueabihf-c++: error: unrecognized command line option '-V'
arm-linux-gnueabihf-c++: fatal error: no input files
compilation terminated.
configure:9115: $? = 1
configure:9104: arm-linux-gnueabihf-c++ -qversion >&5
arm-linux-gnueabihf-c++: error: unrecognized command line option '-qversion'
arm-linux-gnueabihf-c++: fatal error: no input files
compilation terminated.
configure:9115: $? = 1
configure:9119: checking whether we are using the GNU C++ compiler
configure:9138: arm-linux-gnueabihf-c++ -c   conftest.cpp >&5
configure:9138: $? = 0
configure:9147: result: yes
configure:9156: checking whether arm-linux-gnueabihf-c++ accepts -g
configure:9176: arm-linux-gnueabihf-c++ -c -g  conftest.cpp >&5
configure:9176: $? = 0
configure:9217: result: yes
configure:9242: checking dependency style of arm-linux-gnueabihf-c++
configure:9353: result: gcc3
configure:9380: arm-linux-gnueabihf-c++ -c -g -O2  conftest.cpp >&5
configure:9380: $? = 0
configure:9408: arm-linux-gnueabihf-c++ -c -g -O2 -x objective-c++  conftest.cpp >&5
arm-linux-gnueabihf-c++: error: language objective-c++ not recognized
arm-linux-gnueabihf-c++: error: language objective-c++ not recognized
configure:9408: $? = 1
configure: failed program was:
| /* confdefs.h */
| #define PACKAGE_NAME "gtk+"
| #define PACKAGE_TARNAME "gtk+"
| #define PACKAGE_VERSION "3.24.23"
| #define PACKAGE_STRING "gtk+ 3.24.23"
| #define PACKAGE_BUGREPORT "http://bugzilla.gnome.org/enter_bug.cgi?product=gtk%2B"
| #define PACKAGE_URL ""
| #define STDC_HEADERS 1
| #define HAVE_SYS_TYPES_H 1
| #define HAVE_SYS_STAT_H 1
| #define HAVE_STDLIB_H 1
| #define HAVE_STRING_H 1
| #define HAVE_MEMORY_H 1
| #define HAVE_STRINGS_H 1
| #define HAVE_INTTYPES_H 1
| #define HAVE_STDINT_H 1
| #define HAVE_UNISTD_H 1
| #define __EXTENSIONS__ 1
| #define _ALL_SOURCE 1
| #define _GNU_SOURCE 1
| #define _POSIX_PTHREAD_SEMANTICS 1
| #define _TANDEM_SOURCE 1
| #define ENABLE_NLS 1
| #define HAVE_GETTEXT 1
| #define HAVE_DCGETTEXT 1
| #define GETTEXT_PACKAGE "gtk30"
| /* end confdefs.h.  */
| @interface Foo @end
| int
| main ()
| {
| 
|   ;
|   return 0;
| }
configure:9490: checking how to print strings
configure:9517: result: printf
configure:9538: checking for a sed that does not truncate output
configure:9602: result: /bin/sed
configure:9620: checking for fgrep
configure:9682: result: /bin/grep -F
configure:9717: checking for ld used by arm-linux-gnueabihf-gcc
configure:9784: result: /opt/gcc-linaro-5.5.0/arm-linux-gnueabihf/bin/ld
configure:9791: checking if the linker (/opt/gcc-linaro-5.5.0/arm-linux-gnueabihf/bin/ld) is GNU ld
configure:9806: result: yes
configure:9818: checking for BSD- or MS-compatible name lister (nm)
configure:9872: result: /opt/gcc-linaro-5.5.0/bin/arm-linux-gnueabihf-nm -B
configure:10002: checking the name lister (/opt/gcc-linaro-5.5.0/bin/arm-linux-gnueabihf-nm -B) interface
configure:10009: arm-linux-gnueabihf-gcc -c -g -O2  conftest.c >&5
configure:10012: /opt/gcc-linaro-5.5.0/bin/arm-linux-gnueabihf-nm -B "conftest.o"
configure:10015: output
00000000 B some_variable
configure:10022: result: BSD nm
configure:10025: checking whether ln -s works
configure:10029: result: yes
configure:10037: checking the maximum length of command line arguments
configure:10168: result: 1572864
configure:10216: checking how to convert x86_64-pc-linux-gnu file names to arm-unknown-linux-gnueabihf format
configure:10256: result: func_convert_file_noop
configure:10263: checking how to convert x86_64-pc-linux-gnu file names to toolchain format
configure:10283: result: func_convert_file_noop
configure:10290: checking for /opt/gcc-linaro-5.5.0/arm-linux-gnueabihf/bin/ld option to reload object files
configure:10297: result: -r
configure:10331: checking for arm-linux-gnueabihf-objdump
configure:10347: found /opt/gcc-linaro-5.5.0/bin/arm-linux-gnueabihf-objdump
configure:10358: result: arm-linux-gnueabihf-objdump
configure:10427: checking how to recognize dependent libraries
configure:10627: result: pass_all
configure:10672: checking for arm-linux-gnueabihf-dlltool
configure:10702: result: no
configure:10712: checking for dlltool
configure:10742: result: no
configure:10769: checking how to associate runtime and link libraries
configure:10796: result: printf %s\n
configure:10812: checking for arm-linux-gnueabihf-ar
configure:10828: found /opt/gcc-linaro-5.5.0/bin/arm-linux-gnueabihf-ar
configure:10839: result: arm-linux-gnueabihf-ar
configure:10920: checking for archiver @FILE support
configure:10937: arm-linux-gnueabihf-gcc -c -g -O2  conftest.c >&5
configure:10937: $? = 0
configure:10940: arm-linux-gnueabihf-ar cru libconftest.a @conftest.lst >&5
configure:10943: $? = 0
configure:10948: arm-linux-gnueabihf-ar cru libconftest.a @conftest.lst >&5
arm-linux-gnueabihf-ar: conftest.o: No such file or directory
configure:10951: $? = 1
configure:10963: result: @
configure:10981: checking for arm-linux-gnueabihf-strip
configure:11008: result: arm-linux-gnueabihf-strip
configure:11080: checking for arm-linux-gnueabihf-ranlib
configure:11096: found /opt/gcc-linaro-5.5.0/bin/arm-linux-gnueabihf-ranlib
configure:11107: result: arm-linux-gnueabihf-ranlib
configure:11249: checking command to parse /opt/gcc-linaro-5.5.0/bin/arm-linux-gnueabihf-nm -B output from arm-linux-gnueabihf-gcc object
configure:11402: arm-linux-gnueabihf-gcc -c -g -O2  conftest.c >&5
configure:11405: $? = 0
configure:11409: /opt/gcc-linaro-5.5.0/bin/arm-linux-gnueabihf-nm -B conftest.o \| sed -n -e 's/^.*[ ]\([ABCDGIRSTW][ABCDGIRSTW]*\)[ ][ ]*\([_A-Za-z][_A-Za-z0-9]*\)$/\1 \2 \2/p' | sed '/ __gnu_lto/d' \> conftest.nm
configure:11412: $? = 0
configure:11478: arm-linux-gnueabihf-gcc -o conftest -g -O2   conftest.c conftstm.o >&5
configure:11481: $? = 0
configure:11519: result: ok
configure:11566: checking for sysroot
configure:11596: result: no
configure:11603: checking for a working dd
configure:11641: result: /bin/dd
configure:11645: checking how to truncate binary pipes
configure:11660: result: /bin/dd bs=4096 count=1
configure:11949: checking for arm-linux-gnueabihf-mt
configure:11979: result: no
configure:11989: checking for mt
configure:12005: found /bin/mt
configure:12016: result: mt
configure:12028: WARNING: using cross tools not prefixed with host triplet
configure:12039: checking if mt is a manifest tool
configure:12045: mt '-?'
configure:12053: result: no
configure:12727: checking for dlfcn.h
configure:12727: arm-linux-gnueabihf-gcc -c -g -O2  conftest.c >&5
configure:12727: $? = 0
configure:12727: result: yes
configure:13290: checking for objdir
configure:13305: result: .libs
configure:13569: checking if arm-linux-gnueabihf-gcc supports -fno-rtti -fno-exceptions
configure:13587: arm-linux-gnueabihf-gcc -c -g -O2  -fno-rtti -fno-exceptions conftest.c >&5
cc1: warning: command line option '-fno-rtti' is valid for C++/ObjC++ but not for C
configure:13591: $? = 0
configure:13604: result: no
configure:13962: checking for arm-linux-gnueabihf-gcc option to produce PIC
configure:13969: result: -fPIC -DPIC
configure:13977: checking if arm-linux-gnueabihf-gcc PIC flag -fPIC -DPIC works
configure:13995: arm-linux-gnueabihf-gcc -c -g -O2  -fPIC -DPIC -DPIC conftest.c >&5
configure:13999: $? = 0
configure:14012: result: yes
configure:14041: checking if arm-linux-gnueabihf-gcc static flag -static works
configure:14069: result: yes
configure:14084: checking if arm-linux-gnueabihf-gcc supports -c -o file.o
configure:14105: arm-linux-gnueabihf-gcc -c -g -O2  -o out/conftest2.o conftest.c >&5
configure:14109: $? = 0
configure:14131: result: yes
configure:14139: checking if arm-linux-gnueabihf-gcc supports -c -o file.o
configure:14186: result: yes
configure:14219: checking whether the arm-linux-gnueabihf-gcc linker (/opt/gcc-linaro-5.5.0/arm-linux-gnueabihf/bin/ld) supports shared libraries
configure:15478: result: yes
configure:15515: checking whether -lc should be explicitly linked in
configure:15523: arm-linux-gnueabihf-gcc -c -g -O2  conftest.c >&5
configure:15526: $? = 0
configure:15541: arm-linux-gnueabihf-gcc -shared  -fPIC -DPIC conftest.o  -v -Wl,-soname -Wl,conftest -o conftest 2\>\&1 \| /bin/grep  -lc  \>/dev/null 2\>\&1
configure:15544: $? = 0
configure:15558: result: no
configure:15718: checking dynamic linker characteristics
configure:16299: arm-linux-gnueabihf-gcc -o conftest -g -O2   -Wl,-rpath -Wl,/foo conftest.c  >&5
configure:16299: $? = 0
configure:16539: result: GNU/Linux ld.so
configure:16661: checking how to hardcode library paths into programs
configure:16686: result: immediate
configure:17234: checking whether stripping libraries is possible
configure:17239: result: yes
configure:17274: checking if libtool supports shared libraries
configure:17276: result: yes
configure:17279: checking whether to build shared libraries
configure:17304: result: yes
configure:17307: checking whether to build static libraries
configure:17311: result: no
configure:17334: checking how to run the C++ preprocessor
configure:17361: arm-linux-gnueabihf-c++ -E  conftest.cpp
configure:17361: $? = 0
configure:17375: arm-linux-gnueabihf-c++ -E  conftest.cpp
conftest.cpp:30:28: fatal error: ac_nonexistent.h: No such file or directory
compilation terminated.
configure:17375: $? = 1
configure: failed program was:
| /* confdefs.h */
| #define PACKAGE_NAME "gtk+"
| #define PACKAGE_TARNAME "gtk+"
| #define PACKAGE_VERSION "3.24.23"
| #define PACKAGE_STRING "gtk+ 3.24.23"
| #define PACKAGE_BUGREPORT "http://bugzilla.gnome.org/enter_bug.cgi?product=gtk%2B"
| #define PACKAGE_URL ""
| #define STDC_HEADERS 1
| #define HAVE_SYS_TYPES_H 1
| #define HAVE_SYS_STAT_H 1
| #define HAVE_STDLIB_H 1
| #define HAVE_STRING_H 1
| #define HAVE_MEMORY_H 1
| #define HAVE_STRINGS_H 1
| #define HAVE_INTTYPES_H 1
| #define HAVE_STDINT_H 1
| #define HAVE_UNISTD_H 1
| #define __EXTENSIONS__ 1
| #define _ALL_SOURCE 1
| #define _GNU_SOURCE 1
| #define _POSIX_PTHREAD_SEMANTICS 1
| #define _TANDEM_SOURCE 1
| #define ENABLE_NLS 1
| #define HAVE_GETTEXT 1
| #define HAVE_DCGETTEXT 1
| #define GETTEXT_PACKAGE "gtk30"
| #define HAVE_DLFCN_H 1
| #define LT_OBJDIR ".libs/"
| /* end confdefs.h.  */
| #include <ac_nonexistent.h>
configure:17400: result: arm-linux-gnueabihf-c++ -E
configure:17420: arm-linux-gnueabihf-c++ -E  conftest.cpp
configure:17420: $? = 0
configure:17434: arm-linux-gnueabihf-c++ -E  conftest.cpp
conftest.cpp:30:28: fatal error: ac_nonexistent.h: No such file or directory
compilation terminated.
configure:17434: $? = 1
configure: failed program was:
| /* confdefs.h */
| #define PACKAGE_NAME "gtk+"
| #define PACKAGE_TARNAME "gtk+"
| #define PACKAGE_VERSION "3.24.23"
| #define PACKAGE_STRING "gtk+ 3.24.23"
| #define PACKAGE_BUGREPORT "http://bugzilla.gnome.org/enter_bug.cgi?product=gtk%2B"
| #define PACKAGE_URL ""
| #define STDC_HEADERS 1
| #define HAVE_SYS_TYPES_H 1
| #define HAVE_SYS_STAT_H 1
| #define HAVE_STDLIB_H 1
| #define HAVE_STRING_H 1
| #define HAVE_MEMORY_H 1
| #define HAVE_STRINGS_H 1
| #define HAVE_INTTYPES_H 1
| #define HAVE_STDINT_H 1
| #define HAVE_UNISTD_H 1
| #define __EXTENSIONS__ 1
| #define _ALL_SOURCE 1
| #define _GNU_SOURCE 1
| #define _POSIX_PTHREAD_SEMANTICS 1
| #define _TANDEM_SOURCE 1
| #define ENABLE_NLS 1
| #define HAVE_GETTEXT 1
| #define HAVE_DCGETTEXT 1
| #define GETTEXT_PACKAGE "gtk30"
| #define HAVE_DLFCN_H 1
| #define LT_OBJDIR ".libs/"
| /* end confdefs.h.  */
| #include <ac_nonexistent.h>
configure:17596: checking for ld used by arm-linux-gnueabihf-c++
configure:17663: result: /opt/gcc-linaro-5.5.0/arm-linux-gnueabihf/bin/ld
configure:17670: checking if the linker (/opt/gcc-linaro-5.5.0/arm-linux-gnueabihf/bin/ld) is GNU ld
configure:17685: result: yes
configure:17740: checking whether the arm-linux-gnueabihf-c++ linker (/opt/gcc-linaro-5.5.0/arm-linux-gnueabihf/bin/ld) supports shared libraries
configure:18813: result: yes
configure:18849: arm-linux-gnueabihf-c++ -c -g -O2  conftest.cpp >&5
configure:18852: $? = 0
configure:19333: checking for arm-linux-gnueabihf-c++ option to produce PIC
configure:19340: result: -fPIC -DPIC
configure:19348: checking if arm-linux-gnueabihf-c++ PIC flag -fPIC -DPIC works
configure:19366: arm-linux-gnueabihf-c++ -c -g -O2  -fPIC -DPIC -DPIC conftest.cpp >&5
configure:19370: $? = 0
configure:19383: result: yes
configure:19406: checking if arm-linux-gnueabihf-c++ static flag -static works
configure:19434: result: yes
configure:19446: checking if arm-linux-gnueabihf-c++ supports -c -o file.o
configure:19467: arm-linux-gnueabihf-c++ -c -g -O2  -o out/conftest2.o conftest.cpp >&5
configure:19471: $? = 0
configure:19493: result: yes
configure:19498: checking if arm-linux-gnueabihf-c++ supports -c -o file.o
configure:19545: result: yes
configure:19575: checking whether the arm-linux-gnueabihf-c++ linker (/opt/gcc-linaro-5.5.0/arm-linux-gnueabihf/bin/ld) supports shared libraries
configure:19615: result: yes
configure:19756: checking dynamic linker characteristics
configure:20504: result: GNU/Linux ld.so
configure:20569: checking how to hardcode library paths into programs
configure:20594: result: immediate
configure:20657: creating ./config.lt

## ------------------ ##
## Running config.lt. ##
## ------------------ ##
config.lt:684: creating libtool
configure:22222: checking for special C compiler options needed for large files
configure:22267: result: no
configure:22273: checking for _FILE_OFFSET_BITS value needed for large files
configure:22298: arm-linux-gnueabihf-gcc -c -g -O2  conftest.c >&5
conftest.c:35:33: warning: left shift count >= width of type [-Wshift-count-overflow]
 #define LARGE_OFF_T (((off_t) 1 << 62) - 1 + ((off_t) 1 << 62))
                                 ^
conftest.c:36:23: note: in expansion of macro 'LARGE_OFF_T'
   int off_t_is_large[(LARGE_OFF_T % 2147483629 == 721
                       ^
conftest.c:35:57: warning: left shift count >= width of type [-Wshift-count-overflow]
 #define LARGE_OFF_T (((off_t) 1 << 62) - 1 + ((off_t) 1 << 62))
                                                         ^
conftest.c:36:23: note: in expansion of macro 'LARGE_OFF_T'
   int off_t_is_large[(LARGE_OFF_T % 2147483629 == 721
                       ^
conftest.c:35:33: warning: left shift count >= width of type [-Wshift-count-overflow]
 #define LARGE_OFF_T (((off_t) 1 << 62) - 1 + ((off_t) 1 << 62))
                                 ^
conftest.c:37:13: note: in expansion of macro 'LARGE_OFF_T'
          && LARGE_OFF_T % 2147483647 == 1)
             ^
conftest.c:35:57: warning: left shift count >= width of type [-Wshift-count-overflow]
 #define LARGE_OFF_T (((off_t) 1 << 62) - 1 + ((off_t) 1 << 62))
                                                         ^
conftest.c:37:13: note: in expansion of macro 'LARGE_OFF_T'
          && LARGE_OFF_T % 2147483647 == 1)
             ^
conftest.c:36:7: error: variably modified 'off_t_is_large' at file scope
   int off_t_is_large[(LARGE_OFF_T % 2147483629 == 721
       ^
configure:22298: $? = 1
configure: failed program was:
| /* confdefs.h */
| #define PACKAGE_NAME "gtk+"
| #define PACKAGE_TARNAME "gtk+"
| #define PACKAGE_VERSION "3.24.23"
| #define PACKAGE_STRING "gtk+ 3.24.23"
| #define PACKAGE_BUGREPORT "http://bugzilla.gnome.org/enter_bug.cgi?product=gtk%2B"
| #define PACKAGE_URL ""
| #define STDC_HEADERS 1
| #define HAVE_SYS_TYPES_H 1
| #define HAVE_SYS_STAT_H 1
| #define HAVE_STDLIB_H 1
| #define HAVE_STRING_H 1
| #define HAVE_MEMORY_H 1
| #define HAVE_STRINGS_H 1
| #define HAVE_INTTYPES_H 1
| #define HAVE_STDINT_H 1
| #define HAVE_UNISTD_H 1
| #define __EXTENSIONS__ 1
| #define _ALL_SOURCE 1
| #define _GNU_SOURCE 1
| #define _POSIX_PTHREAD_SEMANTICS 1
| #define _TANDEM_SOURCE 1
| #define ENABLE_NLS 1
| #define HAVE_GETTEXT 1
| #define HAVE_DCGETTEXT 1
| #define GETTEXT_PACKAGE "gtk30"
| #define HAVE_DLFCN_H 1
| #define LT_OBJDIR ".libs/"
| /* end confdefs.h.  */
| #include <sys/types.h>
|  /* Check that off_t can represent 2**63 - 1 correctly.
|     We can't simply define LARGE_OFF_T to be 9223372036854775807,
|     since some C++ compilers masquerading as C compilers
|     incorrectly reject 9223372036854775807.  */
| #define LARGE_OFF_T (((off_t) 1 << 62) - 1 + ((off_t) 1 << 62))
|   int off_t_is_large[(LARGE_OFF_T % 2147483629 == 721
| 		       && LARGE_OFF_T % 2147483647 == 1)
| 		      ? 1 : -1];
| int
| main ()
| {
| 
|   ;
|   return 0;
| }
configure:22322: arm-linux-gnueabihf-gcc -c -g -O2  conftest.c >&5
configure:22322: $? = 0
configure:22330: result: 64
configure:22425: checking dependency style of arm-linux-gnueabihf-gcc
configure:22534: result: gcc3
configure:22552: checking for arm-linux-gnueabihf-nm
configure:22582: result: /opt/gcc-linaro-5.5.0/bin/arm-linux-gnueabihf-nm -B
configure:22648: checking for some Win32 platform
configure:22658: result: no
configure:23052: checking for shm_open in -lrt
configure:23077: arm-linux-gnueabihf-gcc -o conftest -g -O2   conftest.c -lrt   >&5
configure:23077: $? = 0
configure:23086: result: yes
configure:23099: checking for posix_fallocate
configure:23099: arm-linux-gnueabihf-gcc -o conftest -g -O2   conftest.c  >&5
configure:23099: $? = 0
configure:23099: result: yes
configure:23099: checking for flockfile
configure:23099: arm-linux-gnueabihf-gcc -o conftest -g -O2   conftest.c  >&5
configure:23099: $? = 0
configure:23099: result: yes
configure:23099: checking for _lock_file
configure:23099: arm-linux-gnueabihf-gcc -o conftest -g -O2   conftest.c  >&5
/tmp/cck18mSV.o: In function `main':
/home/xsq/xsq_workspace/xsq_workspace/c_test/GTK_GITHUB/GTK-/gtk+-3.24.23/conftest.c:67: undefined reference to `_lock_file'
collect2: error: ld returned 1 exit status
configure:23099: $? = 1
configure: failed program was:
| /* confdefs.h */
| #define PACKAGE_NAME "gtk+"
| #define PACKAGE_TARNAME "gtk+"
| #define PACKAGE_VERSION "3.24.23"
| #define PACKAGE_STRING "gtk+ 3.24.23"
| #define PACKAGE_BUGREPORT "http://bugzilla.gnome.org/enter_bug.cgi?product=gtk%2B"
| #define PACKAGE_URL ""
| #define STDC_HEADERS 1
| #define HAVE_SYS_TYPES_H 1
| #define HAVE_SYS_STAT_H 1
| #define HAVE_STDLIB_H 1
| #define HAVE_STRING_H 1
| #define HAVE_MEMORY_H 1
| #define HAVE_STRINGS_H 1
| #define HAVE_INTTYPES_H 1
| #define HAVE_STDINT_H 1
| #define HAVE_UNISTD_H 1
| #define __EXTENSIONS__ 1
| #define _ALL_SOURCE 1
| #define _GNU_SOURCE 1
| #define _POSIX_PTHREAD_SEMANTICS 1
| #define _TANDEM_SOURCE 1
| #define ENABLE_NLS 1
| #define HAVE_GETTEXT 1
| #define HAVE_DCGETTEXT 1
| #define GETTEXT_PACKAGE "gtk30"
| #define HAVE_DLFCN_H 1
| #define LT_OBJDIR ".libs/"
| #define _FILE_OFFSET_BITS 64
| #define HAVE_POSIX_FALLOCATE 1
| #define HAVE_FLOCKFILE 1
| /* end confdefs.h.  */
| /* Define _lock_file to an innocuous variant, in case <limits.h> declares _lock_file.
|    For example, HP-UX 11i <limits.h> declares gettimeofday.  */
| #define _lock_file innocuous__lock_file
| 
| /* System header to define __stub macros and hopefully few prototypes,
|     which can conflict with char _lock_file (); below.
|     Prefer <limits.h> to <assert.h> if __STDC__ is defined, since
|     <limits.h> exists even on freestanding compilers.  */
| 
| #ifdef __STDC__
| # include <limits.h>
| #else
| # include <assert.h>
| #endif
| 
| #undef _lock_file
| 
| /* Override any GCC internal prototype to avoid an error.
|    Use char because int might match the return type of a GCC
|    builtin and then its argument prototype would still apply.  */
| #ifdef __cplusplus
| extern "C"
| #endif
| char _lock_file ();
| /* The GNU C library defines this for functions which it implements
|     to always fail with ENOSYS.  Some functions are actually named
|     something starting with __ and the normal name is an alias.  */
| #if defined __stub__lock_file || defined __stub____lock_file
| choke me
| #endif
| 
| int
| main ()
| {
| return _lock_file ();
|   ;
|   return 0;
| }
configure:23099: result: no
configure:23146: checking for arm-linux-gnueabihf-pkg-config
configure:23179: result: no
configure:23189: checking for pkg-config
configure:23207: found /usr/bin/pkg-config
configure:23219: result: /usr/bin/pkg-config
configure:23244: checking pkg-config is at least version 0.9.0
configure:23247: result: yes
configure:23260: checking for wayland-scanner
configure:23291: result: no
configure:23300: $PKG_CONFIG --exists --print-errors "$WAYLAND_DEPENDENCIES"
Package wayland-client was not found in the pkg-config search path.
Perhaps you should add the directory containing `wayland-client.pc'
to the PKG_CONFIG_PATH environment variable
No package 'wayland-client' found
Package wayland-protocols was not found in the pkg-config search path.
Perhaps you should add the directory containing `wayland-protocols.pc'
to the PKG_CONFIG_PATH environment variable
No package 'wayland-protocols' found
Package xkbcommon was not found in the pkg-config search path.
Perhaps you should add the directory containing `xkbcommon.pc'
to the PKG_CONFIG_PATH environment variable
No package 'xkbcommon' found
Package wayland-cursor was not found in the pkg-config search path.
Perhaps you should add the directory containing `wayland-cursor.pc'
to the PKG_CONFIG_PATH environment variable
No package 'wayland-cursor' found
Package wayland-egl was not found in the pkg-config search path.
Perhaps you should add the directory containing `wayland-egl.pc'
to the PKG_CONFIG_PATH environment variable
No package 'wayland-egl' found
configure:23303: $? = 1
configure:23309: checking for WAYLAND_DEPENDENCIES
configure:23316: result: no
configure:23417: checking whether build environment is sane
configure:23472: result: yes
configure:23551: checking for BASE_DEPENDENCIES
configure:23558: $PKG_CONFIG --exists --print-errors "glib-2.0 >= 2.57.2    atk >= 2.15.1    pango >= 1.41.0    fribidi >= 0.19.7    cairo >= 1.14.0    cairo-gobject >= 1.14.0    gdk-pixbuf-2.0 >= 2.30.0"
Requested 'glib-2.0 >= 2.57.2' but version of GLib is 2.56.4
Requested 'pango >= 1.41.0' but version of Pango is 1.40.14
Package fribidi was not found in the pkg-config search path.
Perhaps you should add the directory containing `fribidi.pc'
to the PKG_CONFIG_PATH environment variable
No package 'fribidi' found
configure:23561: $? = 1
configure:23575: $PKG_CONFIG --exists --print-errors "glib-2.0 >= 2.57.2    atk >= 2.15.1    pango >= 1.41.0    fribidi >= 0.19.7    cairo >= 1.14.0    cairo-gobject >= 1.14.0    gdk-pixbuf-2.0 >= 2.30.0"
Requested 'glib-2.0 >= 2.57.2' but version of GLib is 2.56.4
Requested 'pango >= 1.41.0' but version of Pango is 1.40.14
Package fribidi was not found in the pkg-config search path.
Perhaps you should add the directory containing `fribidi.pc'
to the PKG_CONFIG_PATH environment variable
No package 'fribidi' found
configure:23578: $? = 1
configure:23592: result: no
Requested 'glib-2.0 >= 2.57.2' but version of GLib is 2.56.4
Requested 'pango >= 1.41.0' but version of Pango is 1.40.14
No package 'fribidi' found
configure:23608: error: Package requirements (glib-2.0 >= 2.57.2    atk >= 2.15.1    pango >= 1.41.0    fribidi >= 0.19.7    cairo >= 1.14.0    cairo-gobject >= 1.14.0    gdk-pixbuf-2.0 >= 2.30.0) were not met:

Requested 'glib-2.0 >= 2.57.2' but version of GLib is 2.56.4
Requested 'pango >= 1.41.0' but version of Pango is 1.40.14
No package 'fribidi' found

Consider adjusting the PKG_CONFIG_PATH environment variable if you
installed software in a non-standard prefix.

Alternatively, you may set the environment variables BASE_DEPENDENCIES_CFLAGS
and BASE_DEPENDENCIES_LIBS to avoid the need to call pkg-config.
See the pkg-config man page for more details.

## ---------------- ##
## Cache variables. ##
## ---------------- ##

ac_cv_build=x86_64-pc-linux-gnu
ac_cv_build_prog_CPP='gcc -E'
ac_cv_build_prog_cc_g=yes
ac_cv_c_compiler_gnu=yes
ac_cv_cxx_compiler_gnu=yes
ac_cv_env_ATK_CFLAGS_set=
ac_cv_env_ATK_CFLAGS_value=
ac_cv_env_ATK_LIBS_set=
ac_cv_env_ATK_LIBS_value=
ac_cv_env_BASE_DEPENDENCIES_CFLAGS_set=
ac_cv_env_BASE_DEPENDENCIES_CFLAGS_value=
ac_cv_env_BASE_DEPENDENCIES_LIBS_set=
ac_cv_env_BASE_DEPENDENCIES_LIBS_value=
ac_cv_env_CAIRO_BACKEND_CFLAGS_set=
ac_cv_env_CAIRO_BACKEND_CFLAGS_value=
ac_cv_env_CAIRO_BACKEND_LIBS_set=
ac_cv_env_CAIRO_BACKEND_LIBS_value=
ac_cv_env_CAIRO_CFLAGS_set=
ac_cv_env_CAIRO_CFLAGS_value=
ac_cv_env_CAIRO_LIBS_set=
ac_cv_env_CAIRO_LIBS_value=
ac_cv_env_CCASFLAGS_set=
ac_cv_env_CCASFLAGS_value=
ac_cv_env_CCAS_set=
ac_cv_env_CCAS_value=
ac_cv_env_CCC_set=
ac_cv_env_CCC_value=
ac_cv_env_CC_set=
ac_cv_env_CC_value=
ac_cv_env_CFLAGS_set=
ac_cv_env_CFLAGS_value=
ac_cv_env_COLORD_CFLAGS_set=
ac_cv_env_COLORD_CFLAGS_value=
ac_cv_env_COLORD_LIBS_set=
ac_cv_env_COLORD_LIBS_value=
ac_cv_env_CPPFLAGS_set=
ac_cv_env_CPPFLAGS_value=
ac_cv_env_CPP_set=
ac_cv_env_CPP_value=
ac_cv_env_CXXCPP_set=
ac_cv_env_CXXCPP_value=
ac_cv_env_CXXFLAGS_set=
ac_cv_env_CXXFLAGS_value=
ac_cv_env_CXX_set=
ac_cv_env_CXX_value=
ac_cv_env_GDK_DEP_CFLAGS_set=
ac_cv_env_GDK_DEP_CFLAGS_value=
ac_cv_env_GDK_DEP_LIBS_set=
ac_cv_env_GDK_DEP_LIBS_value=
ac_cv_env_GLIB_CFLAGS_set=
ac_cv_env_GLIB_CFLAGS_value=
ac_cv_env_GLIB_COMPILE_RESOURCES_set=
ac_cv_env_GLIB_COMPILE_RESOURCES_value=
ac_cv_env_GLIB_COMPILE_SCHEMAS_set=
ac_cv_env_GLIB_COMPILE_SCHEMAS_value=
ac_cv_env_GLIB_GENMARSHAL_set=
ac_cv_env_GLIB_GENMARSHAL_value=
ac_cv_env_GLIB_LIBS_set=
ac_cv_env_GLIB_LIBS_value=
ac_cv_env_GLIB_MKENUMS_set=
ac_cv_env_GLIB_MKENUMS_value=
ac_cv_env_GMODULE_CFLAGS_set=
ac_cv_env_GMODULE_CFLAGS_value=
ac_cv_env_GMODULE_LIBS_set=
ac_cv_env_GMODULE_LIBS_value=
ac_cv_env_GOBJECT_QUERY_set=
ac_cv_env_GOBJECT_QUERY_value=
ac_cv_env_GTKDOC_DEPS_CFLAGS_set=
ac_cv_env_GTKDOC_DEPS_CFLAGS_value=
ac_cv_env_GTKDOC_DEPS_LIBS_set=
ac_cv_env_GTKDOC_DEPS_LIBS_value=
ac_cv_env_GTK_DEP_CFLAGS_set=
ac_cv_env_GTK_DEP_CFLAGS_value=
ac_cv_env_GTK_DEP_LIBS_set=
ac_cv_env_GTK_DEP_LIBS_value=
ac_cv_env_GTK_FONT_CHOOSER_WIDGET_CFLAGS_set=
ac_cv_env_GTK_FONT_CHOOSER_WIDGET_CFLAGS_value=
ac_cv_env_GTK_FONT_CHOOSER_WIDGET_LIBS_set=
ac_cv_env_GTK_FONT_CHOOSER_WIDGET_LIBS_value=
ac_cv_env_JSON_GLIB_CFLAGS_set=
ac_cv_env_JSON_GLIB_CFLAGS_value=
ac_cv_env_JSON_GLIB_LIBS_set=
ac_cv_env_JSON_GLIB_LIBS_value=
ac_cv_env_LDFLAGS_set=
ac_cv_env_LDFLAGS_value=
ac_cv_env_LIBS_set=
ac_cv_env_LIBS_value=
ac_cv_env_LT_SYS_LIBRARY_PATH_set=
ac_cv_env_LT_SYS_LIBRARY_PATH_value=
ac_cv_env_PKG_CONFIG_FOR_BUILD_set=
ac_cv_env_PKG_CONFIG_FOR_BUILD_value=
ac_cv_env_PKG_CONFIG_LIBDIR_set=
ac_cv_env_PKG_CONFIG_LIBDIR_value=
ac_cv_env_PKG_CONFIG_PATH_set=
ac_cv_env_PKG_CONFIG_PATH_value=
ac_cv_env_PKG_CONFIG_set=
ac_cv_env_PKG_CONFIG_value=
ac_cv_env_REST_CFLAGS_set=
ac_cv_env_REST_CFLAGS_value=
ac_cv_env_REST_LIBS_set=
ac_cv_env_REST_LIBS_value=
ac_cv_env_SASSC_set=
ac_cv_env_SASSC_value=
ac_cv_env_TRACKER3_CFLAGS_set=
ac_cv_env_TRACKER3_CFLAGS_value=
ac_cv_env_TRACKER3_LIBS_set=
ac_cv_env_TRACKER3_LIBS_value=
ac_cv_env_XMKMF_set=
ac_cv_env_XMKMF_value=
ac_cv_env_build_alias_set=
ac_cv_env_build_alias_value=
ac_cv_env_host_alias_set=set
ac_cv_env_host_alias_value=arm-linux-gnueabihf
ac_cv_env_target_alias_set=
ac_cv_env_target_alias_value=
ac_cv_func__lock_file=no
ac_cv_func_flockfile=yes
ac_cv_func_posix_fallocate=yes
ac_cv_header_dlfcn_h=yes
ac_cv_header_inttypes_h=yes
ac_cv_header_memory_h=yes
ac_cv_header_minix_config_h=no
ac_cv_header_stdc=yes
ac_cv_header_stdint_h=yes
ac_cv_header_stdlib_h=yes
ac_cv_header_string_h=yes
ac_cv_header_strings_h=yes
ac_cv_header_sys_stat_h=yes
ac_cv_header_sys_types_h=yes
ac_cv_header_unistd_h=yes
ac_cv_host=arm-unknown-linux-gnueabihf
ac_cv_lib_rt_shm_open=yes
ac_cv_objext=o
ac_cv_path_EGREP='/bin/grep -E'
ac_cv_path_FGREP='/bin/grep -F'
ac_cv_path_GMSGFMT=/usr/bin/msgfmt
ac_cv_path_GREP=/bin/grep
ac_cv_path_MSGFMT=/usr/bin/msgfmt
ac_cv_path_MSGMERGE=/usr/bin/msgmerge
ac_cv_path_NM='/opt/gcc-linaro-5.5.0/bin/arm-linux-gnueabihf-nm -B'
ac_cv_path_SED=/bin/sed
ac_cv_path_WAYLAND_SCANNER=no
ac_cv_path_XGETTEXT=/usr/bin/xgettext
ac_cv_path_ac_pt_PKG_CONFIG=/usr/bin/pkg-config
ac_cv_path_install='/usr/bin/install -c'
ac_cv_path_lt_DD=/bin/dd
ac_cv_path_mkdir=/bin/mkdir
ac_cv_prog_AR=arm-linux-gnueabihf-ar
ac_cv_prog_AWK=gawk
ac_cv_prog_CC=arm-linux-gnueabihf-gcc
ac_cv_prog_CPP='arm-linux-gnueabihf-gcc -E'
ac_cv_prog_CXX=arm-linux-gnueabihf-c++
ac_cv_prog_CXXCPP='arm-linux-gnueabihf-c++ -E'
ac_cv_prog_OBJDUMP=arm-linux-gnueabihf-objdump
ac_cv_prog_RANLIB=arm-linux-gnueabihf-ranlib
ac_cv_prog_STRIP=arm-linux-gnueabihf-strip
ac_cv_prog_ac_ct_CC_FOR_BUILD=gcc
ac_cv_prog_ac_ct_MANIFEST_TOOL=mt
ac_cv_prog_cc_arm_linux_gnueabihf_gcc_c_o=yes
ac_cv_prog_cc_c89=
ac_cv_prog_cc_g=yes
ac_cv_prog_cxx_g=yes
ac_cv_prog_make_make_set=yes
ac_cv_safe_to_define___extensions__=yes
ac_cv_sys_file_offset_bits=64
ac_cv_sys_largefile_CC=no
acl_cv_hardcode_direct=no
acl_cv_hardcode_libdir_flag_spec='${wl}-rpath ${wl}$libdir'
acl_cv_hardcode_libdir_separator=
acl_cv_hardcode_minus_L=no
acl_cv_libext=a
acl_cv_libname_spec='lib$name'
acl_cv_library_names_spec='$libname$shrext'
acl_cv_path_LD=/opt/gcc-linaro-5.5.0/arm-linux-gnueabihf/bin/ld
acl_cv_prog_gnu_ld=yes
acl_cv_rpath=done
acl_cv_shlibext=so
acl_cv_wl=-Wl,
am_cv_CCAS_dependencies_compiler_type=gcc3
am_cv_CC_dependencies_compiler_type=gcc3
am_cv_CXX_dependencies_compiler_type=gcc3
am_cv_make_support_nested_variables=yes
am_cv_prog_cc_c_o=yes
am_cv_prog_tar_ustar=gnutar
gt_cv_func_CFLocaleCopyCurrent=no
gt_cv_func_CFPreferencesCopyAppValue=no
gt_cv_func_gnugettext1_libc=yes
lt_cv_ar_at_file=@
lt_cv_archive_cmds_need_lc=no
lt_cv_deplibs_check_method=pass_all
lt_cv_file_magic_cmd='$MAGIC_CMD'
lt_cv_file_magic_test_file=
lt_cv_ld_reload_flag=-r
lt_cv_nm_interface='BSD nm'
lt_cv_objdir=.libs
lt_cv_path_LD=/opt/gcc-linaro-5.5.0/arm-linux-gnueabihf/bin/ld
lt_cv_path_LDCXX=/opt/gcc-linaro-5.5.0/arm-linux-gnueabihf/bin/ld
lt_cv_path_NM='/opt/gcc-linaro-5.5.0/bin/arm-linux-gnueabihf-nm -B'
lt_cv_path_mainfest_tool=no
lt_cv_prog_compiler_c_o=yes
lt_cv_prog_compiler_c_o_CXX=yes
lt_cv_prog_compiler_pic='-fPIC -DPIC'
lt_cv_prog_compiler_pic_CXX='-fPIC -DPIC'
lt_cv_prog_compiler_pic_works=yes
lt_cv_prog_compiler_pic_works_CXX=yes
lt_cv_prog_compiler_rtti_exceptions=no
lt_cv_prog_compiler_static_works=yes
lt_cv_prog_compiler_static_works_CXX=yes
lt_cv_prog_gnu_ld=yes
lt_cv_prog_gnu_ldcxx=yes
lt_cv_sharedlib_from_linklib_cmd='printf %s\n'
lt_cv_shlibpath_overrides_runpath=no
lt_cv_sys_global_symbol_pipe='sed -n -e '\''s/^.*[	 ]\([ABCDGIRSTW][ABCDGIRSTW]*\)[	 ][	 ]*\([_A-Za-z][_A-Za-z0-9]*\)$/\1 \2 \2/p'\'' | sed '\''/ __gnu_lto/d'\'''
lt_cv_sys_global_symbol_to_c_name_address='sed -n -e '\''s/^: \(.*\) .*$/  {"\1", (void *) 0},/p'\'' -e '\''s/^[ABCDGIRSTW][ABCDGIRSTW]* .* \(.*\)$/  {"\1", (void *) \&\1},/p'\'''
lt_cv_sys_global_symbol_to_c_name_address_lib_prefix='sed -n -e '\''s/^: \(.*\) .*$/  {"\1", (void *) 0},/p'\'' -e '\''s/^[ABCDGIRSTW][ABCDGIRSTW]* .* \(lib.*\)$/  {"\1", (void *) \&\1},/p'\'' -e '\''s/^[ABCDGIRSTW][ABCDGIRSTW]* .* \(.*\)$/  {"lib\1", (void *) \&\1},/p'\'''
lt_cv_sys_global_symbol_to_cdecl='sed -n -e '\''s/^T .* \(.*\)$/extern int \1();/p'\'' -e '\''s/^[ABCDGIRSTW][ABCDGIRSTW]* .* \(.*\)$/extern char \1;/p'\'''
lt_cv_sys_global_symbol_to_import=
lt_cv_sys_max_cmd_len=1572864
lt_cv_to_host_file_cmd=func_convert_file_noop
lt_cv_to_tool_file_cmd=func_convert_file_noop
lt_cv_truncate_bin='/bin/dd bs=4096 count=1'

## ----------------- ##
## Output variables. ##
## ----------------- ##

ACLOCAL='${SHELL} /home/xsq/xsq_workspace/xsq_workspace/c_test/GTK_GITHUB/GTK-/gtk+-3.24.23/build-aux/missing aclocal-1.16'
AMDEPBACKSLASH='\'
AMDEP_FALSE='#'
AMDEP_TRUE=''
AMTAR='$${TAR-tar}'
AM_BACKSLASH='\'
AM_DEFAULT_V='$(AM_DEFAULT_VERBOSITY)'
AM_DEFAULT_VERBOSITY='0'
AM_V='$(V)'
AR='arm-linux-gnueabihf-ar'
AS='as'
ATK_CFLAGS=''
ATK_LIBS=''
ATK_PREFIX=''
ATK_REQUIRED_VERSION='2.15.1'
AUTOCONF='${SHELL} /home/xsq/xsq_workspace/xsq_workspace/c_test/GTK_GITHUB/GTK-/gtk+-3.24.23/build-aux/missing autoconf'
AUTOHEADER='${SHELL} /home/xsq/xsq_workspace/xsq_workspace/c_test/GTK_GITHUB/GTK-/gtk+-3.24.23/build-aux/missing autoheader'
AUTOMAKE='${SHELL} /home/xsq/xsq_workspace/xsq_workspace/c_test/GTK_GITHUB/GTK-/gtk+-3.24.23/build-aux/missing automake-1.16'
AWK='gawk'
BASE_DEPENDENCIES_CFLAGS=''
BASE_DEPENDENCIES_LIBS=''
BUILDOPT_INSTALL_TESTS_FALSE=''
BUILDOPT_INSTALL_TESTS_TRUE='#'
BUILD_DYNAMIC_MODULES_FALSE=''
BUILD_DYNAMIC_MODULES_TRUE=''
BUILD_EXEEXT=''
BUILD_FONT_DEMO_FALSE=''
BUILD_FONT_DEMO_TRUE=''
BUILD_OBJEXT=''
CAIRO_BACKEND_CFLAGS=''
CAIRO_BACKEND_LIBS=''
CAIRO_CFLAGS=''
CAIRO_LIBS=''
CAIRO_PREFIX=''
CAIRO_REQUIRED_VERSION='1.14.0'
CC='arm-linux-gnueabihf-gcc'
CCAS='arm-linux-gnueabihf-gcc'
CCASDEPMODE='depmode=gcc3'
CCASFLAGS='-g -O2'
CCDEPMODE='depmode=gcc3'
CC_FOR_BUILD='gcc'
CFLAGS='-g -O2 -Wall'
CFLAGS_FOR_BUILD='-g -O2'
COLORD_CFLAGS=''
COLORD_LIBS=''
CPP='arm-linux-gnueabihf-gcc -E'
CPPFLAGS=''
CPPFLAGS_FOR_BUILD=''
CPP_FOR_BUILD='gcc -E'
CROSS_COMPILING_FALSE=''
CROSS_COMPILING_TRUE=''
CUPS_API_MAJOR=''
CUPS_API_MINOR=''
CUPS_CFLAGS=''
CUPS_CONFIG=''
CUPS_LIBS=''
CXX='arm-linux-gnueabihf-c++'
CXXCPP='arm-linux-gnueabihf-c++ -E'
CXXDEPMODE='depmode=gcc3'
CXXFLAGS='-g -O2'
CYGPATH_W='echo'
DEFS=''
DEPDIR='.deps'
DISABLE_EXPLICIT_DEPS_FALSE=''
DISABLE_EXPLICIT_DEPS_TRUE=''
DISABLE_ON_QUARTZ=''
DISABLE_ON_W32=''
DLLTOOL='false'
DSYMUTIL=''
DUMPBIN=''
ECHO_C=''
ECHO_N='-n'
ECHO_T=''
EGREP='/bin/grep -E'
ENABLE_DOC_CROSS_REFERENCES_FALSE=''
ENABLE_DOC_CROSS_REFERENCES_TRUE=''
ENABLE_GTK_DOC_FALSE=''
ENABLE_GTK_DOC_TRUE=''
ENABLE_MAN_FALSE=''
ENABLE_MAN_TRUE=''
ENABLE_ON_X11=''
EXEEXT=''
EXE_MANIFEST_ARCHITECTURE='X86'
FGREP='/bin/grep -F'
GAIL_LT_CURRENT_MINUS_AGE='0'
GAIL_LT_VERSION_INFO='0:0:0'
GDK_BACKENDS='x11'
GDK_DEP_CFLAGS=''
GDK_DEP_LIBS=''
GDK_EXTRA_CFLAGS=''
GDK_EXTRA_LIBS=''
GDK_HIDDEN_VISIBILITY_CFLAGS=''
GDK_PACKAGES=''
GDK_PIXBUF_LIBS=''
GDK_PIXBUF_REQUIRED_VERSION='2.30.0'
GDK_PRIVATE_PACKAGES=''
GETTEXT_MACRO_VERSION='0.19'
GETTEXT_PACKAGE='gtk30'
GLIB_CFLAGS=''
GLIB_CFLAGS_FOR_BUILD=''
GLIB_COMPILE_RESOURCES=''
GLIB_COMPILE_SCHEMAS=''
GLIB_GENMARSHAL=''
GLIB_LIBS=''
GLIB_LIBS_FOR_BUILD=''
GLIB_MKENUMS=''
GLIB_PREFIX=''
GLIB_REQUIRED_VERSION='2.57.2'
GMODULE_CFLAGS=''
GMODULE_LIBS=''
GMSGFMT='/usr/bin/msgfmt'
GMSGFMT_015='/usr/bin/msgfmt'
GOBJECT_QUERY=''
GREP='/bin/grep'
GSETTINGS_DISABLE_SCHEMAS_COMPILE=''
GSETTINGS_RULES=''
GTKDOC_CHECK=''
GTKDOC_CHECK_PATH=''
GTKDOC_DEPS_CFLAGS=''
GTKDOC_DEPS_LIBS=''
GTKDOC_MKPDF=''
GTKDOC_REBASE=''
GTK_API_VERSION='3.0'
GTK_BINARY_AGE='2423'
GTK_BINARY_VERSION='3.0.0'
GTK_DEBUG_FLAGS='-DG_ENABLE_DEBUG -DG_DISABLE_CAST_CHECKS -DGLIB_MIN_REQUIRED_VERSION=GLIB_VERSION_2_56 -DGLIB_MAX_ALLOWED_VERSION=GLIB_VERSION_2_58'
GTK_DEP_CFLAGS=''
GTK_DEP_LIBS=''
GTK_DOC_BUILD_HTML_FALSE=''
GTK_DOC_BUILD_HTML_TRUE=''
GTK_DOC_BUILD_PDF_FALSE=''
GTK_DOC_BUILD_PDF_TRUE=''
GTK_DOC_USE_LIBTOOL_FALSE=''
GTK_DOC_USE_LIBTOOL_TRUE=''
GTK_DOC_USE_REBASE_FALSE=''
GTK_DOC_USE_REBASE_TRUE=''
GTK_EXTRA_CFLAGS=''
GTK_EXTRA_LIBS=''
GTK_FONT_CHOOSER_WIDGET_CFLAGS=''
GTK_FONT_CHOOSER_WIDGET_LIBS=''
GTK_INTERFACE_AGE='19'
GTK_LINK_FLAGS=''
GTK_MAJOR_VERSION='3'
GTK_MICRO_VERSION='23'
GTK_MINOR_VERSION='24'
GTK_PACKAGES=''
GTK_PRINT_BACKENDS=''
GTK_PRIVATE_PACKAGES=''
GTK_VERSION='3.24.23'
GTK_XIM_FLAGS=''
HAVE_CLOUDPRINT_FALSE=''
HAVE_CLOUDPRINT_TRUE=''
HAVE_COLORD_FALSE=''
HAVE_COLORD_TRUE=''
HAVE_CUPS_FALSE=''
HAVE_CUPS_TRUE=''
HAVE_CXX_FALSE='#'
HAVE_CXX_TRUE=''
HAVE_GTK_DOC_FALSE=''
HAVE_GTK_DOC_TRUE=''
HAVE_INCLUDED_IMMMODULES_FALSE=''
HAVE_INCLUDED_IMMMODULES_TRUE=''
HAVE_INTROSPECTION_FALSE=''
HAVE_INTROSPECTION_TRUE=''
HAVE_OBJC_FALSE=''
HAVE_OBJC_TRUE='#'
HAVE_PAPI_FALSE=''
HAVE_PAPI_TRUE=''
HAVE_TRACKER3_FALSE=''
HAVE_TRACKER3_TRUE=''
HTML_DIR=''
INCLUDED_IMMODULE_DEFINE=''
INCLUDED_IMMODULE_OBJ=''
INCLUDE_IM_AM_ET_FALSE=''
INCLUDE_IM_AM_ET_TRUE=''
INCLUDE_IM_BROADWAY_FALSE=''
INCLUDE_IM_BROADWAY_TRUE=''
INCLUDE_IM_CEDILLA_FALSE=''
INCLUDE_IM_CEDILLA_TRUE=''
INCLUDE_IM_CYRILLIC_TRANSLIT_FALSE=''
INCLUDE_IM_CYRILLIC_TRANSLIT_TRUE=''
INCLUDE_IM_IME_FALSE=''
INCLUDE_IM_IME_TRUE=''
INCLUDE_IM_INUKTITUT_FALSE=''
INCLUDE_IM_INUKTITUT_TRUE=''
INCLUDE_IM_IPA_FALSE=''
INCLUDE_IM_IPA_TRUE=''
INCLUDE_IM_MULTIPRESS_FALSE=''
INCLUDE_IM_MULTIPRESS_TRUE=''
INCLUDE_IM_QUARTZ_FALSE=''
INCLUDE_IM_QUARTZ_TRUE=''
INCLUDE_IM_THAI_FALSE=''
INCLUDE_IM_THAI_TRUE=''
INCLUDE_IM_TI_ER_FALSE=''
INCLUDE_IM_TI_ER_TRUE=''
INCLUDE_IM_TI_ET_FALSE=''
INCLUDE_IM_TI_ET_TRUE=''
INCLUDE_IM_VIQR_FALSE=''
INCLUDE_IM_VIQR_TRUE=''
INCLUDE_IM_WAYLAND_FALSE=''
INCLUDE_IM_WAYLAND_TRUE=''
INCLUDE_IM_XIM_FALSE=''
INCLUDE_IM_XIM_TRUE=''
INSTALL_DATA='${INSTALL} -m 644'
INSTALL_PROGRAM='${INSTALL}'
INSTALL_SCRIPT='${INSTALL}'
INSTALL_STRIP_PROGRAM='$(install_sh) -c -s'
INTLLIBS=''
INTL_MACOSX_LIBS=''
INTROSPECTION_CFLAGS=''
INTROSPECTION_COMPILER=''
INTROSPECTION_GENERATE=''
INTROSPECTION_GIRDIR=''
INTROSPECTION_LIBS=''
INTROSPECTION_MAKEFILE=''
INTROSPECTION_REQUIRED_VERSION='1.39.0'
INTROSPECTION_SCANNER=''
INTROSPECTION_TYPELIBDIR=''
ISO_CODES_PREFIX=''
JSON_GLIB_CFLAGS=''
JSON_GLIB_LIBS=''
LD='/opt/gcc-linaro-5.5.0/arm-linux-gnueabihf/bin/ld'
LDFLAGS=''
LDFLAGS_FOR_BUILD=''
LIBICONV='-liconv'
LIBINTL=''
LIBOBJS=''
LIBS=''
LIBTOOL='$(SHELL) $(top_builddir)/libtool'
LIB_EXE_MACHINE_FLAG='X86'
LIPO=''
LN_S='ln -s'
LTLIBICONV='-liconv'
LTLIBINTL=''
LTLIBOBJS=''
LT_CURRENT_MINUS_AGE='0'
LT_SYS_LIBRARY_PATH=''
LT_VERSION_INFO='2404:19:2404'
MAINT=''
MAINTAINER_MODE_FALSE='#'
MAINTAINER_MODE_TRUE=''
MAKEINFO='${SHELL} /home/xsq/xsq_workspace/xsq_workspace/c_test/GTK_GITHUB/GTK-/gtk+-3.24.23/build-aux/missing makeinfo'
MANIFEST_TOOL=':'
MATH_LIB='-lm'
MKDIR_P='/bin/mkdir -p'
MSGFMT='/usr/bin/msgfmt'
MSGFMT_015='/usr/bin/msgfmt'
MSGMERGE='/usr/bin/msgmerge'
MSVC_BASE_NO_TOOLSET_SET_FALSE=''
MSVC_BASE_NO_TOOLSET_SET_TRUE=''
MSVC_NO_TOOLSET_SET_FALSE=''
MSVC_NO_TOOLSET_SET_TRUE=''
MS_LIB_AVAILABLE_FALSE=''
MS_LIB_AVAILABLE_TRUE='#'
NM='/opt/gcc-linaro-5.5.0/bin/arm-linux-gnueabihf-nm -B'
NMEDIT=''
OBJDUMP='arm-linux-gnueabihf-objdump'
OBJEXT='o'
OS_DARWIN_FALSE=''
OS_DARWIN_TRUE='#'
OS_LINUX_FALSE='#'
OS_LINUX_TRUE=''
OS_UNIX_FALSE='#'
OS_UNIX_TRUE=''
OS_WIN32_FALSE=''
OS_WIN32_TRUE='#'
OTOOL64=''
OTOOL=''
PACKAGE='gtk+'
PACKAGE_BUGREPORT='http://bugzilla.gnome.org/enter_bug.cgi?product=gtk%2B'
PACKAGE_NAME='gtk+'
PACKAGE_STRING='gtk+ 3.24.23'
PACKAGE_TARNAME='gtk+'
PACKAGE_URL=''
PACKAGE_VERSION='3.24.23'
PANGO_PREFIX=''
PANGO_REQUIRED_VERSION='1.41.0'
PATH_SEPARATOR=':'
PERL=''
PKG_CONFIG='/usr/bin/pkg-config'
PKG_CONFIG_FOR_BUILD=''
PKG_CONFIG_LIBDIR=''
PKG_CONFIG_PATH=''
PLATFORM_WIN32_FALSE=''
PLATFORM_WIN32_TRUE='#'
POSUB='po'
RANLIB='arm-linux-gnueabihf-ranlib'
REBUILD_SCSS_FALSE=''
REBUILD_SCSS_TRUE=''
REST_CFLAGS=''
REST_LIBS=''
SASSC=''
SED='/bin/sed'
SET_MAKE=''
SHELL='/bin/sh'
SHM_LIBS='-lrt'
STRIP='arm-linux-gnueabihf-strip'
TEST_PRINT_BACKEND_FALSE=''
TEST_PRINT_BACKEND_TRUE=''
TRACKER3_CFLAGS=''
TRACKER3_LIBS=''
USE_BROADWAY_FALSE=''
USE_BROADWAY_TRUE='#'
USE_NLS='yes'
USE_QUARTZ_FALSE=''
USE_QUARTZ_TRUE='#'
USE_WAYLAND_FALSE=''
USE_WAYLAND_TRUE='#'
USE_WIN32_FALSE=''
USE_WIN32_TRUE='#'
USE_X11_FALSE=''
USE_X11_TRUE=''
VERSION='3.24.23'
WAYLAND_PROTOCOLS_DATADIR=''
WAYLAND_SCANNER='no'
WIN32_GLES_FALSE=''
WIN32_GLES_TRUE=''
WINDRES=''
X11_PREFIX=''
XGETTEXT='/usr/bin/xgettext'
XGETTEXT_015='/usr/bin/xgettext'
XGETTEXT_EXTRA_OPTIONS=''
XMKMF=''
XMLCATALOG=''
XML_CATALOG_FILE=''
XSLTPROC=''
X_CFLAGS=''
X_EXTRA_LIBS=''
X_LIBS=''
X_PRE_LIBS=''
_GI_EXP_DATADIR=''
_GI_EXP_LIBDIR=''
ac_ct_AR=''
ac_ct_CC=''
ac_ct_CC_FOR_BUILD='gcc'
ac_ct_CXX=''
ac_ct_DUMPBIN=''
am__EXEEXT_FALSE=''
am__EXEEXT_TRUE=''
am__fastdepCCAS_FALSE='#'
am__fastdepCCAS_TRUE=''
am__fastdepCC_FALSE='#'
am__fastdepCC_TRUE=''
am__fastdepCXX_FALSE='#'
am__fastdepCXX_TRUE=''
am__include='include'
am__isrc=''
am__leading_dot='.'
am__nodep='_no'
am__quote=''
am__tar='tar --format=ustar -chf - "$$tardir"'
am__untar='tar -xf -'
bindir='${exec_prefix}/bin'
build='x86_64-pc-linux-gnu'
build_alias=''
build_cpu='x86_64'
build_os='linux-gnu'
build_vendor='pc'
datadir='${datarootdir}'
datarootdir='${prefix}/share'
docdir='${datarootdir}/doc/${PACKAGE_TARNAME}'
dvidir='${docdir}'
exec_prefix='NONE'
gsettingsschemadir=''
host='arm-unknown-linux-gnueabihf'
host_alias='arm-linux-gnueabihf'
host_cpu='arm'
host_os='linux-gnueabihf'
host_vendor='unknown'
htmldir='${docdir}'
includedir='${prefix}/include'
infodir='${datarootdir}/info'
install_sh='${SHELL} /home/xsq/xsq_workspace/xsq_workspace/c_test/GTK_GITHUB/GTK-/gtk+-3.24.23/build-aux/install-sh'
libdir='${exec_prefix}/lib'
libexecdir='${exec_prefix}/libexec'
localedir='${datarootdir}/locale'
localstatedir='${prefix}/var'
mandir='${datarootdir}/man'
mkdir_p='$(MKDIR_P)'
ms_librarian=''
oldincludedir='/usr/include'
pdfdir='${docdir}'
prefix='/workspace_disk2/xsq_workspace/c_test/GTK_GITHUB/GTK-/libgtk'
program_transform_name='s,x,x,'
psdir='${docdir}'
sbindir='${exec_prefix}/sbin'
sharedstatedir='${prefix}/com'
sysconfdir='${prefix}/etc'
target_alias=''

## ----------- ##
## confdefs.h. ##
## ----------- ##

/* confdefs.h */
#define PACKAGE_NAME "gtk+"
#define PACKAGE_TARNAME "gtk+"
#define PACKAGE_VERSION "3.24.23"
#define PACKAGE_STRING "gtk+ 3.24.23"
#define PACKAGE_BUGREPORT "http://bugzilla.gnome.org/enter_bug.cgi?product=gtk%2B"
#define PACKAGE_URL ""
#define STDC_HEADERS 1
#define HAVE_SYS_TYPES_H 1
#define HAVE_SYS_STAT_H 1
#define HAVE_STDLIB_H 1
#define HAVE_STRING_H 1
#define HAVE_MEMORY_H 1
#define HAVE_STRINGS_H 1
#define HAVE_INTTYPES_H 1
#define HAVE_STDINT_H 1
#define HAVE_UNISTD_H 1
#define __EXTENSIONS__ 1
#define _ALL_SOURCE 1
#define _GNU_SOURCE 1
#define _POSIX_PTHREAD_SEMANTICS 1
#define _TANDEM_SOURCE 1
#define ENABLE_NLS 1
#define HAVE_GETTEXT 1
#define HAVE_DCGETTEXT 1
#define GETTEXT_PACKAGE "gtk30"
#define HAVE_DLFCN_H 1
#define LT_OBJDIR ".libs/"
#define _FILE_OFFSET_BITS 64
#define HAVE_POSIX_FALLOCATE 1
#define HAVE_FLOCKFILE 1

configure: exit 1
